;  LST file generated by mikroListExporter - v.2.0 
; Date/Time: 8/13/2014 3:14:46 PM
;----------------------------------------------

;Address Opcode 	ASM
0x0000	0x2BE2      	GOTO       994
_I2C1_Is_Idle:
;__Lib_I2C_c34.c,11 :: 		
;__Lib_I2C_c34.c,12 :: 		
0x0003	0x1683      	BSF        STATUS, 5
0x0004	0x1303      	BCF        STATUS, 6
0x0005	0x1914      	BTFSC      SSPSTAT, 2
0x0006	0x2811      	GOTO       L_I2C1_Is_Idle0
;__Lib_I2C_c34.c,13 :: 		
0x0007	0x301F      	MOVLW      31
0x0008	0x0511      	ANDWF      SSPCON2, 0
0x0009	0x00F1      	MOVWF      R1
0x000A	0x0871      	MOVF       R1, 0
0x000B	0x3A00      	XORLW      0
0x000C	0x1D03      	BTFSS      STATUS, 2
0x000D	0x2811      	GOTO       L_I2C1_Is_Idle1
;__Lib_I2C_c34.c,14 :: 		
0x000E	0x3001      	MOVLW      1
0x000F	0x00F0      	MOVWF      R0
0x0010	0x0008      	RETURN
L_I2C1_Is_Idle1:
L_I2C1_Is_Idle0:
;__Lib_I2C_c34.c,15 :: 		
0x0011	0x01F0      	CLRF       R0
;__Lib_I2C_c34.c,16 :: 		
0x0012	0x0008      	RETURN
; end of _I2C1_Is_Idle
_Delay_1us:
;__Lib_Delays.c,7 :: 		void Delay_1us() {
;__Lib_Delays.c,8 :: 		Delay_us(1);
0x0013	0x0000      	NOP
0x0014	0x0000      	NOP
;__Lib_Delays.c,9 :: 		}
0x0015	0x0008      	RETURN
; end of _Delay_1us
_Delay_22us:
;__Lib_Delays.c,15 :: 		void Delay_22us() {
;__Lib_Delays.c,16 :: 		Delay_us(22);
0x0016	0x300E      	MOVLW      14
0x0017	0x1283      	BCF        STATUS, 5
0x0018	0x1303      	BCF        STATUS, 6
0x0019	0x00FD      	MOVWF      R13
L_Delay_22us1:
0x001A	0x0BFD      	DECFSZ     R13, 1
0x001B	0x281A      	GOTO       L_Delay_22us1
0x001C	0x0000      	NOP
;__Lib_Delays.c,17 :: 		}
0x001D	0x0008      	RETURN
; end of _Delay_22us
_I2C1_Wr:
;__Lib_I2C_c34.c,66 :: 		
;__Lib_I2C_c34.c,68 :: 		
0x001E	0x1283      	BCF        STATUS, 5
0x001F	0x1303      	BCF        STATUS, 6
0x0020	0x118C      	BCF        PIR1, 3
;__Lib_I2C_c34.c,69 :: 		
0x0021	0x083D      	MOVF       FARG_I2C1_Wr_data_, 0
0x0022	0x0093      	MOVWF      SSPBUF
;__Lib_I2C_c34.c,71 :: 		
L_I2C1_Wr18:
0x0023	0x1683      	BSF        STATUS, 5
0x0024	0x1D14      	BTFSS      SSPSTAT, 2
0x0025	0x2827      	GOTO       L_I2C1_Wr19
;__Lib_I2C_c34.c,72 :: 		
0x0026	0x2823      	GOTO       L_I2C1_Wr18
L_I2C1_Wr19:
;__Lib_I2C_c34.c,74 :: 		
L_I2C1_Wr20:
0x0027	0x1283      	BCF        STATUS, 5
0x0028	0x198C      	BTFSC      PIR1, 3
0x0029	0x282B      	GOTO       L_I2C1_Wr21
;__Lib_I2C_c34.c,75 :: 		
0x002A	0x2827      	GOTO       L_I2C1_Wr20
L_I2C1_Wr21:
;__Lib_I2C_c34.c,77 :: 		
0x002B	0x1683      	BSF        STATUS, 5
0x002C	0x1B11      	BTFSC      SSPCON2, 6
0x002D	0x2830      	GOTO       L_I2C1_Wr22
;__Lib_I2C_c34.c,78 :: 		
0x002E	0x01F0      	CLRF       R0
0x002F	0x0008      	RETURN
;__Lib_I2C_c34.c,79 :: 		
L_I2C1_Wr22:
;__Lib_I2C_c34.c,81 :: 		
0x0030	0x1511      	BSF        SSPCON2, 2
;__Lib_I2C_c34.c,82 :: 		
0x0031	0x3002      	MOVLW      2
0x0032	0x00F0      	MOVWF      R0
;__Lib_I2C_c34.c,84 :: 		
0x0033	0x0008      	RETURN
; end of _I2C1_Wr
_Soft_SPI_Write:
;__Lib_SoftSPI.c,21 :: 		
;__Lib_SoftSPI.c,22 :: 		
0x0034	0x3080      	MOVLW      128
0x0035	0x1283      	BCF        STATUS, 5
0x0036	0x1303      	BCF        STATUS, 6
0x0037	0x00BE      	MOVWF      Soft_SPI_Write_i_L0
;__Lib_SoftSPI.c,24 :: 		
0x0038	0x09BD      	COMF       FARG_Soft_SPI_Write_sdata, 1
;__Lib_SoftSPI.c,25 :: 		
L_Soft_SPI_Write0:
0x0039	0x083E      	MOVF       Soft_SPI_Write_i_L0, 0
0x003A	0x1903      	BTFSC      STATUS, 2
0x003B	0x2852      	GOTO       L_Soft_SPI_Write1
;__Lib_SoftSPI.c,26 :: 		
0x003C	0x083E      	MOVF       Soft_SPI_Write_i_L0, 0
0x003D	0x053D      	ANDWF      FARG_Soft_SPI_Write_sdata, 0
0x003E	0x00F1      	MOVWF      R1
0x003F	0x0871      	MOVF       R1, 0
0x0040	0x3001      	MOVLW      1
0x0041	0x1D03      	BTFSS      STATUS, 2
0x0042	0x3000      	MOVLW      0
0x0043	0x00F0      	MOVWF      R0
0x0044	0x1870      	BTFSC      R0, 0
0x0045	0x2848      	GOTO       L__Soft_SPI_Write5
0x0046	0x1107      	BCF        SoftSpi_SDO, BitPos(SoftSpi_SDO+0)
0x0047	0x2849      	GOTO       L__Soft_SPI_Write6
L__Soft_SPI_Write5:
0x0048	0x1507      	BSF        SoftSpi_SDO, BitPos(SoftSpi_SDO+0)
L__Soft_SPI_Write6:
;__Lib_SoftSPI.c,27 :: 		
0x0049	0x2013      	CALL       _Delay_1us
;__Lib_SoftSPI.c,28 :: 		
0x004A	0x2013      	CALL       _Delay_1us
;__Lib_SoftSPI.c,29 :: 		
0x004B	0x1487      	BSF        SoftSpi_CLK, BitPos(SoftSpi_CLK+0)
;__Lib_SoftSPI.c,30 :: 		
0x004C	0x2016      	CALL       _Delay_22us
;__Lib_SoftSPI.c,31 :: 		
0x004D	0x1087      	BCF        SoftSpi_CLK, BitPos(SoftSpi_CLK+0)
;__Lib_SoftSPI.c,32 :: 		
0x004E	0x2016      	CALL       _Delay_22us
;__Lib_SoftSPI.c,33 :: 		
0x004F	0x0CBE      	RRF        Soft_SPI_Write_i_L0, 1
0x0050	0x13BE      	BCF        Soft_SPI_Write_i_L0, 7
;__Lib_SoftSPI.c,34 :: 		
0x0051	0x2839      	GOTO       L_Soft_SPI_Write0
L_Soft_SPI_Write1:
;__Lib_SoftSPI.c,36 :: 		
0x0052	0x0008      	RETURN
; end of _Soft_SPI_Write
_Mul_8x8_U:
;__Lib_Math.c,103 :: 		
;__Lib_Math.c,108 :: 		
0x0053	0x1283      	BCF        STATUS, 5
;__Lib_Math.c,109 :: 		
0x0054	0x1303      	BCF        STATUS, 6
;__Lib_Math.c,110 :: 		
0x0055	0x0870      	MOVF       R0, 0
;__Lib_Math.c,111 :: 		
0x0056	0x00F1      	MOVWF      R1
;__Lib_Math.c,112 :: 		
0x0057	0x01F0      	CLRF       R0
;__Lib_Math.c,113 :: 		
0x0058	0x3008      	MOVLW      8
;__Lib_Math.c,114 :: 		
0x0059	0x00FC      	MOVWF      R12
;__Lib_Math.c,115 :: 		
0x005A	0x0871      	MOVF       R1, 0
;__Lib_Math.c,116 :: 		
0x005B	0x0CF4      	RRF        R4, 1
;__Lib_Math.c,117 :: 		
0x005C	0x1803      	BTFSC      STATUS, 0
;__Lib_Math.c,118 :: 		
0x005D	0x2862      	GOTO       $+5
;__Lib_Math.c,119 :: 		
0x005E	0x0BFC      	DECFSZ     R12, 1
;__Lib_Math.c,120 :: 		
0x005F	0x285B      	GOTO       $-4
;__Lib_Math.c,121 :: 		
0x0060	0x01F1      	CLRF       R1
;__Lib_Math.c,122 :: 		
0x0061	0x3400      	RETLW      0
;__Lib_Math.c,123 :: 		
0x0062	0x1003      	BCF        STATUS, 0
;__Lib_Math.c,124 :: 		
0x0063	0x2867      	GOTO       $+4
;__Lib_Math.c,125 :: 		
0x0064	0x0CF4      	RRF        R4, 1
;__Lib_Math.c,126 :: 		
0x0065	0x1803      	BTFSC      STATUS, 0
;__Lib_Math.c,127 :: 		
0x0066	0x07F1      	ADDWF      R1, 1
;__Lib_Math.c,128 :: 		
0x0067	0x0CF1      	RRF        R1, 1
;__Lib_Math.c,129 :: 		
0x0068	0x0CF0      	RRF        R0, 1
;__Lib_Math.c,130 :: 		
0x0069	0x0BFC      	DECFSZ     R12, 1
;__Lib_Math.c,131 :: 		
0x006A	0x2864      	GOTO       $-6
;__Lib_Math.c,133 :: 		
;__Lib_Math.c,134 :: 		
0x006B	0x0008      	RETURN
; end of _Mul_8x8_U
_I2C1_Start:
;__Lib_I2C_c34.c,18 :: 		
;__Lib_I2C_c34.c,21 :: 		
0x006C	0x1283      	BCF        STATUS, 5
0x006D	0x1303      	BCF        STATUS, 6
0x006E	0x01BD      	CLRF       I2C1_Start_j_L0
0x006F	0x01BE      	CLRF       I2C1_Start_j_L0+1
L_I2C1_Start2:
0x0070	0x083E      	MOVF       I2C1_Start_j_L0+1, 0
0x0071	0x3C12      	SUBLW      18
0x0072	0x1D03      	BTFSS      STATUS, 2
0x0073	0x2876      	GOTO       L__I2C1_Start24
0x0074	0x083D      	MOVF       I2C1_Start_j_L0, 0
0x0075	0x3C8E      	SUBLW      142
L__I2C1_Start24:
0x0076	0x1C03      	BTFSS      STATUS, 0
0x0077	0x2882      	GOTO       L_I2C1_Start3
;__Lib_I2C_c34.c,22 :: 		
0x0078	0x2003      	CALL       _I2C1_Is_Idle
0x0079	0x0870      	MOVF       R0, 0
0x007A	0x1903      	BTFSC      STATUS, 2
0x007B	0x287D      	GOTO       L_I2C1_Start5
;__Lib_I2C_c34.c,23 :: 		
0x007C	0x2882      	GOTO       L_I2C1_Start3
L_I2C1_Start5:
;__Lib_I2C_c34.c,21 :: 		
0x007D	0x1283      	BCF        STATUS, 5
0x007E	0x0ABD      	INCF       I2C1_Start_j_L0, 1
0x007F	0x1903      	BTFSC      STATUS, 2
0x0080	0x0ABE      	INCF       I2C1_Start_j_L0+1, 1
;__Lib_I2C_c34.c,24 :: 		
0x0081	0x2870      	GOTO       L_I2C1_Start2
L_I2C1_Start3:
0x0082	0x1283      	BCF        STATUS, 5
;__Lib_I2C_c34.c,26 :: 		
0x0083	0x3012      	MOVLW      18
0x0084	0x023E      	SUBWF      I2C1_Start_j_L0+1, 0
0x0085	0x1D03      	BTFSS      STATUS, 2
0x0086	0x2889      	GOTO       L__I2C1_Start25
0x0087	0x308F      	MOVLW      143
0x0088	0x023D      	SUBWF      I2C1_Start_j_L0, 0
L__I2C1_Start25:
0x0089	0x1C03      	BTFSS      STATUS, 0
0x008A	0x288E      	GOTO       L_I2C1_Start6
;__Lib_I2C_c34.c,27 :: 		
0x008B	0x307B      	MOVLW      123
0x008C	0x00F0      	MOVWF      R0
0x008D	0x0008      	RETURN
L_I2C1_Start6:
0x008E	0x1683      	BSF        STATUS, 5
;__Lib_I2C_c34.c,29 :: 		
0x008F	0x1411      	BSF        SSPCON2, 0
;__Lib_I2C_c34.c,30 :: 		
L_I2C1_Start8:
0x0090	0x1C11      	BTFSS      SSPCON2, 0
0x0091	0x2893      	GOTO       L_I2C1_Start9
;__Lib_I2C_c34.c,31 :: 		
0x0092	0x2890      	GOTO       L_I2C1_Start8
L_I2C1_Start9:
;__Lib_I2C_c34.c,32 :: 		
0x0093	0x01F0      	CLRF       R0
;__Lib_I2C_c34.c,34 :: 		
0x0094	0x0008      	RETURN
; end of _I2C1_Start
_I2C1_Rd:
;__Lib_I2C_c34.c,42 :: 		
;__Lib_I2C_c34.c,45 :: 		
0x0095	0x1283      	BCF        STATUS, 5
0x0096	0x1303      	BCF        STATUS, 6
0x0097	0x118C      	BCF        PIR1, 3
;__Lib_I2C_c34.c,46 :: 		
0x0098	0x1683      	BSF        STATUS, 5
0x0099	0x1591      	BSF        SSPCON2, 3
;__Lib_I2C_c34.c,48 :: 		
L_I2C1_Rd12:
0x009A	0x1283      	BCF        STATUS, 5
0x009B	0x198C      	BTFSC      PIR1, 3
0x009C	0x289E      	GOTO       L_I2C1_Rd13
;__Lib_I2C_c34.c,49 :: 		
0x009D	0x289A      	GOTO       L_I2C1_Rd12
L_I2C1_Rd13:
;__Lib_I2C_c34.c,51 :: 		
0x009E	0x0813      	MOVF       SSPBUF, 0
0x009F	0x00F1      	MOVWF      R1
;__Lib_I2C_c34.c,52 :: 		
0x00A0	0x083D      	MOVF       FARG_I2C1_Rd_ack, 0
0x00A1	0x3A00      	XORLW      0
0x00A2	0x1D03      	BTFSS      STATUS, 2
0x00A3	0x28A7      	GOTO       L_I2C1_Rd14
;__Lib_I2C_c34.c,53 :: 		
0x00A4	0x1683      	BSF        STATUS, 5
0x00A5	0x1691      	BSF        SSPCON2, 5
0x00A6	0x28A9      	GOTO       L_I2C1_Rd15
L_I2C1_Rd14:
0x00A7	0x1683      	BSF        STATUS, 5
;__Lib_I2C_c34.c,55 :: 		
0x00A8	0x1291      	BCF        SSPCON2, 5
L_I2C1_Rd15:
;__Lib_I2C_c34.c,57 :: 		
0x00A9	0x1283      	BCF        STATUS, 5
0x00AA	0x118C      	BCF        PIR1, 3
;__Lib_I2C_c34.c,58 :: 		
0x00AB	0x1683      	BSF        STATUS, 5
0x00AC	0x1611      	BSF        SSPCON2, 4
;__Lib_I2C_c34.c,60 :: 		
L_I2C1_Rd16:
0x00AD	0x1283      	BCF        STATUS, 5
0x00AE	0x198C      	BTFSC      PIR1, 3
0x00AF	0x28B1      	GOTO       L_I2C1_Rd17
;__Lib_I2C_c34.c,61 :: 		
0x00B0	0x28AD      	GOTO       L_I2C1_Rd16
L_I2C1_Rd17:
;__Lib_I2C_c34.c,63 :: 		
0x00B1	0x0871      	MOVF       R1, 0
0x00B2	0x00F0      	MOVWF      R0
;__Lib_I2C_c34.c,64 :: 		
0x00B3	0x0008      	RETURN
; end of _I2C1_Rd
_I2C1_Stop:
;__Lib_I2C_c34.c,87 :: 		
;__Lib_I2C_c34.c,88 :: 		
0x00B4	0x1683      	BSF        STATUS, 5
0x00B5	0x1303      	BCF        STATUS, 6
0x00B6	0x1511      	BSF        SSPCON2, 2
;__Lib_I2C_c34.c,89 :: 		
0x00B7	0x0008      	RETURN
; end of _I2C1_Stop
_I2C1_Repeated_Start:
;__Lib_I2C_c34.c,36 :: 		
;__Lib_I2C_c34.c,37 :: 		
0x00B8	0x1683      	BSF        STATUS, 5
0x00B9	0x1303      	BCF        STATUS, 6
0x00BA	0x1491      	BSF        SSPCON2, 1
;__Lib_I2C_c34.c,38 :: 		
L_I2C1_Repeated_Start10:
0x00BB	0x1C91      	BTFSS      SSPCON2, 1
0x00BC	0x28BE      	GOTO       L_I2C1_Repeated_Start11
;__Lib_I2C_c34.c,39 :: 		
0x00BD	0x28BB      	GOTO       L_I2C1_Repeated_Start10
L_I2C1_Repeated_Start11:
;__Lib_I2C_c34.c,40 :: 		
0x00BE	0x0008      	RETURN
; end of _I2C1_Repeated_Start
_Soft_SPI_Init:
;__Lib_SoftSPI.c,11 :: 		
;__Lib_SoftSPI.c,12 :: 		
0x00BF	0x1683      	BSF        STATUS, 5
0x00C0	0x1303      	BCF        STATUS, 6
0x00C1	0x1687      	BSF        SoftSpi_SDI_Direction, BitPos(SoftSpi_SDI_Direction+0)
;__Lib_SoftSPI.c,13 :: 		
0x00C2	0x1107      	BCF        SoftSpi_SDO_Direction, BitPos(SoftSpi_SDO_Direction+0)
;__Lib_SoftSPI.c,14 :: 		
0x00C3	0x1087      	BCF        SoftSpi_CLK_Direction, BitPos(SoftSpi_CLK_Direction+0)
;__Lib_SoftSPI.c,16 :: 		
0x00C4	0x1283      	BCF        STATUS, 5
0x00C5	0x1287      	BCF        SoftSpi_SDI, BitPos(SoftSpi_SDI+0)
;__Lib_SoftSPI.c,17 :: 		
0x00C6	0x1107      	BCF        SoftSpi_SDO, BitPos(SoftSpi_SDO+0)
;__Lib_SoftSPI.c,18 :: 		
0x00C7	0x1087      	BCF        SoftSpi_CLK, BitPos(SoftSpi_CLK+0)
;__Lib_SoftSPI.c,19 :: 		
0x00C8	0x0008      	RETURN
; end of _Soft_SPI_Init
_Div_8x8_U:
;__Lib_Math.c,189 :: 		
;__Lib_Math.c,196 :: 		
0x00C9	0x1283      	BCF        STATUS, 5
;__Lib_Math.c,197 :: 		
0x00CA	0x1303      	BCF        STATUS, 6
;__Lib_Math.c,198 :: 		
0x00CB	0x01F8      	CLRF       R8
;__Lib_Math.c,199 :: 		
0x00CC	0x3008      	MOVLW      8
;__Lib_Math.c,200 :: 		
0x00CD	0x00FC      	MOVWF      R12
;__Lib_Math.c,201 :: 		
0x00CE	0x0D70      	RLF        R0, 0
;__Lib_Math.c,202 :: 		
0x00CF	0x0DF8      	RLF        R8, 1
;__Lib_Math.c,203 :: 		
0x00D0	0x0874      	MOVF       R4, 0
;__Lib_Math.c,204 :: 		
0x00D1	0x02F8      	SUBWF      R8, 1
;__Lib_Math.c,205 :: 		
0x00D2	0x1803      	BTFSC      STATUS, 0
;__Lib_Math.c,206 :: 		
0x00D3	0x28D6      	GOTO       $+3
;__Lib_Math.c,207 :: 		
0x00D4	0x07F8      	ADDWF      R8, 1
;__Lib_Math.c,208 :: 		
0x00D5	0x1003      	BCF        STATUS, 0
;__Lib_Math.c,209 :: 		
0x00D6	0x0DF0      	RLF        R0, 1
;__Lib_Math.c,210 :: 		
0x00D7	0x0BFC      	DECFSZ     R12, 1
;__Lib_Math.c,211 :: 		
0x00D8	0x28CE      	GOTO       $-10
;__Lib_Math.c,213 :: 		
0x00D9	0x0008      	RETURN
; end of _Div_8x8_U
_Delay_500us:
;__Lib_Delays.c,27 :: 		void Delay_500us() {
;__Lib_Delays.c,28 :: 		Delay_us(498);
0x00DA	0x3002      	MOVLW      2
0x00DB	0x1283      	BCF        STATUS, 5
0x00DC	0x1303      	BCF        STATUS, 6
0x00DD	0x00FC      	MOVWF      R12
0x00DE	0x3049      	MOVLW      73
0x00DF	0x00FD      	MOVWF      R13
L_Delay_500us4:
0x00E0	0x0BFD      	DECFSZ     R13, 1
0x00E1	0x28E0      	GOTO       L_Delay_500us4
0x00E2	0x0BFC      	DECFSZ     R12, 1
0x00E3	0x28E0      	GOTO       L_Delay_500us4
0x00E4	0x0000      	NOP
0x00E5	0x0000      	NOP
;__Lib_Delays.c,29 :: 		}
0x00E6	0x0008      	RETURN
; end of _Delay_500us
_____DoICP:
;__Lib_System.c,6 :: 		
;__Lib_System.c,9 :: 		
0x00E7	0x1283      	BCF        STATUS, 5
0x00E8	0x1303      	BCF        STATUS, 6
0x00E9	0x0822      	MOVF       ___DoICPAddr+1, 0
0x00EA	0x008A      	MOVWF      PCLATH
;__Lib_System.c,10 :: 		
0x00EB	0x0821      	MOVF       ___DoICPAddr, 0
0x00EC	0x0082      	MOVWF      PCL
;__Lib_System.c,12 :: 		
0x00ED	0x0008      	RETURN
; end of _____DoICP
_Transform_Time:
;ds1307.h,32 :: 		void Transform_Time(char *hours, char *minutes, char *seconds) {
;ds1307.h,33 :: 		*seconds  =  ((*seconds & 0x70) >> 4)*10 + (*seconds & 0x0F);
0x00EE	0x1283      	BCF        STATUS, 5
0x00EF	0x1303      	BCF        STATUS, 6
0x00F0	0x0839      	MOVF       FARG_Transform_Time_seconds, 0
0x00F1	0x0084      	MOVWF      FSR
0x00F2	0x0800      	MOVF       INDF, 0
0x00F3	0x00BA      	MOVWF      FLOC__Transform_Time
0x00F4	0x3070      	MOVLW      112
0x00F5	0x053A      	ANDWF      FLOC__Transform_Time, 0
0x00F6	0x00F2      	MOVWF      R2
0x00F7	0x0872      	MOVF       R2, 0
0x00F8	0x00F0      	MOVWF      R0
0x00F9	0x0CF0      	RRF        R0, 1
0x00FA	0x13F0      	BCF        R0, 7
0x00FB	0x0CF0      	RRF        R0, 1
0x00FC	0x13F0      	BCF        R0, 7
0x00FD	0x0CF0      	RRF        R0, 1
0x00FE	0x13F0      	BCF        R0, 7
0x00FF	0x0CF0      	RRF        R0, 1
0x0100	0x13F0      	BCF        R0, 7
0x0101	0x300A      	MOVLW      10
0x0102	0x00F4      	MOVWF      R4
0x0103	0x2053      	CALL       _Mul_8x8_U
0x0104	0x300F      	MOVLW      15
0x0105	0x053A      	ANDWF      FLOC__Transform_Time, 0
0x0106	0x00F1      	MOVWF      R1
0x0107	0x0871      	MOVF       R1, 0
0x0108	0x07F0      	ADDWF      R0, 1
0x0109	0x0839      	MOVF       FARG_Transform_Time_seconds, 0
0x010A	0x0084      	MOVWF      FSR
0x010B	0x0870      	MOVF       R0, 0
0x010C	0x0080      	MOVWF      INDF
;ds1307.h,34 :: 		*minutes  =  ((*minutes & 0xF0) >> 4)*10 + (*minutes & 0x0F);
0x010D	0x0838      	MOVF       FARG_Transform_Time_minutes, 0
0x010E	0x0084      	MOVWF      FSR
0x010F	0x0800      	MOVF       INDF, 0
0x0110	0x00BA      	MOVWF      FLOC__Transform_Time
0x0111	0x30F0      	MOVLW      240
0x0112	0x053A      	ANDWF      FLOC__Transform_Time, 0
0x0113	0x00F2      	MOVWF      R2
0x0114	0x0872      	MOVF       R2, 0
0x0115	0x00F0      	MOVWF      R0
0x0116	0x0CF0      	RRF        R0, 1
0x0117	0x13F0      	BCF        R0, 7
0x0118	0x0CF0      	RRF        R0, 1
0x0119	0x13F0      	BCF        R0, 7
0x011A	0x0CF0      	RRF        R0, 1
0x011B	0x13F0      	BCF        R0, 7
0x011C	0x0CF0      	RRF        R0, 1
0x011D	0x13F0      	BCF        R0, 7
0x011E	0x300A      	MOVLW      10
0x011F	0x00F4      	MOVWF      R4
0x0120	0x2053      	CALL       _Mul_8x8_U
0x0121	0x300F      	MOVLW      15
0x0122	0x053A      	ANDWF      FLOC__Transform_Time, 0
0x0123	0x00F1      	MOVWF      R1
0x0124	0x0871      	MOVF       R1, 0
0x0125	0x07F0      	ADDWF      R0, 1
0x0126	0x0838      	MOVF       FARG_Transform_Time_minutes, 0
0x0127	0x0084      	MOVWF      FSR
0x0128	0x0870      	MOVF       R0, 0
0x0129	0x0080      	MOVWF      INDF
;ds1307.h,35 :: 		*hours   =   ((*hours & 0x30) >> 4)*10 + (*hours & 0x0F);
0x012A	0x0837      	MOVF       FARG_Transform_Time_hours, 0
0x012B	0x0084      	MOVWF      FSR
0x012C	0x0800      	MOVF       INDF, 0
0x012D	0x00BA      	MOVWF      FLOC__Transform_Time
0x012E	0x3030      	MOVLW      48
0x012F	0x053A      	ANDWF      FLOC__Transform_Time, 0
0x0130	0x00F2      	MOVWF      R2
0x0131	0x0872      	MOVF       R2, 0
0x0132	0x00F0      	MOVWF      R0
0x0133	0x0CF0      	RRF        R0, 1
0x0134	0x13F0      	BCF        R0, 7
0x0135	0x0CF0      	RRF        R0, 1
0x0136	0x13F0      	BCF        R0, 7
0x0137	0x0CF0      	RRF        R0, 1
0x0138	0x13F0      	BCF        R0, 7
0x0139	0x0CF0      	RRF        R0, 1
0x013A	0x13F0      	BCF        R0, 7
0x013B	0x300A      	MOVLW      10
0x013C	0x00F4      	MOVWF      R4
0x013D	0x2053      	CALL       _Mul_8x8_U
0x013E	0x300F      	MOVLW      15
0x013F	0x053A      	ANDWF      FLOC__Transform_Time, 0
0x0140	0x00F1      	MOVWF      R1
0x0141	0x0871      	MOVF       R1, 0
0x0142	0x07F0      	ADDWF      R0, 1
0x0143	0x0837      	MOVF       FARG_Transform_Time_hours, 0
0x0144	0x0084      	MOVWF      FSR
0x0145	0x0870      	MOVF       R0, 0
0x0146	0x0080      	MOVWF      INDF
;ds1307.h,36 :: 		}
0x0147	0x0008      	RETURN
; end of _Transform_Time
_max7219display:
;max7219.h,43 :: 		void max7219display(char d1, char d2, char d3, char d4, char d5, char d6){
;max7219.h,45 :: 		Chip_Select = 0;     // select max7219
0x0148	0x1283      	BCF        STATUS, 5
0x0149	0x1303      	BCF        STATUS, 6
0x014A	0x1007      	BCF        RC0_bit, 0
;max7219.h,46 :: 		Soft_SPI_Write(1);       // send i to max7219 (digit place)
0x014B	0x3001      	MOVLW      1
0x014C	0x00BD      	MOVWF      FARG_Soft_SPI_Write_sdata
0x014D	0x2034      	CALL       _Soft_SPI_Write
;max7219.h,47 :: 		Soft_SPI_Write(d1);      // send data to display
0x014E	0x0837      	MOVF       FARG_max7219display_d1, 0
0x014F	0x00BD      	MOVWF      FARG_Soft_SPI_Write_sdata
0x0150	0x2034      	CALL       _Soft_SPI_Write
;max7219.h,48 :: 		Chip_Select = 1;     // deselect max7219
0x0151	0x1407      	BSF        RC0_bit, 0
;max7219.h,50 :: 		Chip_Select = 0;     // select max7219
0x0152	0x1007      	BCF        RC0_bit, 0
;max7219.h,51 :: 		Soft_SPI_Write(2);       // send i to max7219 (digit place)
0x0153	0x3002      	MOVLW      2
0x0154	0x00BD      	MOVWF      FARG_Soft_SPI_Write_sdata
0x0155	0x2034      	CALL       _Soft_SPI_Write
;max7219.h,52 :: 		Soft_SPI_Write(d2);      // send data to display
0x0156	0x0838      	MOVF       FARG_max7219display_d2, 0
0x0157	0x00BD      	MOVWF      FARG_Soft_SPI_Write_sdata
0x0158	0x2034      	CALL       _Soft_SPI_Write
;max7219.h,53 :: 		Chip_Select = 1;     // deselect max7219
0x0159	0x1407      	BSF        RC0_bit, 0
;max7219.h,55 :: 		Chip_Select = 0;     // select max7219
0x015A	0x1007      	BCF        RC0_bit, 0
;max7219.h,56 :: 		Soft_SPI_Write(3);       // send i to max7219 (digit place)
0x015B	0x3003      	MOVLW      3
0x015C	0x00BD      	MOVWF      FARG_Soft_SPI_Write_sdata
0x015D	0x2034      	CALL       _Soft_SPI_Write
;max7219.h,57 :: 		Soft_SPI_Write(d3);      // send data to display
0x015E	0x0839      	MOVF       FARG_max7219display_d3, 0
0x015F	0x00BD      	MOVWF      FARG_Soft_SPI_Write_sdata
0x0160	0x2034      	CALL       _Soft_SPI_Write
;max7219.h,58 :: 		Chip_Select = 1;     // deselect max7219
0x0161	0x1407      	BSF        RC0_bit, 0
;max7219.h,60 :: 		Chip_Select = 0;     // select max7219
0x0162	0x1007      	BCF        RC0_bit, 0
;max7219.h,61 :: 		Soft_SPI_Write(4);       // send i to max7219 (digit place)
0x0163	0x3004      	MOVLW      4
0x0164	0x00BD      	MOVWF      FARG_Soft_SPI_Write_sdata
0x0165	0x2034      	CALL       _Soft_SPI_Write
;max7219.h,62 :: 		Soft_SPI_Write(d4);      // send data to display
0x0166	0x083A      	MOVF       FARG_max7219display_d4, 0
0x0167	0x00BD      	MOVWF      FARG_Soft_SPI_Write_sdata
0x0168	0x2034      	CALL       _Soft_SPI_Write
;max7219.h,63 :: 		Chip_Select = 1;     // deselect max7219
0x0169	0x1407      	BSF        RC0_bit, 0
;max7219.h,65 :: 		Chip_Select = 0;     // select max7219
0x016A	0x1007      	BCF        RC0_bit, 0
;max7219.h,66 :: 		Soft_SPI_Write(5);       // send i to max7219 (digit place)
0x016B	0x3005      	MOVLW      5
0x016C	0x00BD      	MOVWF      FARG_Soft_SPI_Write_sdata
0x016D	0x2034      	CALL       _Soft_SPI_Write
;max7219.h,67 :: 		Soft_SPI_Write(d5);      // send data to display
0x016E	0x083B      	MOVF       FARG_max7219display_d5, 0
0x016F	0x00BD      	MOVWF      FARG_Soft_SPI_Write_sdata
0x0170	0x2034      	CALL       _Soft_SPI_Write
;max7219.h,68 :: 		Chip_Select = 1;     // deselect max7219
0x0171	0x1407      	BSF        RC0_bit, 0
;max7219.h,70 :: 		Chip_Select = 0;     // select max7219
0x0172	0x1007      	BCF        RC0_bit, 0
;max7219.h,71 :: 		Soft_SPI_Write(6);       // send i to max7219 (digit place)
0x0173	0x3006      	MOVLW      6
0x0174	0x00BD      	MOVWF      FARG_Soft_SPI_Write_sdata
0x0175	0x2034      	CALL       _Soft_SPI_Write
;max7219.h,72 :: 		Soft_SPI_Write(d6);      // send data to display
0x0176	0x083C      	MOVF       FARG_max7219display_d6, 0
0x0177	0x00BD      	MOVWF      FARG_Soft_SPI_Write_sdata
0x0178	0x2034      	CALL       _Soft_SPI_Write
;max7219.h,73 :: 		Chip_Select = 1;     // deselect max7219
0x0179	0x1407      	BSF        RC0_bit, 0
;max7219.h,75 :: 		Chip_Select = 0;     // select max7219
0x017A	0x1007      	BCF        RC0_bit, 0
;max7219.h,76 :: 		Soft_SPI_Write(7);       // send i to max7219 (digit place)
0x017B	0x3007      	MOVLW      7
0x017C	0x00BD      	MOVWF      FARG_Soft_SPI_Write_sdata
0x017D	0x2034      	CALL       _Soft_SPI_Write
;max7219.h,77 :: 		Soft_SPI_Write(0XFF);      // send data to display
0x017E	0x30FF      	MOVLW      255
0x017F	0x00BD      	MOVWF      FARG_Soft_SPI_Write_sdata
0x0180	0x2034      	CALL       _Soft_SPI_Write
;max7219.h,78 :: 		Chip_Select = 1;     // deselect max7219
0x0181	0x1407      	BSF        RC0_bit, 0
;max7219.h,80 :: 		Chip_Select = 0;     // select max7219
0x0182	0x1007      	BCF        RC0_bit, 0
;max7219.h,81 :: 		Soft_SPI_Write(8);       // send i to max7219 (digit place)
0x0183	0x3008      	MOVLW      8
0x0184	0x00BD      	MOVWF      FARG_Soft_SPI_Write_sdata
0x0185	0x2034      	CALL       _Soft_SPI_Write
;max7219.h,82 :: 		Soft_SPI_Write(0XFF);      // send data to display
0x0186	0x30FF      	MOVLW      255
0x0187	0x00BD      	MOVWF      FARG_Soft_SPI_Write_sdata
0x0188	0x2034      	CALL       _Soft_SPI_Write
;max7219.h,83 :: 		Chip_Select = 1;     // deselect max7219
0x0189	0x1407      	BSF        RC0_bit, 0
;max7219.h,84 :: 		}
0x018A	0x0008      	RETURN
; end of _max7219display
_Read_Time:
;ds1307.h,1 :: 		void Read_Time(char *hours, char *minutes, char *seconds){
;ds1307.h,2 :: 		I2C1_Start();
0x018B	0x206C      	CALL       _I2C1_Start
;ds1307.h,3 :: 		I2C1_Wr(0xD0);
0x018C	0x30D0      	MOVLW      208
0x018D	0x1283      	BCF        STATUS, 5
0x018E	0x1303      	BCF        STATUS, 6
0x018F	0x00BD      	MOVWF      FARG_I2C1_Wr_data_
0x0190	0x201E      	CALL       _I2C1_Wr
;ds1307.h,4 :: 		I2C1_Wr(0);
0x0191	0x1283      	BCF        STATUS, 5
0x0192	0x01BD      	CLRF       FARG_I2C1_Wr_data_
0x0193	0x201E      	CALL       _I2C1_Wr
;ds1307.h,5 :: 		I2C1_Repeated_Start();
0x0194	0x20B8      	CALL       _I2C1_Repeated_Start
;ds1307.h,6 :: 		I2C1_Wr(0xD1);
0x0195	0x30D1      	MOVLW      209
0x0196	0x1283      	BCF        STATUS, 5
0x0197	0x00BD      	MOVWF      FARG_I2C1_Wr_data_
0x0198	0x201E      	CALL       _I2C1_Wr
;ds1307.h,8 :: 		*seconds = I2C1_Rd(1);
0x0199	0x3001      	MOVLW      1
0x019A	0x1283      	BCF        STATUS, 5
0x019B	0x00BD      	MOVWF      FARG_I2C1_Rd_ack
0x019C	0x2095      	CALL       _I2C1_Rd
0x019D	0x0839      	MOVF       FARG_Read_Time_seconds, 0
0x019E	0x0084      	MOVWF      FSR
0x019F	0x0870      	MOVF       R0, 0
0x01A0	0x0080      	MOVWF      INDF
;ds1307.h,9 :: 		*minutes = I2C1_Rd(1);
0x01A1	0x3001      	MOVLW      1
0x01A2	0x00BD      	MOVWF      FARG_I2C1_Rd_ack
0x01A3	0x2095      	CALL       _I2C1_Rd
0x01A4	0x0838      	MOVF       FARG_Read_Time_minutes, 0
0x01A5	0x0084      	MOVWF      FSR
0x01A6	0x0870      	MOVF       R0, 0
0x01A7	0x0080      	MOVWF      INDF
;ds1307.h,10 :: 		*hours = I2C1_Rd(0);
0x01A8	0x01BD      	CLRF       FARG_I2C1_Rd_ack
0x01A9	0x2095      	CALL       _I2C1_Rd
0x01AA	0x0837      	MOVF       FARG_Read_Time_hours, 0
0x01AB	0x0084      	MOVWF      FSR
0x01AC	0x0870      	MOVF       R0, 0
0x01AD	0x0080      	MOVWF      INDF
;ds1307.h,11 :: 		I2C1_Stop();
0x01AE	0x20B4      	CALL       _I2C1_Stop
;ds1307.h,12 :: 		}
0x01AF	0x0008      	RETURN
; end of _Read_Time
_mode_set_minute:
;digitalclock.c,56 :: 		void mode_set_minute(){
;digitalclock.c,57 :: 		if(!up){
0x01B0	0x1283      	BCF        STATUS, 5
0x01B1	0x1303      	BCF        STATUS, 6
0x01B2	0x1905      	BTFSC      PORTA, 2
0x01B3	0x29B9      	GOTO       L_mode_set_minute9
;digitalclock.c,58 :: 		if(old_minutes<59)
0x01B4	0x303B      	MOVLW      59
0x01B5	0x0226      	SUBWF      _old_minutes, 0
0x01B6	0x1803      	BTFSC      STATUS, 0
0x01B7	0x29B9      	GOTO       L_mode_set_minute10
;digitalclock.c,59 :: 		old_minutes++;
0x01B8	0x0AA6      	INCF       _old_minutes, 1
L_mode_set_minute10:
;digitalclock.c,60 :: 		}
L_mode_set_minute9:
;digitalclock.c,61 :: 		if(!down){
0x01B9	0x1985      	BTFSC      PORTA, 3
0x01BA	0x29C0      	GOTO       L_mode_set_minute11
;digitalclock.c,62 :: 		if(old_minutes>0)
0x01BB	0x0826      	MOVF       _old_minutes, 0
0x01BC	0x3C00      	SUBLW      0
0x01BD	0x1803      	BTFSC      STATUS, 0
0x01BE	0x29C0      	GOTO       L_mode_set_minute12
;digitalclock.c,63 :: 		old_minutes--;
0x01BF	0x03A6      	DECF       _old_minutes, 1
L_mode_set_minute12:
;digitalclock.c,64 :: 		}
L_mode_set_minute11:
;digitalclock.c,65 :: 		Read_Time(&hours, &minutes, &seconds);
0x01C0	0x3020      	MOVLW      _hours
0x01C1	0x00B7      	MOVWF      FARG_Read_Time_hours
0x01C2	0x3023      	MOVLW      _minutes
0x01C3	0x00B8      	MOVWF      FARG_Read_Time_minutes
0x01C4	0x3025      	MOVLW      _seconds
0x01C5	0x00B9      	MOVWF      FARG_Read_Time_seconds
0x01C6	0x218B      	CALL       _Read_Time
;digitalclock.c,66 :: 		Transform_Time(&hours, &minutes, &seconds);
0x01C7	0x3020      	MOVLW      _hours
0x01C8	0x1283      	BCF        STATUS, 5
0x01C9	0x00B7      	MOVWF      FARG_Transform_Time_hours
0x01CA	0x3023      	MOVLW      _minutes
0x01CB	0x00B8      	MOVWF      FARG_Transform_Time_minutes
0x01CC	0x3025      	MOVLW      _seconds
0x01CD	0x00B9      	MOVWF      FARG_Transform_Time_seconds
0x01CE	0x20EE      	CALL       _Transform_Time
;digitalclock.c,67 :: 		if(hours>12)
0x01CF	0x0820      	MOVF       _hours, 0
0x01D0	0x3C0C      	SUBLW      12
0x01D1	0x1803      	BTFSC      STATUS, 0
0x01D2	0x29D5      	GOTO       L_mode_set_minute13
;digitalclock.c,68 :: 		hours -= 12;
0x01D3	0x300C      	MOVLW      12
0x01D4	0x02A0      	SUBWF      _hours, 1
L_mode_set_minute13:
;digitalclock.c,70 :: 		Hh = old_hours /10;
0x01D5	0x300A      	MOVLW      10
0x01D6	0x00F4      	MOVWF      R4
0x01D7	0x0827      	MOVF       _old_hours, 0
0x01D8	0x00F0      	MOVWF      R0
0x01D9	0x20C9      	CALL       _Div_8x8_U
0x01DA	0x0870      	MOVF       R0, 0
0x01DB	0x00A4      	MOVWF      _Hh
;digitalclock.c,71 :: 		Hl = old_hours %10;
0x01DC	0x300A      	MOVLW      10
0x01DD	0x00F4      	MOVWF      R4
0x01DE	0x0827      	MOVF       _old_hours, 0
0x01DF	0x00F0      	MOVWF      R0
0x01E0	0x20C9      	CALL       _Div_8x8_U
0x01E1	0x0878      	MOVF       R8, 0
0x01E2	0x00F0      	MOVWF      R0
0x01E3	0x0870      	MOVF       R0, 0
0x01E4	0x00AA      	MOVWF      _Hl
;digitalclock.c,72 :: 		Mh = old_minutes /10;
0x01E5	0x300A      	MOVLW      10
0x01E6	0x00F4      	MOVWF      R4
0x01E7	0x0826      	MOVF       _old_minutes, 0
0x01E8	0x00F0      	MOVWF      R0
0x01E9	0x20C9      	CALL       _Div_8x8_U
0x01EA	0x0870      	MOVF       R0, 0
0x01EB	0x00A9      	MOVWF      _Mh
;digitalclock.c,73 :: 		Ml = old_minutes %10;
0x01EC	0x300A      	MOVLW      10
0x01ED	0x00F4      	MOVWF      R4
0x01EE	0x0826      	MOVF       _old_minutes, 0
0x01EF	0x00F0      	MOVWF      R0
0x01F0	0x20C9      	CALL       _Div_8x8_U
0x01F1	0x0878      	MOVF       R8, 0
0x01F2	0x00F0      	MOVWF      R0
0x01F3	0x0870      	MOVF       R0, 0
0x01F4	0x00AB      	MOVWF      _Ml
;digitalclock.c,74 :: 		Sh = seconds /10;
0x01F5	0x300A      	MOVLW      10
0x01F6	0x00F4      	MOVWF      R4
0x01F7	0x0825      	MOVF       _seconds, 0
0x01F8	0x00F0      	MOVWF      R0
0x01F9	0x20C9      	CALL       _Div_8x8_U
0x01FA	0x0870      	MOVF       R0, 0
0x01FB	0x00AD      	MOVWF      _Sh
;digitalclock.c,75 :: 		Sl = seconds %10;
0x01FC	0x300A      	MOVLW      10
0x01FD	0x00F4      	MOVWF      R4
0x01FE	0x0825      	MOVF       _seconds, 0
0x01FF	0x00F0      	MOVWF      R0
0x0200	0x20C9      	CALL       _Div_8x8_U
0x0201	0x0878      	MOVF       R8, 0
0x0202	0x00F0      	MOVWF      R0
0x0203	0x0870      	MOVF       R0, 0
0x0204	0x00AC      	MOVWF      _Sl
;digitalclock.c,76 :: 		max7219display(Sl,Sh,Ml,Mh,Hl,Hh);
0x0205	0x0870      	MOVF       R0, 0
0x0206	0x00B7      	MOVWF      FARG_max7219display_d1
0x0207	0x082D      	MOVF       _Sh, 0
0x0208	0x00B8      	MOVWF      FARG_max7219display_d2
0x0209	0x082B      	MOVF       _Ml, 0
0x020A	0x00B9      	MOVWF      FARG_max7219display_d3
0x020B	0x0829      	MOVF       _Mh, 0
0x020C	0x00BA      	MOVWF      FARG_max7219display_d4
0x020D	0x082A      	MOVF       _Hl, 0
0x020E	0x00BB      	MOVWF      FARG_max7219display_d5
0x020F	0x0824      	MOVF       _Hh, 0
0x0210	0x00BC      	MOVWF      FARG_max7219display_d6
0x0211	0x2148      	CALL       _max7219display
;digitalclock.c,77 :: 		delay_ms(50);
0x0212	0x3082      	MOVLW      130
0x0213	0x00FC      	MOVWF      R12
0x0214	0x30DD      	MOVLW      221
0x0215	0x00FD      	MOVWF      R13
L_mode_set_minute14:
0x0216	0x0BFD      	DECFSZ     R13, 1
0x0217	0x2A16      	GOTO       L_mode_set_minute14
0x0218	0x0BFC      	DECFSZ     R12, 1
0x0219	0x2A16      	GOTO       L_mode_set_minute14
0x021A	0x0000      	NOP
0x021B	0x0000      	NOP
;digitalclock.c,78 :: 		max7219display(Sl,Sh,0XFF,0XFF,Hl,Hh);
0x021C	0x082C      	MOVF       _Sl, 0
0x021D	0x00B7      	MOVWF      FARG_max7219display_d1
0x021E	0x082D      	MOVF       _Sh, 0
0x021F	0x00B8      	MOVWF      FARG_max7219display_d2
0x0220	0x30FF      	MOVLW      255
0x0221	0x00B9      	MOVWF      FARG_max7219display_d3
0x0222	0x30FF      	MOVLW      255
0x0223	0x00BA      	MOVWF      FARG_max7219display_d4
0x0224	0x082A      	MOVF       _Hl, 0
0x0225	0x00BB      	MOVWF      FARG_max7219display_d5
0x0226	0x0824      	MOVF       _Hh, 0
0x0227	0x00BC      	MOVWF      FARG_max7219display_d6
0x0228	0x2148      	CALL       _max7219display
;digitalclock.c,79 :: 		delay_ms(50);
0x0229	0x3082      	MOVLW      130
0x022A	0x00FC      	MOVWF      R12
0x022B	0x30DD      	MOVLW      221
0x022C	0x00FD      	MOVWF      R13
L_mode_set_minute15:
0x022D	0x0BFD      	DECFSZ     R13, 1
0x022E	0x2A2D      	GOTO       L_mode_set_minute15
0x022F	0x0BFC      	DECFSZ     R12, 1
0x0230	0x2A2D      	GOTO       L_mode_set_minute15
0x0231	0x0000      	NOP
0x0232	0x0000      	NOP
;digitalclock.c,80 :: 		}
0x0233	0x0008      	RETURN
; end of _mode_set_minute
_Dec2Bcd:
;__Lib_Conversions.c,145 :: 		
;__Lib_Conversions.c,146 :: 		
0x0234	0x1283      	BCF        STATUS, 5
0x0235	0x1303      	BCF        STATUS, 6
0x0236	0x01B2      	CLRF       Dec2Bcd_tmp_L0
;__Lib_Conversions.c,148 :: 		
0x0237	0x0831      	MOVF       FARG_Dec2Bcd_decnum, 0
0x0238	0x3C09      	SUBLW      9
0x0239	0x1803      	BTFSC      STATUS, 0
0x023A	0x2A56      	GOTO       L_Dec2Bcd36
;__Lib_Conversions.c,149 :: 		
0x023B	0x300A      	MOVLW      10
0x023C	0x00F4      	MOVWF      R4
0x023D	0x0831      	MOVF       FARG_Dec2Bcd_decnum, 0
0x023E	0x00F0      	MOVWF      R0
0x023F	0x20C9      	CALL       _Div_8x8_U
0x0240	0x0870      	MOVF       R0, 0
0x0241	0x00B2      	MOVWF      Dec2Bcd_tmp_L0
;__Lib_Conversions.c,150 :: 		
0x0242	0x0870      	MOVF       R0, 0
0x0243	0x00B2      	MOVWF      Dec2Bcd_tmp_L0
0x0244	0x0DB2      	RLF        Dec2Bcd_tmp_L0, 1
0x0245	0x1032      	BCF        Dec2Bcd_tmp_L0, 0
0x0246	0x0DB2      	RLF        Dec2Bcd_tmp_L0, 1
0x0247	0x1032      	BCF        Dec2Bcd_tmp_L0, 0
0x0248	0x0DB2      	RLF        Dec2Bcd_tmp_L0, 1
0x0249	0x1032      	BCF        Dec2Bcd_tmp_L0, 0
0x024A	0x0DB2      	RLF        Dec2Bcd_tmp_L0, 1
0x024B	0x1032      	BCF        Dec2Bcd_tmp_L0, 0
;__Lib_Conversions.c,151 :: 		
0x024C	0x300A      	MOVLW      10
0x024D	0x00F4      	MOVWF      R4
0x024E	0x0831      	MOVF       FARG_Dec2Bcd_decnum, 0
0x024F	0x00F0      	MOVWF      R0
0x0250	0x20C9      	CALL       _Div_8x8_U
0x0251	0x0878      	MOVF       R8, 0
0x0252	0x00F0      	MOVWF      R0
0x0253	0x0870      	MOVF       R0, 0
0x0254	0x04B2      	IORWF      Dec2Bcd_tmp_L0, 1
;__Lib_Conversions.c,152 :: 		
0x0255	0x2A58      	GOTO       L_Dec2Bcd37
L_Dec2Bcd36:
;__Lib_Conversions.c,153 :: 		
0x0256	0x0831      	MOVF       FARG_Dec2Bcd_decnum, 0
0x0257	0x00B2      	MOVWF      Dec2Bcd_tmp_L0
L_Dec2Bcd37:
;__Lib_Conversions.c,154 :: 		
0x0258	0x0832      	MOVF       Dec2Bcd_tmp_L0, 0
0x0259	0x00F0      	MOVWF      R0
;__Lib_Conversions.c,155 :: 		
0x025A	0x0008      	RETURN
; end of _Dec2Bcd
_mode_set_hour:
;digitalclock.c,30 :: 		void mode_set_hour(){
;digitalclock.c,31 :: 		if(!up){
0x025B	0x1283      	BCF        STATUS, 5
0x025C	0x1303      	BCF        STATUS, 6
0x025D	0x1905      	BTFSC      PORTA, 2
0x025E	0x2A64      	GOTO       L_mode_set_hour2
;digitalclock.c,32 :: 		if(old_hours<12)
0x025F	0x300C      	MOVLW      12
0x0260	0x0227      	SUBWF      _old_hours, 0
0x0261	0x1803      	BTFSC      STATUS, 0
0x0262	0x2A64      	GOTO       L_mode_set_hour3
;digitalclock.c,33 :: 		old_hours++;
0x0263	0x0AA7      	INCF       _old_hours, 1
L_mode_set_hour3:
;digitalclock.c,34 :: 		}
L_mode_set_hour2:
;digitalclock.c,35 :: 		if(!down){
0x0264	0x1985      	BTFSC      PORTA, 3
0x0265	0x2A6B      	GOTO       L_mode_set_hour4
;digitalclock.c,36 :: 		if(old_hours>1)
0x0266	0x0827      	MOVF       _old_hours, 0
0x0267	0x3C01      	SUBLW      1
0x0268	0x1803      	BTFSC      STATUS, 0
0x0269	0x2A6B      	GOTO       L_mode_set_hour5
;digitalclock.c,37 :: 		old_hours--;
0x026A	0x03A7      	DECF       _old_hours, 1
L_mode_set_hour5:
;digitalclock.c,38 :: 		}
L_mode_set_hour4:
;digitalclock.c,39 :: 		Read_Time(&hours, &minutes, &seconds);
0x026B	0x3020      	MOVLW      _hours
0x026C	0x00B7      	MOVWF      FARG_Read_Time_hours
0x026D	0x3023      	MOVLW      _minutes
0x026E	0x00B8      	MOVWF      FARG_Read_Time_minutes
0x026F	0x3025      	MOVLW      _seconds
0x0270	0x00B9      	MOVWF      FARG_Read_Time_seconds
0x0271	0x218B      	CALL       _Read_Time
;digitalclock.c,40 :: 		Transform_Time(&hours, &minutes, &seconds);
0x0272	0x3020      	MOVLW      _hours
0x0273	0x1283      	BCF        STATUS, 5
0x0274	0x00B7      	MOVWF      FARG_Transform_Time_hours
0x0275	0x3023      	MOVLW      _minutes
0x0276	0x00B8      	MOVWF      FARG_Transform_Time_minutes
0x0277	0x3025      	MOVLW      _seconds
0x0278	0x00B9      	MOVWF      FARG_Transform_Time_seconds
0x0279	0x20EE      	CALL       _Transform_Time
;digitalclock.c,41 :: 		if(hours>12)
0x027A	0x0820      	MOVF       _hours, 0
0x027B	0x3C0C      	SUBLW      12
0x027C	0x1803      	BTFSC      STATUS, 0
0x027D	0x2A80      	GOTO       L_mode_set_hour6
;digitalclock.c,42 :: 		hours -= 12;
0x027E	0x300C      	MOVLW      12
0x027F	0x02A0      	SUBWF      _hours, 1
L_mode_set_hour6:
;digitalclock.c,44 :: 		Hh = old_hours /10;
0x0280	0x300A      	MOVLW      10
0x0281	0x00F4      	MOVWF      R4
0x0282	0x0827      	MOVF       _old_hours, 0
0x0283	0x00F0      	MOVWF      R0
0x0284	0x20C9      	CALL       _Div_8x8_U
0x0285	0x0870      	MOVF       R0, 0
0x0286	0x00A4      	MOVWF      _Hh
;digitalclock.c,45 :: 		Hl = old_hours %10;
0x0287	0x300A      	MOVLW      10
0x0288	0x00F4      	MOVWF      R4
0x0289	0x0827      	MOVF       _old_hours, 0
0x028A	0x00F0      	MOVWF      R0
0x028B	0x20C9      	CALL       _Div_8x8_U
0x028C	0x0878      	MOVF       R8, 0
0x028D	0x00F0      	MOVWF      R0
0x028E	0x0870      	MOVF       R0, 0
0x028F	0x00AA      	MOVWF      _Hl
;digitalclock.c,46 :: 		Mh = minutes /10;
0x0290	0x300A      	MOVLW      10
0x0291	0x00F4      	MOVWF      R4
0x0292	0x0823      	MOVF       _minutes, 0
0x0293	0x00F0      	MOVWF      R0
0x0294	0x20C9      	CALL       _Div_8x8_U
0x0295	0x0870      	MOVF       R0, 0
0x0296	0x00A9      	MOVWF      _Mh
;digitalclock.c,47 :: 		Ml = minutes %10;
0x0297	0x300A      	MOVLW      10
0x0298	0x00F4      	MOVWF      R4
0x0299	0x0823      	MOVF       _minutes, 0
0x029A	0x00F0      	MOVWF      R0
0x029B	0x20C9      	CALL       _Div_8x8_U
0x029C	0x0878      	MOVF       R8, 0
0x029D	0x00F0      	MOVWF      R0
0x029E	0x0870      	MOVF       R0, 0
0x029F	0x00AB      	MOVWF      _Ml
;digitalclock.c,48 :: 		Sh = seconds /10;
0x02A0	0x300A      	MOVLW      10
0x02A1	0x00F4      	MOVWF      R4
0x02A2	0x0825      	MOVF       _seconds, 0
0x02A3	0x00F0      	MOVWF      R0
0x02A4	0x20C9      	CALL       _Div_8x8_U
0x02A5	0x0870      	MOVF       R0, 0
0x02A6	0x00AD      	MOVWF      _Sh
;digitalclock.c,49 :: 		Sl = seconds %10;
0x02A7	0x300A      	MOVLW      10
0x02A8	0x00F4      	MOVWF      R4
0x02A9	0x0825      	MOVF       _seconds, 0
0x02AA	0x00F0      	MOVWF      R0
0x02AB	0x20C9      	CALL       _Div_8x8_U
0x02AC	0x0878      	MOVF       R8, 0
0x02AD	0x00F0      	MOVWF      R0
0x02AE	0x0870      	MOVF       R0, 0
0x02AF	0x00AC      	MOVWF      _Sl
;digitalclock.c,50 :: 		max7219display(Sl,Sh,Ml,Mh,Hl,Hh);
0x02B0	0x0870      	MOVF       R0, 0
0x02B1	0x00B7      	MOVWF      FARG_max7219display_d1
0x02B2	0x082D      	MOVF       _Sh, 0
0x02B3	0x00B8      	MOVWF      FARG_max7219display_d2
0x02B4	0x082B      	MOVF       _Ml, 0
0x02B5	0x00B9      	MOVWF      FARG_max7219display_d3
0x02B6	0x0829      	MOVF       _Mh, 0
0x02B7	0x00BA      	MOVWF      FARG_max7219display_d4
0x02B8	0x082A      	MOVF       _Hl, 0
0x02B9	0x00BB      	MOVWF      FARG_max7219display_d5
0x02BA	0x0824      	MOVF       _Hh, 0
0x02BB	0x00BC      	MOVWF      FARG_max7219display_d6
0x02BC	0x2148      	CALL       _max7219display
;digitalclock.c,51 :: 		delay_ms(50);
0x02BD	0x3082      	MOVLW      130
0x02BE	0x00FC      	MOVWF      R12
0x02BF	0x30DD      	MOVLW      221
0x02C0	0x00FD      	MOVWF      R13
L_mode_set_hour7:
0x02C1	0x0BFD      	DECFSZ     R13, 1
0x02C2	0x2AC1      	GOTO       L_mode_set_hour7
0x02C3	0x0BFC      	DECFSZ     R12, 1
0x02C4	0x2AC1      	GOTO       L_mode_set_hour7
0x02C5	0x0000      	NOP
0x02C6	0x0000      	NOP
;digitalclock.c,52 :: 		max7219display(Sl,Sh,Ml,Mh,0XFF,0XFF);
0x02C7	0x082C      	MOVF       _Sl, 0
0x02C8	0x00B7      	MOVWF      FARG_max7219display_d1
0x02C9	0x082D      	MOVF       _Sh, 0
0x02CA	0x00B8      	MOVWF      FARG_max7219display_d2
0x02CB	0x082B      	MOVF       _Ml, 0
0x02CC	0x00B9      	MOVWF      FARG_max7219display_d3
0x02CD	0x0829      	MOVF       _Mh, 0
0x02CE	0x00BA      	MOVWF      FARG_max7219display_d4
0x02CF	0x30FF      	MOVLW      255
0x02D0	0x00BB      	MOVWF      FARG_max7219display_d5
0x02D1	0x30FF      	MOVLW      255
0x02D2	0x00BC      	MOVWF      FARG_max7219display_d6
0x02D3	0x2148      	CALL       _max7219display
;digitalclock.c,53 :: 		delay_ms(50);
0x02D4	0x3082      	MOVLW      130
0x02D5	0x00FC      	MOVWF      R12
0x02D6	0x30DD      	MOVLW      221
0x02D7	0x00FD      	MOVWF      R13
L_mode_set_hour8:
0x02D8	0x0BFD      	DECFSZ     R13, 1
0x02D9	0x2AD8      	GOTO       L_mode_set_hour8
0x02DA	0x0BFC      	DECFSZ     R12, 1
0x02DB	0x2AD8      	GOTO       L_mode_set_hour8
0x02DC	0x0000      	NOP
0x02DD	0x0000      	NOP
;digitalclock.c,54 :: 		}
0x02DE	0x0008      	RETURN
; end of _mode_set_hour
_Button:
;__Lib_Button.c,6 :: 		
;__Lib_Button.c,8 :: 		
0x02DF	0x1283      	BCF        STATUS, 5
0x02E0	0x1303      	BCF        STATUS, 6
0x02E1	0x01B6      	CLRF       Button_rslt_L0
;__Lib_Button.c,11 :: 		
0x02E2	0x0832      	MOVF       FARG_Button_pin, 0
0x02E3	0x00F1      	MOVWF      R1
0x02E4	0x3001      	MOVLW      1
0x02E5	0x00F0      	MOVWF      R0
0x02E6	0x0871      	MOVF       R1, 0
L__Button4:
0x02E7	0x1903      	BTFSC      STATUS, 2
0x02E8	0x2AED      	GOTO       L__Button5
0x02E9	0x0DF0      	RLF        R0, 1
0x02EA	0x1070      	BCF        R0, 0
0x02EB	0x3EFF      	ADDLW      255
0x02EC	0x2AE7      	GOTO       L__Button4
L__Button5:
0x02ED	0x0870      	MOVF       R0, 0
0x02EE	0x00B5      	MOVWF      Button_pMask_L0
;__Lib_Button.c,13 :: 		
0x02EF	0x0831      	MOVF       FARG_Button_port, 0
0x02F0	0x0084      	MOVWF      FSR
0x02F1	0x0870      	MOVF       R0, 0
0x02F2	0x0500      	ANDWF      INDF, 0
0x02F3	0x00F1      	MOVWF      R1
0x02F4	0x0871      	MOVF       R1, 0
0x02F5	0x3001      	MOVLW      1
0x02F6	0x1D03      	BTFSS      STATUS, 2
0x02F7	0x3000      	MOVLW      0
0x02F8	0x00F0      	MOVWF      R0
0x02F9	0x0834      	MOVF       FARG_Button_active_state, 0
0x02FA	0x06F0      	XORWF      R0, 1
0x02FB	0x1903      	BTFSC      STATUS, 2
0x02FC	0x2B15      	GOTO       L_Button0
;__Lib_Button.c,15 :: 		
L_Button1:
0x02FD	0x0833      	MOVF       FARG_Button_time_ms, 0
0x02FE	0x3C00      	SUBLW      0
0x02FF	0x1803      	BTFSC      STATUS, 0
0x0300	0x2B05      	GOTO       L_Button2
;__Lib_Button.c,16 :: 		
0x0301	0x20DA      	CALL       _Delay_500us
;__Lib_Button.c,17 :: 		
0x0302	0x20DA      	CALL       _Delay_500us
;__Lib_Button.c,18 :: 		
0x0303	0x03B3      	DECF       FARG_Button_time_ms, 1
;__Lib_Button.c,19 :: 		
0x0304	0x2AFD      	GOTO       L_Button1
L_Button2:
;__Lib_Button.c,21 :: 		
0x0305	0x0831      	MOVF       FARG_Button_port, 0
0x0306	0x0084      	MOVWF      FSR
0x0307	0x0835      	MOVF       Button_pMask_L0, 0
0x0308	0x0500      	ANDWF      INDF, 0
0x0309	0x00F1      	MOVWF      R1
0x030A	0x0871      	MOVF       R1, 0
0x030B	0x3001      	MOVLW      1
0x030C	0x1D03      	BTFSS      STATUS, 2
0x030D	0x3000      	MOVLW      0
0x030E	0x00F0      	MOVWF      R0
0x030F	0x0834      	MOVF       FARG_Button_active_state, 0
0x0310	0x06F0      	XORWF      R0, 1
0x0311	0x1903      	BTFSC      STATUS, 2
0x0312	0x2B15      	GOTO       L_Button3
;__Lib_Button.c,22 :: 		
0x0313	0x30FF      	MOVLW      255
0x0314	0x00B6      	MOVWF      Button_rslt_L0
L_Button3:
;__Lib_Button.c,23 :: 		
L_Button0:
;__Lib_Button.c,25 :: 		
0x0315	0x0836      	MOVF       Button_rslt_L0, 0
0x0316	0x00F0      	MOVWF      R0
;__Lib_Button.c,26 :: 		
0x0317	0x0008      	RETURN
; end of _Button
_Write_Time:
;ds1307.h,14 :: 		void Write_Time(char hours, char minutes, char seconds){
;ds1307.h,15 :: 		I2C1_Start();
0x0318	0x206C      	CALL       _I2C1_Start
;ds1307.h,16 :: 		I2C1_Wr(0xD0);
0x0319	0x30D0      	MOVLW      208
0x031A	0x1283      	BCF        STATUS, 5
0x031B	0x1303      	BCF        STATUS, 6
0x031C	0x00BD      	MOVWF      FARG_I2C1_Wr_data_
0x031D	0x201E      	CALL       _I2C1_Wr
;ds1307.h,17 :: 		I2C1_Wr(0);
0x031E	0x1283      	BCF        STATUS, 5
0x031F	0x01BD      	CLRF       FARG_I2C1_Wr_data_
0x0320	0x201E      	CALL       _I2C1_Wr
;ds1307.h,18 :: 		I2C1_Wr(0x80);
0x0321	0x3080      	MOVLW      128
0x0322	0x1283      	BCF        STATUS, 5
0x0323	0x00BD      	MOVWF      FARG_I2C1_Wr_data_
0x0324	0x201E      	CALL       _I2C1_Wr
;ds1307.h,20 :: 		I2C1_Wr(minutes);               // write 0 to minutes word to (REG1)
0x0325	0x1283      	BCF        STATUS, 5
0x0326	0x0832      	MOVF       FARG_Write_Time_minutes, 0
0x0327	0x00BD      	MOVWF      FARG_I2C1_Wr_data_
0x0328	0x201E      	CALL       _I2C1_Wr
;ds1307.h,21 :: 		I2C1_Wr(hours);                 // write 17 to hours word (24-hours mode)(REG2)
0x0329	0x1283      	BCF        STATUS, 5
0x032A	0x0831      	MOVF       FARG_Write_Time_hours, 0
0x032B	0x00BD      	MOVWF      FARG_I2C1_Wr_data_
0x032C	0x201E      	CALL       _I2C1_Wr
;ds1307.h,22 :: 		I2C1_Stop();                    // issue stop signal
0x032D	0x20B4      	CALL       _I2C1_Stop
;ds1307.h,24 :: 		I2C1_Start();                   // issue start signal
0x032E	0x206C      	CALL       _I2C1_Start
;ds1307.h,25 :: 		I2C1_Wr(0xD0);                  // address DS1307
0x032F	0x30D0      	MOVLW      208
0x0330	0x1283      	BCF        STATUS, 5
0x0331	0x1303      	BCF        STATUS, 6
0x0332	0x00BD      	MOVWF      FARG_I2C1_Wr_data_
0x0333	0x201E      	CALL       _I2C1_Wr
;ds1307.h,26 :: 		I2C1_Wr(0);                     // start from word at address 0
0x0334	0x1283      	BCF        STATUS, 5
0x0335	0x01BD      	CLRF       FARG_I2C1_Wr_data_
0x0336	0x201E      	CALL       _I2C1_Wr
;ds1307.h,27 :: 		I2C1_Wr(0 | seconds);           // write 0 to REG0 (enable counting + 0 sec)
0x0337	0x1283      	BCF        STATUS, 5
0x0338	0x0833      	MOVF       FARG_Write_Time_seconds, 0
0x0339	0x00BD      	MOVWF      FARG_I2C1_Wr_data_
0x033A	0x201E      	CALL       _I2C1_Wr
;ds1307.h,28 :: 		I2C1_Stop();                    // issue stop signal
0x033B	0x20B4      	CALL       _I2C1_Stop
;ds1307.h,29 :: 		}
0x033C	0x0008      	RETURN
; end of _Write_Time
_max7219_init1:
;max7219.h,14 :: 		void max7219_init1() {
;max7219.h,15 :: 		Chip_Select_Direction = 0;    // Set RC0 pin as output
0x033D	0x1683      	BSF        STATUS, 5
0x033E	0x1303      	BCF        STATUS, 6
0x033F	0x1007      	BCF        TRISC0_bit, 0
;max7219.h,16 :: 		Soft_SPI_Init();              // Initialize SPI1 module
0x0340	0x20BF      	CALL       _Soft_SPI_Init
;max7219.h,17 :: 		Chip_Select = 0;              // SELECT MAX
0x0341	0x1007      	BCF        RC0_bit, 0
;max7219.h,18 :: 		Soft_SPI_Write(0x09);         // BCD mode for digit code B decoding
0x0342	0x3009      	MOVLW      9
0x0343	0x00BD      	MOVWF      FARG_Soft_SPI_Write_sdata
0x0344	0x2034      	CALL       _Soft_SPI_Write
;max7219.h,19 :: 		Soft_SPI_Write(0xFF);
0x0345	0x30FF      	MOVLW      255
0x0346	0x00BD      	MOVWF      FARG_Soft_SPI_Write_sdata
0x0347	0x2034      	CALL       _Soft_SPI_Write
;max7219.h,20 :: 		Chip_Select = 1;       // DESELECT MAX
0x0348	0x1407      	BSF        RC0_bit, 0
;max7219.h,22 :: 		Chip_Select = 0;       // SELECT MAX
0x0349	0x1007      	BCF        RC0_bit, 0
;max7219.h,23 :: 		Soft_SPI_Write(0x0A);
0x034A	0x300A      	MOVLW      10
0x034B	0x00BD      	MOVWF      FARG_Soft_SPI_Write_sdata
0x034C	0x2034      	CALL       _Soft_SPI_Write
;max7219.h,24 :: 		Soft_SPI_Write(0x0F);      // Segment luminosity intensity
0x034D	0x300F      	MOVLW      15
0x034E	0x00BD      	MOVWF      FARG_Soft_SPI_Write_sdata
0x034F	0x2034      	CALL       _Soft_SPI_Write
;max7219.h,25 :: 		Chip_Select = 1;       // DESELECT MAX
0x0350	0x1407      	BSF        RC0_bit, 0
;max7219.h,27 :: 		Chip_Select = 0;       // SELECT MAX
0x0351	0x1007      	BCF        RC0_bit, 0
;max7219.h,28 :: 		Soft_SPI_Write(0x0B);
0x0352	0x300B      	MOVLW      11
0x0353	0x00BD      	MOVWF      FARG_Soft_SPI_Write_sdata
0x0354	0x2034      	CALL       _Soft_SPI_Write
;max7219.h,29 :: 		Soft_SPI_Write(0x07);      // Display refresh
0x0355	0x3007      	MOVLW      7
0x0356	0x00BD      	MOVWF      FARG_Soft_SPI_Write_sdata
0x0357	0x2034      	CALL       _Soft_SPI_Write
;max7219.h,30 :: 		Chip_Select = 1;       // DESELECT MAX
0x0358	0x1407      	BSF        RC0_bit, 0
;max7219.h,32 :: 		Chip_Select = 0;       // SELECT MAX
0x0359	0x1007      	BCF        RC0_bit, 0
;max7219.h,33 :: 		Soft_SPI_Write(0x0C);
0x035A	0x300C      	MOVLW      12
0x035B	0x00BD      	MOVWF      FARG_Soft_SPI_Write_sdata
0x035C	0x2034      	CALL       _Soft_SPI_Write
;max7219.h,34 :: 		Soft_SPI_Write(0x01);      // Turn on the display
0x035D	0x3001      	MOVLW      1
0x035E	0x00BD      	MOVWF      FARG_Soft_SPI_Write_sdata
0x035F	0x2034      	CALL       _Soft_SPI_Write
;max7219.h,35 :: 		Chip_Select = 1;       // DESELECT MAX
0x0360	0x1407      	BSF        RC0_bit, 0
;max7219.h,37 :: 		Chip_Select = 0;       // SELECT MAX
0x0361	0x1007      	BCF        RC0_bit, 0
;max7219.h,38 :: 		Soft_SPI_Write(0x00);
0x0362	0x01BD      	CLRF       FARG_Soft_SPI_Write_sdata
0x0363	0x2034      	CALL       _Soft_SPI_Write
;max7219.h,39 :: 		Soft_SPI_Write(0xFF);      // No test
0x0364	0x30FF      	MOVLW      255
0x0365	0x00BD      	MOVWF      FARG_Soft_SPI_Write_sdata
0x0366	0x2034      	CALL       _Soft_SPI_Write
;max7219.h,40 :: 		Chip_Select = 1;       // DESELECT MAX
0x0367	0x1407      	BSF        RC0_bit, 0
;max7219.h,41 :: 		}
0x0368	0x0008      	RETURN
; end of _max7219_init1
_I2C1_Init:
;__Lib_I2C_c34.c,2 :: 		
;__Lib_I2C_c34.c,3 :: 		
0x0369	0x1683      	BSF        STATUS, 5
0x036A	0x1303      	BCF        STATUS, 6
0x036B	0x1314      	BCF        SSPSTAT, 6
;__Lib_I2C_c34.c,4 :: 		
0x036C	0x1394      	BCF        SSPSTAT, 7
;__Lib_I2C_c34.c,5 :: 		
0x036D	0x1607      	BSF        TRISC4_bit, 4
;__Lib_I2C_c34.c,6 :: 		
0x036E	0x1587      	BSF        TRISC3_bit, 3
;__Lib_I2C_c34.c,7 :: 		
0x036F	0x3038      	MOVLW      56
0x0370	0x1283      	BCF        STATUS, 5
0x0371	0x0094      	MOVWF      SSPCON
;__Lib_I2C_c34.c,9 :: 		
0x0372	0x0008      	RETURN
; end of _I2C1_Init
_mode_display_time:
;digitalclock.c,12 :: 		void mode_display_time(){
;digitalclock.c,13 :: 		Read_Time(&hours, &minutes, &seconds);
0x0373	0x3020      	MOVLW      _hours
0x0374	0x1283      	BCF        STATUS, 5
0x0375	0x1303      	BCF        STATUS, 6
0x0376	0x00B7      	MOVWF      FARG_Read_Time_hours
0x0377	0x3023      	MOVLW      _minutes
0x0378	0x00B8      	MOVWF      FARG_Read_Time_minutes
0x0379	0x3025      	MOVLW      _seconds
0x037A	0x00B9      	MOVWF      FARG_Read_Time_seconds
0x037B	0x218B      	CALL       _Read_Time
;digitalclock.c,14 :: 		Transform_Time(&hours, &minutes, &seconds);
0x037C	0x3020      	MOVLW      _hours
0x037D	0x1283      	BCF        STATUS, 5
0x037E	0x00B7      	MOVWF      FARG_Transform_Time_hours
0x037F	0x3023      	MOVLW      _minutes
0x0380	0x00B8      	MOVWF      FARG_Transform_Time_minutes
0x0381	0x3025      	MOVLW      _seconds
0x0382	0x00B9      	MOVWF      FARG_Transform_Time_seconds
0x0383	0x20EE      	CALL       _Transform_Time
;digitalclock.c,15 :: 		if(hours>12)
0x0384	0x0820      	MOVF       _hours, 0
0x0385	0x3C0C      	SUBLW      12
0x0386	0x1803      	BTFSC      STATUS, 0
0x0387	0x2B8A      	GOTO       L_mode_display_time0
;digitalclock.c,16 :: 		hours -= 12;
0x0388	0x300C      	MOVLW      12
0x0389	0x02A0      	SUBWF      _hours, 1
L_mode_display_time0:
;digitalclock.c,18 :: 		Hh = hours /10;
0x038A	0x300A      	MOVLW      10
0x038B	0x00F4      	MOVWF      R4
0x038C	0x0820      	MOVF       _hours, 0
0x038D	0x00F0      	MOVWF      R0
0x038E	0x20C9      	CALL       _Div_8x8_U
0x038F	0x0870      	MOVF       R0, 0
0x0390	0x00A4      	MOVWF      _Hh
;digitalclock.c,19 :: 		Hl = hours %10;
0x0391	0x300A      	MOVLW      10
0x0392	0x00F4      	MOVWF      R4
0x0393	0x0820      	MOVF       _hours, 0
0x0394	0x00F0      	MOVWF      R0
0x0395	0x20C9      	CALL       _Div_8x8_U
0x0396	0x0878      	MOVF       R8, 0
0x0397	0x00F0      	MOVWF      R0
0x0398	0x0870      	MOVF       R0, 0
0x0399	0x00AA      	MOVWF      _Hl
;digitalclock.c,20 :: 		Mh = minutes /10;
0x039A	0x300A      	MOVLW      10
0x039B	0x00F4      	MOVWF      R4
0x039C	0x0823      	MOVF       _minutes, 0
0x039D	0x00F0      	MOVWF      R0
0x039E	0x20C9      	CALL       _Div_8x8_U
0x039F	0x0870      	MOVF       R0, 0
0x03A0	0x00A9      	MOVWF      _Mh
;digitalclock.c,21 :: 		Ml = minutes %10;
0x03A1	0x300A      	MOVLW      10
0x03A2	0x00F4      	MOVWF      R4
0x03A3	0x0823      	MOVF       _minutes, 0
0x03A4	0x00F0      	MOVWF      R0
0x03A5	0x20C9      	CALL       _Div_8x8_U
0x03A6	0x0878      	MOVF       R8, 0
0x03A7	0x00F0      	MOVWF      R0
0x03A8	0x0870      	MOVF       R0, 0
0x03A9	0x00AB      	MOVWF      _Ml
;digitalclock.c,22 :: 		Sh = seconds /10;
0x03AA	0x300A      	MOVLW      10
0x03AB	0x00F4      	MOVWF      R4
0x03AC	0x0825      	MOVF       _seconds, 0
0x03AD	0x00F0      	MOVWF      R0
0x03AE	0x20C9      	CALL       _Div_8x8_U
0x03AF	0x0870      	MOVF       R0, 0
0x03B0	0x00AD      	MOVWF      _Sh
;digitalclock.c,23 :: 		Sl = seconds %10;
0x03B1	0x300A      	MOVLW      10
0x03B2	0x00F4      	MOVWF      R4
0x03B3	0x0825      	MOVF       _seconds, 0
0x03B4	0x00F0      	MOVWF      R0
0x03B5	0x20C9      	CALL       _Div_8x8_U
0x03B6	0x0878      	MOVF       R8, 0
0x03B7	0x00F0      	MOVWF      R0
0x03B8	0x0870      	MOVF       R0, 0
0x03B9	0x00AC      	MOVWF      _Sl
;digitalclock.c,24 :: 		max7219display(Sl,Sh,Ml,Mh,Hl,Hh);
0x03BA	0x0870      	MOVF       R0, 0
0x03BB	0x00B7      	MOVWF      FARG_max7219display_d1
0x03BC	0x082D      	MOVF       _Sh, 0
0x03BD	0x00B8      	MOVWF      FARG_max7219display_d2
0x03BE	0x082B      	MOVF       _Ml, 0
0x03BF	0x00B9      	MOVWF      FARG_max7219display_d3
0x03C0	0x0829      	MOVF       _Mh, 0
0x03C1	0x00BA      	MOVWF      FARG_max7219display_d4
0x03C2	0x082A      	MOVF       _Hl, 0
0x03C3	0x00BB      	MOVWF      FARG_max7219display_d5
0x03C4	0x0824      	MOVF       _Hh, 0
0x03C5	0x00BC      	MOVWF      FARG_max7219display_d6
0x03C6	0x2148      	CALL       _max7219display
;digitalclock.c,25 :: 		old_hours = hours;
0x03C7	0x0820      	MOVF       _hours, 0
0x03C8	0x00A7      	MOVWF      _old_hours
;digitalclock.c,26 :: 		old_minutes = minutes;
0x03C9	0x0823      	MOVF       _minutes, 0
0x03CA	0x00A6      	MOVWF      _old_minutes
;digitalclock.c,27 :: 		delay_ms(50);
0x03CB	0x3082      	MOVLW      130
0x03CC	0x00FC      	MOVWF      R12
0x03CD	0x30DD      	MOVLW      221
0x03CE	0x00FD      	MOVWF      R13
L_mode_display_time1:
0x03CF	0x0BFD      	DECFSZ     R13, 1
0x03D0	0x2BCF      	GOTO       L_mode_display_time1
0x03D1	0x0BFC      	DECFSZ     R12, 1
0x03D2	0x2BCF      	GOTO       L_mode_display_time1
0x03D3	0x0000      	NOP
0x03D4	0x0000      	NOP
;digitalclock.c,28 :: 		}
0x03D5	0x0008      	RETURN
; end of _mode_display_time
___CC2DW:
;__Lib_System.c,24 :: 		
;__Lib_System.c,27 :: 		
_CC2D_Loop1:
;__Lib_System.c,29 :: 		
0x03D6	0x20E7      	CALL       _____DoICP
0x03D7	0x118A      	BCF        PCLATH, 3
0x03D8	0x120A      	BCF        PCLATH, 4
;__Lib_System.c,31 :: 		
0x03D9	0x0080      	MOVWF      INDF
;__Lib_System.c,32 :: 		
0x03DA	0x0A84      	INCF       FSR, 1
;__Lib_System.c,33 :: 		
0x03DB	0x0AA1      	INCF       ___DoICPAddr, 1
;__Lib_System.c,35 :: 		
0x03DC	0x1903      	BTFSC      STATUS, 2
;__Lib_System.c,36 :: 		
0x03DD	0x0AA2      	INCF       ___DoICPAddr+1, 1
;__Lib_System.c,37 :: 		
0x03DE	0x03F0      	DECF       R0, 1
;__Lib_System.c,39 :: 		
0x03DF	0x1D03      	BTFSS      STATUS, 2
;__Lib_System.c,40 :: 		
0x03E0	0x2BD6      	GOTO       _CC2D_Loop1
;__Lib_System.c,42 :: 		
0x03E1	0x0008      	RETURN
; end of ___CC2DW
_main:
;digitalclock.c,83 :: 		void main() {
;digitalclock.c,84 :: 		char mode1 = 0;
0x03E2	0x1283      	BCF        STATUS, 5
0x03E3	0x1303      	BCF        STATUS, 6
0x03E4	0x01AE      	CLRF       main_mode1_L0
;digitalclock.c,85 :: 		Trisa = 0X0F;
0x03E5	0x300F      	MOVLW      15
0x03E6	0x1683      	BSF        STATUS, 5
0x03E7	0x0085      	MOVWF      TRISA
;digitalclock.c,86 :: 		ANSEL = 0X00;
0x03E8	0x1703      	BSF        STATUS, 6
0x03E9	0x0188      	CLRF       ANSEL
;digitalclock.c,87 :: 		ANSELH = 0X00;
0x03EA	0x0189      	CLRF       ANSELH
;digitalclock.c,89 :: 		I2C1_Init(100000);            // initialize I2C
0x03EB	0x3014      	MOVLW      20
0x03EC	0x1303      	BCF        STATUS, 6
0x03ED	0x0093      	MOVWF      SSPADD
0x03EE	0x2369      	CALL       _I2C1_Init
;digitalclock.c,90 :: 		max7219_init1();              // initialize  max7219
0x03EF	0x233D      	CALL       _max7219_init1
;digitalclock.c,92 :: 		while(1){
L_main16:
;digitalclock.c,94 :: 		if (Button(&PORTA, 1, 1, 1)) {
0x03F0	0x3005      	MOVLW      PORTA
0x03F1	0x00B1      	MOVWF      FARG_Button_port
0x03F2	0x3001      	MOVLW      1
0x03F3	0x00B2      	MOVWF      FARG_Button_pin
0x03F4	0x3001      	MOVLW      1
0x03F5	0x00B3      	MOVWF      FARG_Button_time_ms
0x03F6	0x3001      	MOVLW      1
0x03F7	0x00B4      	MOVWF      FARG_Button_active_state
0x03F8	0x22DF      	CALL       _Button
0x03F9	0x0870      	MOVF       R0, 0
0x03FA	0x1903      	BTFSC      STATUS, 2
0x03FB	0x2BFD      	GOTO       L_main18
;digitalclock.c,95 :: 		oldstate = 1;
0x03FC	0x1428      	BSF        _oldstate, BitPos(_oldstate+0)
;digitalclock.c,96 :: 		}
L_main18:
;digitalclock.c,97 :: 		if (oldstate && Button(&PORTA, 1, 1, 0)) {
0x03FD	0x1C28      	BTFSS      _oldstate, BitPos(_oldstate+0)
0x03FE	0x2C26      	GOTO       L_main21
0x03FF	0x3005      	MOVLW      PORTA
0x0400	0x00B1      	MOVWF      FARG_Button_port
0x0401	0x3001      	MOVLW      1
0x0402	0x00B2      	MOVWF      FARG_Button_pin
0x0403	0x3001      	MOVLW      1
0x0404	0x00B3      	MOVWF      FARG_Button_time_ms
0x0405	0x01B4      	CLRF       FARG_Button_active_state
0x0406	0x22DF      	CALL       _Button
0x0407	0x0870      	MOVF       R0, 0
0x0408	0x1903      	BTFSC      STATUS, 2
0x0409	0x2C26      	GOTO       L_main21
L__main28:
;digitalclock.c,98 :: 		mode1++;
0x040A	0x0AAE      	INCF       main_mode1_L0, 1
;digitalclock.c,99 :: 		if(mode1 > 2){
0x040B	0x082E      	MOVF       main_mode1_L0, 0
0x040C	0x3C02      	SUBLW      2
0x040D	0x1803      	BTFSC      STATUS, 0
0x040E	0x2C24      	GOTO       L_main22
;digitalclock.c,100 :: 		mode1 = 0;
0x040F	0x01AE      	CLRF       main_mode1_L0
;digitalclock.c,101 :: 		Write_Time(Dec2Bcd(old_hours),Dec2Bcd(old_minutes),Dec2Bcd(seconds));
0x0410	0x0825      	MOVF       _seconds, 0
0x0411	0x00B1      	MOVWF      FARG_Dec2Bcd_decnum
0x0412	0x2234      	CALL       _Dec2Bcd
0x0413	0x0870      	MOVF       R0, 0
0x0414	0x00B0      	MOVWF      FLOC__main+1
0x0415	0x0826      	MOVF       _old_minutes, 0
0x0416	0x00B1      	MOVWF      FARG_Dec2Bcd_decnum
0x0417	0x2234      	CALL       _Dec2Bcd
0x0418	0x0870      	MOVF       R0, 0
0x0419	0x00AF      	MOVWF      FLOC__main
0x041A	0x0827      	MOVF       _old_hours, 0
0x041B	0x00B1      	MOVWF      FARG_Dec2Bcd_decnum
0x041C	0x2234      	CALL       _Dec2Bcd
0x041D	0x0870      	MOVF       R0, 0
0x041E	0x00B1      	MOVWF      FARG_Write_Time_hours
0x041F	0x082F      	MOVF       FLOC__main, 0
0x0420	0x00B2      	MOVWF      FARG_Write_Time_minutes
0x0421	0x0830      	MOVF       FLOC__main+1, 0
0x0422	0x00B3      	MOVWF      FARG_Write_Time_seconds
0x0423	0x2318      	CALL       _Write_Time
;digitalclock.c,102 :: 		}
L_main22:
;digitalclock.c,103 :: 		oldstate = 0;
0x0424	0x1283      	BCF        STATUS, 5
0x0425	0x1028      	BCF        _oldstate, BitPos(_oldstate+0)
;digitalclock.c,104 :: 		}
L_main21:
;digitalclock.c,105 :: 		switch(mode1){
0x0426	0x2C2D      	GOTO       L_main23
;digitalclock.c,106 :: 		case 0:   mode_display_time(); break;
L_main25:
0x0427	0x2373      	CALL       _mode_display_time
0x0428	0x2C39      	GOTO       L_main24
;digitalclock.c,107 :: 		case 1:   mode_set_hour();     break;
L_main26:
0x0429	0x225B      	CALL       _mode_set_hour
0x042A	0x2C39      	GOTO       L_main24
;digitalclock.c,108 :: 		case 2:   mode_set_minute();   break;
L_main27:
0x042B	0x21B0      	CALL       _mode_set_minute
0x042C	0x2C39      	GOTO       L_main24
;digitalclock.c,109 :: 		}
L_main23:
0x042D	0x082E      	MOVF       main_mode1_L0, 0
0x042E	0x3A00      	XORLW      0
0x042F	0x1903      	BTFSC      STATUS, 2
0x0430	0x2C27      	GOTO       L_main25
0x0431	0x082E      	MOVF       main_mode1_L0, 0
0x0432	0x3A01      	XORLW      1
0x0433	0x1903      	BTFSC      STATUS, 2
0x0434	0x2C29      	GOTO       L_main26
0x0435	0x082E      	MOVF       main_mode1_L0, 0
0x0436	0x3A02      	XORLW      2
0x0437	0x1903      	BTFSC      STATUS, 2
0x0438	0x2C2B      	GOTO       L_main27
L_main24:
;digitalclock.c,110 :: 		}
0x0439	0x2BF0      	GOTO       L_main16
;digitalclock.c,111 :: 		}
0x043A	0x2C3A      	GOTO       $+0
; end of _main
Symbol List:
//** Routines locations **
//ADDRESS    SIZE    PROCEDURE
//----------------------------------------------
0x0003      [16]    _I2C1_Is_Idle
0x0013       [3]    _Delay_1us
0x0016       [8]    _Delay_22us
0x001E      [22]    _I2C1_Wr
0x0034      [31]    _Soft_SPI_Write
0x0053      [25]    _Mul_8x8_U
0x006C      [41]    _I2C1_Start
0x0095      [31]    _I2C1_Rd
0x00B4       [4]    _I2C1_Stop
0x00B8       [7]    _I2C1_Repeated_Start
0x00BF      [10]    _Soft_SPI_Init
0x00C9      [17]    _Div_8x8_U
0x00DA      [13]    _Delay_500us
0x00E7       [7]    _____DoICP
0x00EE      [90]    _Transform_Time
0x0148      [67]    _max7219display
0x018B      [37]    _Read_Time
0x01B0     [132]    _mode_set_minute
0x0234      [39]    _Dec2Bcd
0x025B     [132]    _mode_set_hour
0x02DF      [57]    _Button
0x0318      [37]    _Write_Time
0x033D      [44]    _max7219_init1
0x0369      [10]    _I2C1_Init
0x0373      [99]    _mode_display_time
0x03D6      [12]    ___CC2DW
0x03E2      [89]    _main
//** Variables locations ** 
//ADDRESS    SIZE    VARIABLE
//----------------------------------------------
0x0000       [1]    INDF
0x0001       [1]    TMR0
0x0002       [1]    PCL
0x0003       [0]    C_bit
0x0003       [1]    STATUS
0x0003       [0]    RP0_bit
0x0003       [0]    RP1_bit
0x0003       [0]    IRP_bit
0x0003       [0]    NOT_TO_bit
0x0003       [0]    NOT_PD_bit
0x0003       [0]    Z_bit
0x0003       [0]    DC_bit
0x0004       [1]    FSR
0x0004       [1]    FSRPTR
0x0005       [0]    RA4_bit
0x0005       [1]    PORTA
0x0005       [0]    RA2_bit
0x0005       [0]    RA3_bit
0x0005       [0]    RA1_bit
0x0005       [0]    RA6_bit
0x0005       [0]    RA7_bit
0x0005       [0]    RA5_bit
0x0005       [0]    RA0_bit
0x0006       [1]    PORTB
0x0006       [0]    RB3_bit
0x0006       [0]    RB2_bit
0x0006       [0]    RB1_bit
0x0006       [0]    RB4_bit
0x0006       [0]    RB0_bit
0x0006       [0]    RB5_bit
0x0006       [0]    RB6_bit
0x0006       [0]    RB7_bit
0x0007       [0]    RC6_bit
0x0007       [0]    RC5_bit
0x0007       [0]    RC7_bit
0x0007       [0]    RC4_bit
0x0007       [0]    Chip_Select
0x0007       [0]    SoftSpi_CLK
0x0007       [0]    RC2_bit
0x0007       [1]    PORTC
0x0007       [0]    RC0_bit
0x0007       [0]    RC1_bit
0x0007       [0]    SoftSpi_SDO
0x0007       [0]    SoftSpi_SDI
0x0007       [0]    RC3_bit
0x0008       [1]    PORTD
0x0008       [0]    RD0_bit
0x0008       [0]    RD7_bit
0x0008       [0]    RD6_bit
0x0008       [0]    RD5_bit
0x0008       [0]    RD1_bit
0x0008       [0]    RD3_bit
0x0008       [0]    RD4_bit
0x0008       [0]    RD2_bit
0x0009       [0]    RE2_bit
0x0009       [0]    RE3_bit
0x0009       [1]    PORTE
0x0009       [0]    RE1_bit
0x0009       [0]    RE0_bit
0x000A       [1]    PCLATH
0x000B       [0]    RBIE_bit
0x000B       [0]    T0IE_bit
0x000B       [0]    TMR0IE_bit
0x000B       [0]    TMR0IF_bit
0x000B       [0]    INTE_bit
0x000B       [0]    PEIE_bit
0x000B       [1]    INTCON
0x000B       [0]    T0IF_bit
0x000B       [0]    INTF_bit
0x000B       [0]    GIE_bit
0x000B       [0]    RBIF_bit
0x000C       [0]    CCP1IF_bit
0x000C       [0]    SSPIF_bit
0x000C       [0]    TMR1IF_bit
0x000C       [0]    TMR2IF_bit
0x000C       [0]    RCIF_bit
0x000C       [0]    ADIF_bit
0x000C       [0]    TXIF_bit
0x000C       [1]    PIR1
0x000D       [0]    CCP2IF_bit
0x000D       [0]    C1IF_bit
0x000D       [0]    BCLIF_bit
0x000D       [0]    EEIF_bit
0x000D       [1]    PIR2
0x000D       [0]    OSFIF_bit
0x000D       [0]    ULPWUIF_bit
0x000D       [0]    C2IF_bit
0x000E       [1]    TMR1L
0x000F       [1]    TMR1H
0x0010       [0]    TMR1CS_bit
0x0010       [0]    T1CKPS0_bit
0x0010       [0]    T1OSCEN_bit
0x0010       [0]    TMR1ON_bit
0x0010       [0]    NOT_T1SYNC_bit
0x0010       [0]    T1CKPS1_bit
0x0010       [0]    T1SYNC_bit
0x0010       [0]    T1GINV_bit
0x0010       [1]    T1CON
0x0010       [0]    T1INSYNC_bit
0x0010       [0]    TMR1GE_bit
0x0011       [1]    TMR2
0x0012       [0]    T2CKPS1_bit
0x0012       [0]    TOUTPS3_bit
0x0012       [0]    TMR2ON_bit
0x0012       [0]    T2CKPS0_bit
0x0012       [0]    TOUTPS0_bit
0x0012       [0]    TOUTPS2_bit
0x0012       [1]    T2CON
0x0012       [0]    TOUTPS1_bit
0x0013       [1]    SSPBUF
0x0014       [0]    SSPM3_bit
0x0014       [0]    WCOL_bit
0x0014       [0]    SSPEN_bit
0x0014       [0]    CKP_bit
0x0014       [0]    SSPM2_bit
0x0014       [0]    SSPOV_bit
0x0014       [0]    SSPM1_bit
0x0014       [1]    SSPCON
0x0014       [0]    SSPM0_bit
0x0015       [1]    CCPR1L
0x0015       [2]    CCPR1
0x0016       [1]    CCPR1H
0x0017       [0]    CCP1M2_bit
0x0017       [0]    CCP1Y_bit
0x0017       [0]    P1M0_bit
0x0017       [1]    CCP1CON
0x0017       [0]    DC1B0_bit
0x0017       [0]    CCP1M3_bit
0x0017       [0]    CCP1M1_bit
0x0017       [0]    CCP1M0_bit
0x0017       [0]    P1M1_bit
0x0017       [0]    DC1B1_bit
0x0017       [0]    CCP1X_bit
0x0018       [0]    SPEN_bit
0x0018       [0]    FERR_bit
0x0018       [0]    OERR_bit
0x0018       [0]    ADDEN_bit
0x0018       [0]    RC9_bit
0x0018       [0]    NOT_RC8_bit
0x0018       [0]    RX9_bit
0x0018       [0]    RC8_9_bit
0x0018       [0]    CREN_bit
0x0018       [1]    RCSTA
0x0018       [0]    RX9D_bit
0x0018       [0]    SREN_bit
0x0018       [0]    RCD8_bit
0x0019       [1]    TXREG
0x001A       [1]    RCREG
0x001B       [2]    CCPR2
0x001B       [1]    CCPR2L
0x001C       [1]    CCPR2H
0x001D       [0]    DC2B0_bit
0x001D       [1]    CCP2CON
0x001D       [0]    CCP2M3_bit
0x001D       [0]    CCP2Y_bit
0x001D       [0]    CCP2X_bit
0x001D       [0]    DC2B1_bit
0x001D       [0]    CCP2M0_bit
0x001D       [0]    CCP2M1_bit
0x001D       [0]    CCP2M2_bit
0x001E       [1]    ADRESH
0x001F       [0]    ADCS0_bit
0x001F       [0]    ADCS1_bit
0x001F       [0]    GO_bit
0x001F       [0]    CHS1_bit
0x001F       [0]    CHS0_bit
0x001F       [0]    CHS3_bit
0x001F       [0]    CHS2_bit
0x001F       [0]    NOT_DONE_bit
0x001F       [1]    ADCON0
0x001F       [0]    ADON_bit
0x001F       [0]    GO_DONE_bit
0x0020       [1]    _hours
0x0021       [2]    ___DoICPAddr
0x0023       [1]    _minutes
0x0024       [1]    _Hh
0x0025       [1]    _seconds
0x0026       [1]    _old_minutes
0x0027       [1]    _old_hours
0x0028       [0]    _oldstate
0x0029       [1]    _Mh
0x002A       [1]    _Hl
0x002B       [1]    _Ml
0x002C       [1]    _Sl
0x002D       [1]    _Sh
0x002E       [1]    main_mode1_L0
0x002F       [2]    FLOC__main
0x0031       [1]    FARG_Button_port
0x0031       [1]    FARG_Write_Time_hours
0x0031       [4]    FARG_I2C1_Init_clock
0x0031       [1]    FARG_Dec2Bcd_decnum
0x0032       [1]    FARG_Write_Time_minutes
0x0032       [1]    FARG_Button_pin
0x0032       [1]    Dec2Bcd_tmp_L0
0x0033       [1]    FARG_Write_Time_seconds
0x0033       [1]    FARG_Button_time_ms
0x0034       [1]    FARG_Button_active_state
0x0035       [1]    Button_pMask_L0
0x0036       [1]    Button_rslt_L0
0x0037       [1]    FARG_max7219display_d1
0x0037       [1]    FARG_Transform_Time_hours
0x0037       [1]    FARG_Read_Time_hours
0x0038       [1]    FARG_Read_Time_minutes
0x0038       [1]    FARG_Transform_Time_minutes
0x0038       [1]    FARG_max7219display_d2
0x0039       [1]    FARG_max7219display_d3
0x0039       [1]    FARG_Transform_Time_seconds
0x0039       [1]    FARG_Read_Time_seconds
0x003A       [1]    FLOC__Transform_Time
0x003A       [1]    FARG_max7219display_d4
0x003B       [1]    FARG_max7219display_d5
0x003C       [1]    FARG_max7219display_d6
0x003D       [1]    FARG_Soft_SPI_Write_sdata
0x003D       [1]    FARG_I2C1_Rd_ack
0x003D       [2]    I2C1_Start_j_L0
0x003D       [1]    FARG_I2C1_Wr_data_
0x003E       [1]    Soft_SPI_Write_i_L0
0x0070       [1]    R0
0x0071       [1]    R1
0x0072       [1]    R2
0x0073       [1]    R3
0x0074       [1]    R4
0x0075       [1]    R5
0x0076       [1]    R6
0x0077       [1]    R7
0x0078       [1]    R8
0x0079       [1]    R9
0x007A       [1]    R10
0x007B       [1]    R11
0x007C       [1]    R12
0x007D       [1]    R13
0x007E       [1]    R14
0x007F       [1]    R15
0x0081       [1]    OPTION_REG
0x0081       [0]    NOT_RBPU_bit
0x0081       [0]    PS2_bit
0x0081       [0]    PSA_bit
0x0081       [0]    PS0_bit
0x0081       [0]    PS1_bit
0x0081       [0]    T0SE_bit
0x0081       [0]    T0CS_bit
0x0081       [0]    INTEDG_bit
0x0085       [1]    TRISA
0x0085       [0]    TRISA1_bit
0x0085       [0]    TRISA6_bit
0x0085       [0]    TRISA4_bit
0x0085       [0]    TRISA3_bit
0x0085       [0]    TRISA2_bit
0x0085       [0]    TRISA7_bit
0x0085       [0]    TRISA0_bit
0x0085       [0]    TRISA5_bit
0x0086       [1]    TRISB
0x0086       [0]    TRISB4_bit
0x0086       [0]    TRISB2_bit
0x0086       [0]    TRISB3_bit
0x0086       [0]    TRISB6_bit
0x0086       [0]    TRISB7_bit
0x0086       [0]    TRISB1_bit
0x0086       [0]    TRISB0_bit
0x0086       [0]    TRISB5_bit
0x0087       [0]    TRISC5_bit
0x0087       [0]    TRISC6_bit
0x0087       [0]    TRISC4_bit
0x0087       [0]    TRISC2_bit
0x0087       [0]    TRISC3_bit
0x0087       [0]    SoftSpi_CLK_Direction
0x0087       [0]    Chip_Select_Direction
0x0087       [0]    SoftSpi_SDO_Direction
0x0087       [0]    TRISC7_bit
0x0087       [0]    SoftSpi_SDI_Direction
0x0087       [0]    TRISC1_bit
0x0087       [1]    TRISC
0x0087       [0]    TRISC0_bit
0x0088       [0]    TRISD0_bit
0x0088       [0]    TRISD4_bit
0x0088       [0]    TRISD5_bit
0x0088       [0]    TRISD6_bit
0x0088       [1]    TRISD
0x0088       [0]    TRISD3_bit
0x0088       [0]    TRISD2_bit
0x0088       [0]    TRISD1_bit
0x0088       [0]    TRISD7_bit
0x0089       [0]    TRISE1_bit
0x0089       [0]    TRISE2_bit
0x0089       [1]    TRISE
0x0089       [0]    TRISE0_bit
0x0089       [0]    TRISE3_bit
0x008C       [1]    PIE1
0x008C       [0]    SSPIE_bit
0x008C       [0]    TXIE_bit
0x008C       [0]    CCP1IE_bit
0x008C       [0]    TMR1IE_bit
0x008C       [0]    TMR2IE_bit
0x008C       [0]    ADIE_bit
0x008C       [0]    RCIE_bit
0x008D       [0]    EEIE_bit
0x008D       [0]    C1IE_bit
0x008D       [0]    CCP2IE_bit
0x008D       [0]    BCLIE_bit
0x008D       [0]    ULPWUIE_bit
0x008D       [0]    OSFIE_bit
0x008D       [1]    PIE2
0x008D       [0]    C2IE_bit
0x008E       [0]    NOT_POR_bit
0x008E       [0]    SBOREN_bit
0x008E       [0]    NOT_BOR_bit
0x008E       [0]    NOT_BO_bit
0x008E       [1]    PCON
0x008E       [0]    ULPWUE_bit
0x008F       [0]    HTS_bit
0x008F       [0]    OSTS_bit
0x008F       [0]    SCS_bit
0x008F       [0]    LTS_bit
0x008F       [0]    IRCF0_bit
0x008F       [1]    OSCCON
0x008F       [0]    IRCF2_bit
0x008F       [0]    IRCF1_bit
0x0090       [0]    TUN2_bit
0x0090       [0]    TUN1_bit
0x0090       [0]    TUN0_bit
0x0090       [0]    TUN3_bit
0x0090       [0]    TUN4_bit
0x0090       [1]    OSCTUNE
0x0091       [0]    PEN_bit
0x0091       [0]    RCEN_bit
0x0091       [0]    RSEN_bit
0x0091       [1]    SSPCON2
0x0091       [0]    SEN_bit
0x0091       [0]    ACKSTAT_bit
0x0091       [0]    GCEN_bit
0x0091       [0]    ACKEN_bit
0x0091       [0]    ACKDT_bit
0x0092       [1]    PR2
0x0093       [1]    MSK
0x0093       [1]    SSPADD
0x0093       [1]    SSPMSK
0x0094       [0]    NOT_WRITE_bit
0x0094       [0]    R_W_bit
0x0094       [0]    I2C_READ_bit
0x0094       [0]    NOT_W_bit
0x0094       [0]    BF_bit
0x0094       [1]    SSPSTAT
0x0094       [0]    READ_WRITE_bit
0x0094       [0]    UA_bit
0x0094       [0]    R_bit
0x0094       [0]    I2C_DATA_bit
0x0094       [0]    NOT_A_bit
0x0094       [0]    NOT_ADDRESS_bit
0x0094       [0]    SMP_bit
0x0094       [0]    CKE_bit
0x0094       [0]    D_bit
0x0094       [0]    S_bit
0x0094       [0]    P_bit
0x0094       [0]    I2C_STOP__bit
0x0094       [0]    I2C_START__bit
0x0094       [0]    DATA_ADDRESS_bit
0x0094       [0]    D_A_bit
0x0095       [0]    WPUB0_bit
0x0095       [1]    WPUB
0x0095       [0]    WPUB1_bit
0x0095       [0]    WPUB5_bit
0x0095       [0]    WPUB6_bit
0x0095       [0]    WPUB7_bit
0x0095       [0]    WPUB2_bit
0x0095       [0]    WPUB3_bit
0x0095       [0]    WPUB4_bit
0x0096       [0]    IOCB0_bit
0x0096       [1]    IOCB
0x0096       [0]    IOCB1_bit
0x0096       [0]    IOCB5_bit
0x0096       [0]    IOCB6_bit
0x0096       [0]    IOCB7_bit
0x0096       [0]    IOCB4_bit
0x0096       [0]    IOCB2_bit
0x0096       [0]    IOCB3_bit
0x0097       [0]    VR0_bit
0x0097       [1]    VRCON
0x0097       [0]    VR1_bit
0x0097       [0]    VRR_bit
0x0097       [0]    VR3_bit
0x0097       [0]    VRSS_bit
0x0097       [0]    VR2_bit
0x0097       [0]    VROE_bit
0x0097       [0]    VREN_bit
0x0098       [0]    TX9D_bit
0x0098       [0]    TRMT_bit
0x0098       [1]    TXSTA
0x0098       [0]    TXD8_bit
0x0098       [0]    NOT_TX8_bit
0x0098       [0]    TX8_9_bit
0x0098       [0]    CSRC_bit
0x0098       [0]    TX9_bit
0x0098       [0]    SENDB_bit
0x0098       [0]    BRGH_bit
0x0098       [0]    SYNC_bit
0x0098       [0]    TXEN_bit
0x0099       [0]    BRG1_bit
0x0099       [1]    SPBRG
0x0099       [0]    BRG0_bit
0x0099       [0]    BRG5_bit
0x0099       [0]    BRG6_bit
0x0099       [0]    BRG7_bit
0x0099       [0]    BRG2_bit
0x0099       [0]    BRG3_bit
0x0099       [0]    BRG4_bit
0x009A       [0]    BRG9_bit
0x009A       [0]    BRG10_bit
0x009A       [1]    SPBRGH
0x009A       [0]    BRG8_bit
0x009A       [0]    BRG11_bit
0x009A       [0]    BRG14_bit
0x009A       [0]    BRG15_bit
0x009A       [0]    BRG12_bit
0x009A       [0]    BRG13_bit
0x009B       [0]    PDC3_bit
0x009B       [0]    PDC4_bit
0x009B       [0]    PDC0_bit
0x009B       [0]    PDC1_bit
0x009B       [0]    PDC2_bit
0x009B       [0]    PDC6_bit
0x009B       [1]    PWM1CON
0x009B       [0]    PRSEN_bit
0x009B       [0]    PDC5_bit
0x009C       [0]    ECCPAS1_bit
0x009C       [0]    ECCPAS2_bit
0x009C       [0]    PSSAC0_bit
0x009C       [0]    PSSAC1_bit
0x009C       [0]    ECCPAS0_bit
0x009C       [0]    PSSBD0_bit
0x009C       [1]    ECCPAS
0x009C       [0]    PSSBD1_bit
0x009C       [0]    ECCPASE_bit
0x009D       [0]    STRSYNC_bit
0x009D       [0]    STRD_bit
0x009D       [0]    STRA_bit
0x009D       [1]    PSTRCON
0x009D       [0]    STRC_bit
0x009D       [0]    STRB_bit
0x009E       [1]    ADRESL
0x009F       [0]    VCFG1_bit
0x009F       [0]    ADFM_bit
0x009F       [0]    VCFG0_bit
0x009F       [1]    ADCON1
0x0105       [1]    WDTCON
0x0105       [0]    WDTPS2_bit
0x0105       [0]    SWDTEN_bit
0x0105       [0]    WDTPS0_bit
0x0105       [0]    WDTPS3_bit
0x0105       [0]    WDTPS1_bit
0x0107       [1]    CM1CON0
0x0107       [0]    C1OE_bit
0x0107       [0]    C1POL_bit
0x0107       [0]    C1ON_bit
0x0107       [0]    C1OUT_bit
0x0107       [0]    C1R_bit
0x0107       [0]    C1CH0_bit
0x0107       [0]    C1CH1_bit
0x0108       [0]    C2OUT_bit
0x0108       [0]    C2ON_bit
0x0108       [0]    C2POL_bit
0x0108       [0]    C2OE_bit
0x0108       [0]    C2R_bit
0x0108       [0]    C2CH0_bit
0x0108       [0]    C2CH1_bit
0x0108       [1]    CM2CON0
0x0109       [0]    C1RSEL_bit
0x0109       [0]    MC2OUT_bit
0x0109       [0]    MC1OUT_bit
0x0109       [0]    C2SYNC_bit
0x0109       [0]    T1GSS_bit
0x0109       [0]    C2RSEL_bit
0x0109       [1]    CM2CON1
0x010C       [1]    EEDATA
0x010C       [1]    EEDAT
0x010D       [1]    EEADR
0x010E       [1]    EEDATH
0x010F       [1]    EEADRH
0x0185       [0]    SR0_bit
0x0185       [0]    C1SEN_bit
0x0185       [0]    PULSS_bit
0x0185       [0]    SR1_bit
0x0185       [0]    FVREN_bit
0x0185       [0]    PULSR_bit
0x0185       [1]    SRCON
0x0185       [0]    C2REN_bit
0x0187       [0]    WUE_bit
0x0187       [0]    ABDOVF_bit
0x0187       [1]    BAUDCTL
0x0187       [0]    SCKP_bit
0x0187       [0]    RCIDL_bit
0x0187       [0]    BRG16_bit
0x0187       [0]    ABDEN_bit
0x0188       [0]    ANS2_bit
0x0188       [0]    ANS7_bit
0x0188       [1]    ANSEL
0x0188       [0]    ANS1_bit
0x0188       [0]    ANS4_bit
0x0188       [0]    ANS5_bit
0x0188       [0]    ANS0_bit
0x0188       [0]    ANS6_bit
0x0188       [0]    ANS3_bit
0x0189       [0]    ANS10_bit
0x0189       [0]    ANS11_bit
0x0189       [0]    ANS9_bit
0x0189       [0]    ANS13_bit
0x0189       [0]    ANS8_bit
0x0189       [1]    ANSELH
0x0189       [0]    ANS12_bit
0x018C       [0]    WREN_bit
0x018C       [0]    WR_bit
0x018C       [0]    RD_bit
0x018C       [0]    EEPGD_bit
0x018C       [1]    EECON1
0x018C       [0]    WRERR_bit
0x018D       [1]    EECON2
//** Label List: ** 
//----------------------------------------------
  L_mode_display_time0
  L_mode_display_time1
  L_mode_set_hour2
  L_mode_set_hour3
  L_mode_set_hour4
  L_mode_set_hour5
  L_mode_set_hour6
  L_mode_set_hour7
  L_mode_set_hour8
  L_mode_set_minute9
  L_mode_set_minute10
  L_mode_set_minute11
  L_mode_set_minute12
  L_mode_set_minute13
  L_mode_set_minute14
  L_mode_set_minute15
  L_main16
  L_main17
  L_main18
  L_main19
  L_main20
  L_main21
  L_main22
  L_main23
  L_main24
  L_main25
  L_main26
  L_main27
  L__main28
  _max7219_init1
  _max7219display
  _Read_Time
  _Write_Time
  _Transform_Time
  _mode_display_time
  _mode_set_hour
  _mode_set_minute
  _main
  L_Button0
  L_Button1
  L_Button2
  L_Button3
  _Button
  L__Button4
  L__Button5
  L_ByteToStr0
  L_ByteToStr1
  L_ByteToStr2
  L_ByteToStr3
  L_ByteToStr4
  L_ByteToStr5
  L_WordToStr6
  L_WordToStr7
  L_WordToStr8
  L_WordToStr9
  L_WordToStr10
  L_WordToStr11
  L_ShortToStr12
  L_ShortToStr13
  L_ShortToStr14
  L_ShortToStr15
  L_ShortToStr16
  L_ShortToStr17
  L_IntToStr18
  L_IntToStr19
  L_IntToStr20
  L_IntToStr21
  L_IntToStr22
  L_IntToStr23
  L_LongWordToStr24
  L_LongWordToStr25
  L_LongWordToStr26
  L_LongWordToStr27
  L_LongWordToStr28
  L_LongWordToStr29
  L_LongToStr30
  L_LongToStr31
  L_LongToStr32
  L_LongToStr33
  L_LongToStr34
  L_LongToStr35
  L_Dec2Bcd36
  L_Dec2Bcd37
  L_Rtrim38
  L_Rtrim39
  L_Ltrim40
  L_Ltrim41
  L_Ltrim42
  L_Ltrim43
  L_Ltrim44
  L_Ltrim45
  L_FloatToStr46
  L_FloatToStr47
  L_FloatToStr48
  L_FloatToStr49
  L_FloatToStr50
  L_FloatToStr51
  L_FloatToStr52
  L_FloatToStr53
  L_FloatToStr54
  L_FloatToStr55
  L_FloatToStr56
  L_FloatToStr57
  L_FloatToStr58
  L_FloatToStr59
  L_FloatToStr60
  L_FloatToStr61
  L_FloatToStr62
  L_FloatToStr63
  L_FloatToStr64
  L_FloatToStr65
  L_FloatToStr66
  L_FloatToStr67
  L__Ltrim68
  L__FloatToStr69
  _ByteToStr
  _WordToStr
  L__WordToStr70
  _ShortToStr
  L__ShortToStr71
  _IntToStr
  L__IntToStr72
  L__IntToStr73
  _LongWordToStr
  L__LongWordToStr74
  L__LongWordToStr75
  _LongToStr
  L__LongToStr76
  L__LongToStr77
  _Dec2Bcd
  _Bcd2Dec
  _Bcd2Dec16
  L__Bcd2Dec1678
  L__Bcd2Dec1679
  _Dec2Bcd16
  L__Dec2Bcd1680
  L__Dec2Bcd1681
  _Rtrim
  _Ltrim
  _FloatToStr
  L__FloatToStr82
  L__FloatToStr83
  L__FloatToStr84
  L__FloatToStr85
  L__FloatToStr86
  L_Delay_10us0
  L_Delay_22us1
  L_Delay_50us2
  L_Delay_80us3
  L_Delay_500us4
  L_Delay_5500us5
  L_Delay_1ms6
  L_Delay_5ms7
  L_Delay_8ms8
  L_Delay_100ms9
  L_Delay_1sec10
  L_boot16_Delay_5ms11
  L_Delay_Cyc12
  L_Delay_Cyc13
  L_VDelay_ms14
  L_VDelay_ms15
  L_VDelay_ms16
  L_VDelay_Advanced_ms17
  L_VDelay_Advanced_ms18
  L_VDelay_Advanced_ms19
  _Get_Fosc_kHz
  _Delay_1us
  _Delay_10us
  _Delay_22us
  _Delay_50us
  _Delay_80us
  _Delay_500us
  _Delay_5500us
  _Delay_1ms
  _Delay_5ms
  _Delay_8ms
  _Delay_100ms
  _Delay_1sec
  _boot16_Delay_5ms
  _Delay_Cyc
  _VDelay_ms
  L__VDelay_ms20
  L__VDelay_ms21
  L__VDelay_ms22
  _VDelay_Advanced_ms
  L__VDelay_Advanced_ms23
  L__VDelay_Advanced_ms24
  L__VDelay_Advanced_ms25
  L_I2C1_Is_Idle0
  L_I2C1_Is_Idle1
  L_I2C1_Start2
  L_I2C1_Start3
  L_I2C1_Start4
  L_I2C1_Start5
  L_I2C1_Start6
  L_I2C1_Start7
  L_I2C1_Start8
  L_I2C1_Start9
  L_I2C1_Repeated_Start10
  L_I2C1_Repeated_Start11
  L_I2C1_Rd12
  L_I2C1_Rd13
  L_I2C1_Rd14
  L_I2C1_Rd15
  L_I2C1_Rd16
  L_I2C1_Rd17
  L_I2C1_Wr18
  L_I2C1_Wr19
  L_I2C1_Wr20
  L_I2C1_Wr21
  L_I2C1_Wr22
  L_I2C1_Wr23
  _I2C1_Init
  _I2C1_Is_Idle
  _I2C1_Start
  L__I2C1_Start24
  L__I2C1_Start25
  _I2C1_Repeated_Start
  _I2C1_Rd
  _I2C1_Wr
  _I2C1_Stop
  L_Div_16x16_S0
  L_Div_16x16_S1
  LOOPS3232A
  SADD22LA
  SOK22LA
  SADD22L8
  SOK22L8
  LOOPS3232B
  SADD22LB
  SOK22LB
  SADD22L16
  SOK22L16
  LOOPS3232C
  SADD22LC
  SOK22LC
  SADD22L24
  SOK22L24
  LOOPS3232D
  SADD22LD
  SOK22LD
  SOK22L
  L_Div_32x32_S6
  L_Div_32x32_S7
  L_Div_32x32_S8
  L_Div_32x32_S9
  FXD3232S
  END_ALL
  CA3232S
  C3232SX
  C3232SX1
  C3232S
  C3232S2
  C3232SX4
  C3232SOK
  C3232SX3
  C3232SX2
  avoid_comfrem
  LOOPU3232A
  UADD22LA
  UOK22LA
  UADD22L8
  UOK22L8
  LOOPU3232B
  UADD22LB
  UOK22LB
  UADD22L16
  UOK22L16
  LOOPU3232C
  UADD22LC
  UOK22LC
  UADD22L24
  UOK22L24
  LOOPU3232D
  UADD22LD
  UOK22LD
  UOK22L
  _NEXT
  _EXIT2
  _LOOP
  _EXIT1
  _IF_FIRST
  _IF_SECOND
  _INVERCE_FIRST
  _MULT
  _INBERSE_SECOND
  _EXIT
  _Mul_8x8_U
  _Mul_16x16_U
  _Div_8x8_U
  _Div_16x16_U
  _Mul_8x8_S
  _Mul_16x16_S
  _Div_16x16_S_L
  _Div_16x16_S
  _Div_8x8_S
  _SDIV3232L
  _COMFREM
  _Div_32x32_S
  _Div_32x32_U
  _Mul_32x32_U
  _Mul_32x32_S
  L_Soft_SPI_Write0
  L_Soft_SPI_Write1
  L_Soft_SPI_Read2
  L_Soft_SPI_Read3
  L_Soft_SPI_Read4
  _Soft_SPI_Init
  _Soft_SPI_Write
  L__Soft_SPI_Write5
  L__Soft_SPI_Write6
  _Soft_SPI_Read
  L__Soft_SPI_Read7
  L__Soft_SPI_Read8
  _CC2D_Loop1
  _____DoICP
  _____DoIFC
  ___CC2DW
  _Swap
