;  LST file generated by mikroListExporter - v.2.0 
; Date/Time: 10/7/2013 10:51:04 PM
;----------------------------------------------

;Address Opcode 	ASM
0x0000	0x2815      	GOTO       21
_____DoICP:
;__Lib_System.c,6 :: 		
;__Lib_System.c,9 :: 		
0x0003	0x1283      	BCF        STATUS, 5
0x0004	0x080D      	MOVF       ___DoICPAddr+1, 0
0x0005	0x008A      	MOVWF      PCLATH
;__Lib_System.c,10 :: 		
0x0006	0x080C      	MOVF       ___DoICPAddr, 0
0x0007	0x0082      	MOVWF      PCL
;__Lib_System.c,12 :: 		
0x0008	0x0008      	RETURN
; end of _____DoICP
___CC2DW:
;__Lib_System.c,24 :: 		
;__Lib_System.c,27 :: 		
_CC2D_Loop1:
;__Lib_System.c,29 :: 		
0x0009	0x2003      	CALL       _____DoICP
0x000A	0x118A      	BCF        PCLATH, 3
0x000B	0x120A      	BCF        PCLATH, 4
;__Lib_System.c,31 :: 		
0x000C	0x0080      	MOVWF      INDF
;__Lib_System.c,32 :: 		
0x000D	0x0A84      	INCF       FSR, 1
;__Lib_System.c,33 :: 		
0x000E	0x0A8C      	INCF       ___DoICPAddr, 1
;__Lib_System.c,35 :: 		
0x000F	0x1903      	BTFSC      STATUS, 2
;__Lib_System.c,36 :: 		
0x0010	0x0A8D      	INCF       ___DoICPAddr+1, 1
;__Lib_System.c,37 :: 		
0x0011	0x03C0      	DECF       R0, 1
;__Lib_System.c,39 :: 		
0x0012	0x1D03      	BTFSS      STATUS, 2
;__Lib_System.c,40 :: 		
0x0013	0x2809      	GOTO       _CC2D_Loop1
;__Lib_System.c,42 :: 		
0x0014	0x0008      	RETURN
; end of ___CC2DW
_main:
;code.c,8 :: 		void main()
;code.c,11 :: 		Trisa = 0x01;
0x0015	0x3001      	MOVLW      1
0x0016	0x1683      	BSF        STATUS, 5
0x0017	0x0085      	MOVWF      TRISA
;code.c,12 :: 		Trisb = 0x00;
0x0018	0x0186      	CLRF       TRISB
;code.c,13 :: 		Portb = 0x00;
0x0019	0x1283      	BCF        STATUS, 5
0x001A	0x0186      	CLRF       PORTB
;code.c,14 :: 		while(1)
L_main0:
;code.c,16 :: 		Portb = 0b11110000;
0x001B	0x30F0      	MOVLW      240
0x001C	0x0086      	MOVWF      PORTB
;code.c,17 :: 		delay_ms(300);
0x001D	0x3002      	MOVLW      2
0x001E	0x00CB      	MOVWF      R11
0x001F	0x3086      	MOVLW      134
0x0020	0x00CC      	MOVWF      R12
0x0021	0x3099      	MOVLW      153
0x0022	0x00CD      	MOVWF      R13
L_main2:
0x0023	0x0BCD      	DECFSZ     R13, 1
0x0024	0x2823      	GOTO       L_main2
0x0025	0x0BCC      	DECFSZ     R12, 1
0x0026	0x2823      	GOTO       L_main2
0x0027	0x0BCB      	DECFSZ     R11, 1
0x0028	0x2823      	GOTO       L_main2
;code.c,18 :: 		for(;;)
L_main3:
;code.c,20 :: 		Portb = ~Portb;
0x0029	0x0986      	COMF       PORTB, 1
;code.c,21 :: 		delay_ms(100);
0x002A	0x3082      	MOVLW      130
0x002B	0x00CC      	MOVWF      R12
0x002C	0x30DD      	MOVLW      221
0x002D	0x00CD      	MOVWF      R13
L_main6:
0x002E	0x0BCD      	DECFSZ     R13, 1
0x002F	0x282E      	GOTO       L_main6
0x0030	0x0BCC      	DECFSZ     R12, 1
0x0031	0x282E      	GOTO       L_main6
0x0032	0x0000      	NOP
0x0033	0x0000      	NOP
;code.c,22 :: 		if(Porta.f0 == 1)
0x0034	0x1C05      	BTFSS      PORTA, 0
0x0035	0x2837      	GOTO       L_main7
;code.c,23 :: 		break;
0x0036	0x2838      	GOTO       L_main4
L_main7:
;code.c,24 :: 		}
0x0037	0x2829      	GOTO       L_main3
L_main4:
;code.c,26 :: 		Portb = 0b10101010;
0x0038	0x30AA      	MOVLW      170
0x0039	0x0086      	MOVWF      PORTB
;code.c,27 :: 		delay_ms(300);
0x003A	0x3002      	MOVLW      2
0x003B	0x00CB      	MOVWF      R11
0x003C	0x3086      	MOVLW      134
0x003D	0x00CC      	MOVWF      R12
0x003E	0x3099      	MOVLW      153
0x003F	0x00CD      	MOVWF      R13
L_main8:
0x0040	0x0BCD      	DECFSZ     R13, 1
0x0041	0x2840      	GOTO       L_main8
0x0042	0x0BCC      	DECFSZ     R12, 1
0x0043	0x2840      	GOTO       L_main8
0x0044	0x0BCB      	DECFSZ     R11, 1
0x0045	0x2840      	GOTO       L_main8
;code.c,28 :: 		for(;;)
L_main9:
;code.c,30 :: 		portb = ~Portb;
0x0046	0x0986      	COMF       PORTB, 1
;code.c,31 :: 		delay_ms(100);
0x0047	0x3082      	MOVLW      130
0x0048	0x00CC      	MOVWF      R12
0x0049	0x30DD      	MOVLW      221
0x004A	0x00CD      	MOVWF      R13
L_main12:
0x004B	0x0BCD      	DECFSZ     R13, 1
0x004C	0x284B      	GOTO       L_main12
0x004D	0x0BCC      	DECFSZ     R12, 1
0x004E	0x284B      	GOTO       L_main12
0x004F	0x0000      	NOP
0x0050	0x0000      	NOP
;code.c,32 :: 		if(Porta.f0 == 1)
0x0051	0x1C05      	BTFSS      PORTA, 0
0x0052	0x2854      	GOTO       L_main13
;code.c,33 :: 		break;
0x0053	0x2855      	GOTO       L_main10
L_main13:
;code.c,34 :: 		}
0x0054	0x2846      	GOTO       L_main9
L_main10:
;code.c,36 :: 		delay_ms(300);
0x0055	0x3002      	MOVLW      2
0x0056	0x00CB      	MOVWF      R11
0x0057	0x3086      	MOVLW      134
0x0058	0x00CC      	MOVWF      R12
0x0059	0x3099      	MOVLW      153
0x005A	0x00CD      	MOVWF      R13
L_main14:
0x005B	0x0BCD      	DECFSZ     R13, 1
0x005C	0x285B      	GOTO       L_main14
0x005D	0x0BCC      	DECFSZ     R12, 1
0x005E	0x285B      	GOTO       L_main14
0x005F	0x0BCB      	DECFSZ     R11, 1
0x0060	0x285B      	GOTO       L_main14
;code.c,37 :: 		for(;;)
L_main15:
;code.c,39 :: 		for(i=0;i<8;i++)
0x0061	0x01C4      	CLRF       R4
L_main18:
0x0062	0x3008      	MOVLW      8
0x0063	0x0244      	SUBWF      R4, 0
0x0064	0x1803      	BTFSC      STATUS, 0
0x0065	0x2882      	GOTO       L_main19
;code.c,41 :: 		Portb = 1 << i;
0x0066	0x0844      	MOVF       R4, 0
0x0067	0x00C1      	MOVWF      R1
0x0068	0x3001      	MOVLW      1
0x0069	0x00C0      	MOVWF      R0
0x006A	0x0841      	MOVF       R1, 0
L__main34:
0x006B	0x1903      	BTFSC      STATUS, 2
0x006C	0x2871      	GOTO       L__main35
0x006D	0x0DC0      	RLF        R0, 1
0x006E	0x1040      	BCF        R0, 0
0x006F	0x3EFF      	ADDLW      255
0x0070	0x286B      	GOTO       L__main34
L__main35:
0x0071	0x0840      	MOVF       R0, 0
0x0072	0x0086      	MOVWF      PORTB
;code.c,42 :: 		delay_ms(100);
0x0073	0x3082      	MOVLW      130
0x0074	0x00CC      	MOVWF      R12
0x0075	0x30DD      	MOVLW      221
0x0076	0x00CD      	MOVWF      R13
L_main21:
0x0077	0x0BCD      	DECFSZ     R13, 1
0x0078	0x2877      	GOTO       L_main21
0x0079	0x0BCC      	DECFSZ     R12, 1
0x007A	0x2877      	GOTO       L_main21
0x007B	0x0000      	NOP
0x007C	0x0000      	NOP
;code.c,43 :: 		if(Porta.f0 == 1)
0x007D	0x1C05      	BTFSS      PORTA, 0
0x007E	0x2880      	GOTO       L_main22
;code.c,44 :: 		break;
0x007F	0x2882      	GOTO       L_main19
L_main22:
;code.c,39 :: 		for(i=0;i<8;i++)
0x0080	0x0AC4      	INCF       R4, 1
;code.c,45 :: 		}
0x0081	0x2862      	GOTO       L_main18
L_main19:
;code.c,46 :: 		if(Porta.f0 == 1)
0x0082	0x1C05      	BTFSS      PORTA, 0
0x0083	0x2885      	GOTO       L_main23
;code.c,47 :: 		break;
0x0084	0x2886      	GOTO       L_main16
L_main23:
;code.c,48 :: 		}
0x0085	0x2861      	GOTO       L_main15
L_main16:
;code.c,50 :: 		delay_ms(300);
0x0086	0x3002      	MOVLW      2
0x0087	0x00CB      	MOVWF      R11
0x0088	0x3086      	MOVLW      134
0x0089	0x00CC      	MOVWF      R12
0x008A	0x3099      	MOVLW      153
0x008B	0x00CD      	MOVWF      R13
L_main24:
0x008C	0x0BCD      	DECFSZ     R13, 1
0x008D	0x288C      	GOTO       L_main24
0x008E	0x0BCC      	DECFSZ     R12, 1
0x008F	0x288C      	GOTO       L_main24
0x0090	0x0BCB      	DECFSZ     R11, 1
0x0091	0x288C      	GOTO       L_main24
;code.c,51 :: 		for(;;)
L_main25:
;code.c,53 :: 		for(i=0;i<4;i++)
0x0092	0x01C4      	CLRF       R4
L_main28:
0x0093	0x3004      	MOVLW      4
0x0094	0x0244      	SUBWF      R4, 0
0x0095	0x1803      	BTFSC      STATUS, 0
0x0096	0x28C2      	GOTO       L_main29
;code.c,55 :: 		Portb = 1 << i | 128 >> i;
0x0097	0x0844      	MOVF       R4, 0
0x0098	0x00C0      	MOVWF      R0
0x0099	0x3001      	MOVLW      1
0x009A	0x00C2      	MOVWF      R2
0x009B	0x3000      	MOVLW      0
0x009C	0x00C3      	MOVWF      R2+1
0x009D	0x0840      	MOVF       R0, 0
L__main36:
0x009E	0x1903      	BTFSC      STATUS, 2
0x009F	0x28A5      	GOTO       L__main37
0x00A0	0x0DC2      	RLF        R2, 1
0x00A1	0x0DC3      	RLF        R2+1, 1
0x00A2	0x1042      	BCF        R2, 0
0x00A3	0x3EFF      	ADDLW      255
0x00A4	0x289E      	GOTO       L__main36
L__main37:
0x00A5	0x0844      	MOVF       R4, 0
0x00A6	0x00C1      	MOVWF      R1
0x00A7	0x3080      	MOVLW      128
0x00A8	0x00C0      	MOVWF      R0
0x00A9	0x0841      	MOVF       R1, 0
L__main38:
0x00AA	0x1903      	BTFSC      STATUS, 2
0x00AB	0x28B0      	GOTO       L__main39
0x00AC	0x0CC0      	RRF        R0, 1
0x00AD	0x13C0      	BCF        R0, 7
0x00AE	0x3EFF      	ADDLW      255
0x00AF	0x28AA      	GOTO       L__main38
L__main39:
0x00B0	0x0840      	MOVF       R0, 0
0x00B1	0x0442      	IORWF      R2, 0
0x00B2	0x0086      	MOVWF      PORTB
;code.c,56 :: 		delay_ms(100);
0x00B3	0x3082      	MOVLW      130
0x00B4	0x00CC      	MOVWF      R12
0x00B5	0x30DD      	MOVLW      221
0x00B6	0x00CD      	MOVWF      R13
L_main31:
0x00B7	0x0BCD      	DECFSZ     R13, 1
0x00B8	0x28B7      	GOTO       L_main31
0x00B9	0x0BCC      	DECFSZ     R12, 1
0x00BA	0x28B7      	GOTO       L_main31
0x00BB	0x0000      	NOP
0x00BC	0x0000      	NOP
;code.c,57 :: 		if(Porta.f0 == 1)
0x00BD	0x1C05      	BTFSS      PORTA, 0
0x00BE	0x28C0      	GOTO       L_main32
;code.c,58 :: 		break;
0x00BF	0x28C2      	GOTO       L_main29
L_main32:
;code.c,53 :: 		for(i=0;i<4;i++)
0x00C0	0x0AC4      	INCF       R4, 1
;code.c,59 :: 		}
0x00C1	0x2893      	GOTO       L_main28
L_main29:
;code.c,60 :: 		if(Porta.f0 == 1)
0x00C2	0x1C05      	BTFSS      PORTA, 0
0x00C3	0x28C5      	GOTO       L_main33
;code.c,61 :: 		break;
0x00C4	0x28C6      	GOTO       L_main26
L_main33:
;code.c,62 :: 		}
0x00C5	0x2892      	GOTO       L_main25
L_main26:
;code.c,64 :: 		}
0x00C6	0x281B      	GOTO       L_main0
;code.c,65 :: 		}
0x00C7	0x28C7      	GOTO       $+0
; end of _main
Symbol List:
//** Routines locations **
//ADDRESS    SIZE    PROCEDURE
//----------------------------------------------
0x0003       [6]    _____DoICP
0x0009      [12]    ___CC2DW
0x0015     [179]    _main
//** Variables locations ** 
//ADDRESS    SIZE    VARIABLE
//----------------------------------------------
0x0000       [1]    INDF
0x0001       [1]    TMR0
0x0002       [1]    PCL
0x0003       [0]    RP1_bit
0x0003       [0]    RP0_bit
0x0003       [0]    IRP_bit
0x0003       [1]    STATUS
0x0003       [0]    DC_bit
0x0003       [0]    C_bit
0x0003       [0]    Z_bit
0x0003       [0]    NOT_TO_bit
0x0003       [0]    NOT_PD_bit
0x0004       [1]    FSR
0x0004       [1]    FSRPTR
0x0005       [1]    PORTA
0x0005       [0]    RA3_bit
0x0005       [0]    RA4_bit
0x0005       [0]    RA2_bit
0x0005       [0]    RA0_bit
0x0005       [0]    RA1_bit
0x0006       [0]    RB5_bit
0x0006       [0]    RB4_bit
0x0006       [0]    RB7_bit
0x0006       [0]    RB6_bit
0x0006       [0]    RB3_bit
0x0006       [0]    RB0_bit
0x0006       [1]    PORTB
0x0006       [0]    RB2_bit
0x0006       [0]    RB1_bit
0x0008       [1]    EEDATA
0x0009       [1]    EEADR
0x000A       [1]    PCLATH
0x000B       [0]    INTE_bit
0x000B       [0]    T0IE_bit
0x000B       [0]    RBIE_bit
0x000B       [1]    INTCON
0x000B       [0]    T0IF_bit
0x000B       [0]    RBIF_bit
0x000B       [0]    INTF_bit
0x000B       [0]    GIE_bit
0x000B       [0]    EEIE_bit
0x000C       [2]    ___DoICPAddr
0x0040       [1]    R0
0x0041       [1]    R1
0x0042       [1]    R2
0x0043       [1]    R3
0x0044       [1]    R4
0x0045       [1]    R5
0x0046       [1]    R6
0x0047       [1]    R7
0x0048       [1]    R8
0x0049       [1]    R9
0x004A       [1]    R10
0x004B       [1]    R11
0x004C       [1]    R12
0x004D       [1]    R13
0x004E       [1]    R14
0x004F       [1]    R15
0x0081       [0]    PSA_bit
0x0081       [0]    T0SE_bit
0x0081       [0]    T0CS_bit
0x0081       [0]    PS0_bit
0x0081       [0]    PS1_bit
0x0081       [0]    PS2_bit
0x0081       [0]    INTEDG_bit
0x0081       [1]    OPTION_REG
0x0081       [0]    NOT_RBPU_bit
0x0085       [0]    TRISA3_bit
0x0085       [0]    TRISA4_bit
0x0085       [0]    TRISA2_bit
0x0085       [0]    TRISA0_bit
0x0085       [1]    TRISA
0x0085       [0]    TRISA1_bit
0x0086       [0]    TRISB6_bit
0x0086       [0]    TRISB7_bit
0x0086       [0]    TRISB0_bit
0x0086       [0]    TRISB1_bit
0x0086       [1]    TRISB
0x0086       [0]    TRISB2_bit
0x0086       [0]    TRISB5_bit
0x0086       [0]    TRISB4_bit
0x0086       [0]    TRISB3_bit
0x0088       [0]    WRERR_bit
0x0088       [0]    EEIF_bit
0x0088       [1]    EECON1
0x0088       [0]    WREN_bit
0x0088       [0]    RD_bit
0x0088       [0]    WR_bit
0x0089       [1]    EECON2
//** Label List: ** 
//----------------------------------------------
  L_main0
  L_main1
  L_main2
  L_main3
  L_main4
  L_main5
  L_main6
  L_main7
  L_main8
  L_main9
  L_main10
  L_main11
  L_main12
  L_main13
  L_main14
  L_main15
  L_main16
  L_main17
  L_main18
  L_main19
  L_main20
  L_main21
  L_main22
  L_main23
  L_main24
  L_main25
  L_main26
  L_main27
  L_main28
  L_main29
  L_main30
  L_main31
  L_main32
  L_main33
  _main
  L__main34
  L__main35
  L__main36
  L__main37
  L__main38
  L__main39
  _CC2D_Loop1
  _____DoICP
  _____DoIFC
  ___CC2DW
  _Swap
