;  LST file generated by mikroListExporter - v.2.0 
; Date/Time: 7/2/2014 1:20:08 PM
;----------------------------------------------

;Address Opcode 	ASM
0x0000	0x2945      	GOTO       325
_____DoICP:
;__Lib_System.c,6 :: 		
;__Lib_System.c,9 :: 		
0x0003	0x1283      	BCF        STATUS, 5
0x0004	0x1303      	BCF        STATUS, 6
0x0005	0x0821      	MOVF       ___DoICPAddr+1, 0
0x0006	0x008A      	MOVWF      PCLATH
;__Lib_System.c,10 :: 		
0x0007	0x0820      	MOVF       ___DoICPAddr, 0
0x0008	0x0082      	MOVWF      PCL
;__Lib_System.c,12 :: 		
0x0009	0x0008      	RETURN
; end of _____DoICP
_Div_16x16_S_L:
;__Lib_Math.c,420 :: 		
;__Lib_Math.c,426 :: 		
0x000A	0x0D71      	RLF        R1, 0
;__Lib_Math.c,427 :: 		
0x000B	0x0DF8      	RLF        R8, 1
;__Lib_Math.c,428 :: 		
0x000C	0x0DF9      	RLF        R9, 1
;__Lib_Math.c,429 :: 		
0x000D	0x0874      	MOVF       R4, 0
;__Lib_Math.c,430 :: 		
0x000E	0x02F8      	SUBWF      R8, 1
;__Lib_Math.c,431 :: 		
0x000F	0x0875      	MOVF       R5, 0
;__Lib_Math.c,432 :: 		
0x0010	0x1C03      	BTFSS      STATUS, 0
;__Lib_Math.c,433 :: 		
0x0011	0x0F75      	INCFSZ     R5, 0
;__Lib_Math.c,434 :: 		
0x0012	0x02F9      	SUBWF      R9, 1
;__Lib_Math.c,435 :: 		
0x0013	0x0DF0      	RLF        R0, 1
;__Lib_Math.c,436 :: 		
0x0014	0x0DF1      	RLF        R1, 1
;__Lib_Math.c,438 :: 		
0x0015	0x300F      	MOVLW      15
;__Lib_Math.c,439 :: 		
0x0016	0x00FC      	MOVWF      R12
;__Lib_Math.c,441 :: 		
0x0017	0x0D71      	RLF        R1, 0
;__Lib_Math.c,442 :: 		
0x0018	0x0DF8      	RLF        R8, 1
;__Lib_Math.c,443 :: 		
0x0019	0x0DF9      	RLF        R9, 1
;__Lib_Math.c,444 :: 		
0x001A	0x0874      	MOVF       R4, 0
;__Lib_Math.c,446 :: 		
0x001B	0x1C70      	BTFSS      R0, 0
;__Lib_Math.c,447 :: 		
0x001C	0x2823      	GOTO       $+7
;__Lib_Math.c,448 :: 		
0x001D	0x02F8      	SUBWF      R8, 1
;__Lib_Math.c,449 :: 		
0x001E	0x0875      	MOVF       R5, 0
;__Lib_Math.c,450 :: 		
0x001F	0x1C03      	BTFSS      STATUS, 0
;__Lib_Math.c,451 :: 		
0x0020	0x0F75      	INCFSZ     R5, 0
;__Lib_Math.c,452 :: 		
0x0021	0x02F9      	SUBWF      R9, 1
;__Lib_Math.c,453 :: 		
0x0022	0x2828      	GOTO       $+6
;__Lib_Math.c,455 :: 		
0x0023	0x07F8      	ADDWF      R8, 1
;__Lib_Math.c,456 :: 		
0x0024	0x0875      	MOVF       R5, 0
;__Lib_Math.c,457 :: 		
0x0025	0x1803      	BTFSC      STATUS, 0
;__Lib_Math.c,458 :: 		
0x0026	0x0F75      	INCFSZ     R5, 0
;__Lib_Math.c,459 :: 		
0x0027	0x07F9      	ADDWF      R9, 1
;__Lib_Math.c,461 :: 		
0x0028	0x0DF0      	RLF        R0, 1
;__Lib_Math.c,462 :: 		
0x0029	0x0DF1      	RLF        R1, 1
;__Lib_Math.c,464 :: 		
0x002A	0x0BFC      	DECFSZ     R12, 1
;__Lib_Math.c,465 :: 		
0x002B	0x2817      	GOTO       $-20
;__Lib_Math.c,467 :: 		
0x002C	0x1870      	BTFSC      R0, 0
;__Lib_Math.c,468 :: 		
0x002D	0x2834      	GOTO       $+7
;__Lib_Math.c,469 :: 		
0x002E	0x0874      	MOVF       R4, 0
;__Lib_Math.c,470 :: 		
0x002F	0x07F8      	ADDWF      R8, 1
;__Lib_Math.c,471 :: 		
0x0030	0x0875      	MOVF       R5, 0
;__Lib_Math.c,472 :: 		
0x0031	0x1803      	BTFSC      STATUS, 0
;__Lib_Math.c,473 :: 		
0x0032	0x0F75      	INCFSZ     R5, 0
;__Lib_Math.c,474 :: 		
0x0033	0x07F9      	ADDWF      R9, 1
;__Lib_Math.c,475 :: 		
0x0034	0x0000      	NOP
;__Lib_Math.c,477 :: 		
0x0035	0x0008      	RETURN
; end of _Div_16x16_S_L
_Mul_32x32_U:
;__Lib_Math.c,1771 :: 		
;__Lib_Math.c,1786 :: 		
0x0036	0x1283      	BCF        STATUS, 5
;__Lib_Math.c,1787 :: 		
0x0037	0x1303      	BCF        STATUS, 6
;__Lib_Math.c,1788 :: 		
0x0038	0x3022      	MOVLW      34
;__Lib_Math.c,1789 :: 		
0x0039	0x00FC      	MOVWF      R12
;__Lib_Math.c,1790 :: 		
0x003A	0x01F8      	CLRF       R8
;__Lib_Math.c,1791 :: 		
0x003B	0x01F9      	CLRF       R9
;__Lib_Math.c,1792 :: 		
0x003C	0x01FA      	CLRF       R10
;__Lib_Math.c,1793 :: 		
0x003D	0x01FB      	CLRF       R11
;__Lib_Math.c,1795 :: 		
_NEXT:
;__Lib_Math.c,1799 :: 		
0x003E	0x03FC      	DECF       R12, 1
;__Lib_Math.c,1800 :: 		
0x003F	0x1903      	BTFSC      STATUS, 2
;__Lib_Math.c,1801 :: 		
0x0040	0x286C      	GOTO       _EXIT2
;__Lib_Math.c,1802 :: 		
0x0041	0x1003      	BCF        STATUS, 0
;__Lib_Math.c,1804 :: 		
_LOOP:
;__Lib_Math.c,1813 :: 		
0x0042	0x0CFB      	RRF        R11, 1
;__Lib_Math.c,1814 :: 		
0x0043	0x0CFA      	RRF        R10, 1
;__Lib_Math.c,1815 :: 		
0x0044	0x0CF9      	RRF        R9, 1
;__Lib_Math.c,1816 :: 		
0x0045	0x0CF8      	RRF        R8, 1
;__Lib_Math.c,1817 :: 		
0x0046	0x0CF3      	RRF        R3, 1
;__Lib_Math.c,1818 :: 		
0x0047	0x0CF2      	RRF        R2, 1
;__Lib_Math.c,1819 :: 		
0x0048	0x0CF1      	RRF        R1, 1
;__Lib_Math.c,1820 :: 		
0x0049	0x0CF0      	RRF        R0, 1
;__Lib_Math.c,1825 :: 		
0x004A	0x1C03      	BTFSS      STATUS, 0
;__Lib_Math.c,1826 :: 		
0x004B	0x283E      	GOTO       _NEXT
;__Lib_Math.c,1827 :: 		
0x004C	0x03FC      	DECF       R12, 1
;__Lib_Math.c,1828 :: 		
0x004D	0x1903      	BTFSC      STATUS, 2
;__Lib_Math.c,1829 :: 		
0x004E	0x285E      	GOTO       _EXIT1
;__Lib_Math.c,1836 :: 		
0x004F	0x0874      	MOVF       R4, 0
;__Lib_Math.c,1837 :: 		
0x0050	0x07F8      	ADDWF      R8, 1
;__Lib_Math.c,1838 :: 		
0x0051	0x0875      	MOVF       R5, 0
;__Lib_Math.c,1839 :: 		
0x0052	0x1803      	BTFSC      STATUS, 0
;__Lib_Math.c,1840 :: 		
0x0053	0x0F75      	INCFSZ     R5, 0
;__Lib_Math.c,1841 :: 		
0x0054	0x07F9      	ADDWF      R9, 1
;__Lib_Math.c,1842 :: 		
0x0055	0x0876      	MOVF       R6, 0
;__Lib_Math.c,1843 :: 		
0x0056	0x1803      	BTFSC      STATUS, 0
;__Lib_Math.c,1844 :: 		
0x0057	0x0F76      	INCFSZ     R6, 0
;__Lib_Math.c,1845 :: 		
0x0058	0x07FA      	ADDWF      R10, 1
;__Lib_Math.c,1846 :: 		
0x0059	0x0877      	MOVF       R7, 0
;__Lib_Math.c,1847 :: 		
0x005A	0x1803      	BTFSC      STATUS, 0
;__Lib_Math.c,1848 :: 		
0x005B	0x0F77      	INCFSZ     R7, 0
;__Lib_Math.c,1849 :: 		
0x005C	0x07FB      	ADDWF      R11, 1
;__Lib_Math.c,1851 :: 		
0x005D	0x2842      	GOTO       _LOOP
;__Lib_Math.c,1853 :: 		
_EXIT1:
;__Lib_Math.c,1858 :: 		
0x005E	0x0874      	MOVF       R4, 0
;__Lib_Math.c,1859 :: 		
0x005F	0x07F8      	ADDWF      R8, 1
;__Lib_Math.c,1860 :: 		
0x0060	0x0875      	MOVF       R5, 0
;__Lib_Math.c,1861 :: 		
0x0061	0x1803      	BTFSC      STATUS, 0
;__Lib_Math.c,1862 :: 		
0x0062	0x0F75      	INCFSZ     R5, 0
;__Lib_Math.c,1863 :: 		
0x0063	0x07F9      	ADDWF      R9, 1
;__Lib_Math.c,1864 :: 		
0x0064	0x0876      	MOVF       R6, 0
;__Lib_Math.c,1865 :: 		
0x0065	0x1803      	BTFSC      STATUS, 0
;__Lib_Math.c,1866 :: 		
0x0066	0x0F76      	INCFSZ     R6, 0
;__Lib_Math.c,1867 :: 		
0x0067	0x07FA      	ADDWF      R10, 1
;__Lib_Math.c,1868 :: 		
0x0068	0x0877      	MOVF       R7, 0
;__Lib_Math.c,1869 :: 		
0x0069	0x1803      	BTFSC      STATUS, 0
;__Lib_Math.c,1870 :: 		
0x006A	0x0F77      	INCFSZ     R7, 0
;__Lib_Math.c,1871 :: 		
0x006B	0x07FB      	ADDWF      R11, 1
;__Lib_Math.c,1874 :: 		
_EXIT2:
;__Lib_Math.c,1876 :: 		
0x006C	0x0008      	RETURN
; end of _Mul_32x32_U
_srand:
;__Lib_CStdlib.c,301 :: 		
;__Lib_CStdlib.c,302 :: 		
0x006D	0x1283      	BCF        STATUS, 5
0x006E	0x1303      	BCF        STATUS, 6
0x006F	0x084E      	MOVF       FARG_srand_x, 0
0x0070	0x00A3      	MOVWF      __Lib_CStdlib_randx
0x0071	0x084F      	MOVF       FARG_srand_x+1, 0
0x0072	0x00A4      	MOVWF      __Lib_CStdlib_randx+1
0x0073	0x01A5      	CLRF       __Lib_CStdlib_randx+2
0x0074	0x01A6      	CLRF       __Lib_CStdlib_randx+3
;__Lib_CStdlib.c,303 :: 		
0x0075	0x3001      	MOVLW      1
0x0076	0x00A2      	MOVWF      __Lib_CStdlib_randf
;__Lib_CStdlib.c,304 :: 		
0x0077	0x0008      	RETURN
; end of _srand
_Div_8x8_U:
;__Lib_Math.c,189 :: 		
;__Lib_Math.c,196 :: 		
0x0078	0x1283      	BCF        STATUS, 5
;__Lib_Math.c,197 :: 		
0x0079	0x1303      	BCF        STATUS, 6
;__Lib_Math.c,198 :: 		
0x007A	0x01F8      	CLRF       R8
;__Lib_Math.c,199 :: 		
0x007B	0x3008      	MOVLW      8
;__Lib_Math.c,200 :: 		
0x007C	0x00FC      	MOVWF      R12
;__Lib_Math.c,201 :: 		
0x007D	0x0D70      	RLF        R0, 0
;__Lib_Math.c,202 :: 		
0x007E	0x0DF8      	RLF        R8, 1
;__Lib_Math.c,203 :: 		
0x007F	0x0874      	MOVF       R4, 0
;__Lib_Math.c,204 :: 		
0x0080	0x02F8      	SUBWF      R8, 1
;__Lib_Math.c,205 :: 		
0x0081	0x1803      	BTFSC      STATUS, 0
;__Lib_Math.c,206 :: 		
0x0082	0x2885      	GOTO       $+3
;__Lib_Math.c,207 :: 		
0x0083	0x07F8      	ADDWF      R8, 1
;__Lib_Math.c,208 :: 		
0x0084	0x1003      	BCF        STATUS, 0
;__Lib_Math.c,209 :: 		
0x0085	0x0DF0      	RLF        R0, 1
;__Lib_Math.c,210 :: 		
0x0086	0x0BFC      	DECFSZ     R12, 1
;__Lib_Math.c,211 :: 		
0x0087	0x287D      	GOTO       $-10
;__Lib_Math.c,213 :: 		
0x0088	0x0008      	RETURN
; end of _Div_8x8_U
_rand:
;__Lib_CStdlib.c,307 :: 		
;__Lib_CStdlib.c,308 :: 		
0x0089	0x1283      	BCF        STATUS, 5
0x008A	0x1303      	BCF        STATUS, 6
0x008B	0x0822      	MOVF       __Lib_CStdlib_randf, 0
0x008C	0x1D03      	BTFSS      STATUS, 2
0x008D	0x2893      	GOTO       L_rand75
;__Lib_CStdlib.c,309 :: 		
0x008E	0x3001      	MOVLW      1
0x008F	0x00CE      	MOVWF      FARG_srand_x
0x0090	0x3000      	MOVLW      0
0x0091	0x00CF      	MOVWF      FARG_srand_x+1
0x0092	0x206D      	CALL       _srand
L_rand75:
;__Lib_CStdlib.c,310 :: 		
0x0093	0x0823      	MOVF       __Lib_CStdlib_randx, 0
0x0094	0x00F0      	MOVWF      R0
0x0095	0x0824      	MOVF       __Lib_CStdlib_randx+1, 0
0x0096	0x00F1      	MOVWF      R0+1
0x0097	0x0825      	MOVF       __Lib_CStdlib_randx+2, 0
0x0098	0x00F2      	MOVWF      R0+2
0x0099	0x0826      	MOVF       __Lib_CStdlib_randx+3, 0
0x009A	0x00F3      	MOVWF      R0+3
0x009B	0x306D      	MOVLW      109
0x009C	0x00F4      	MOVWF      R4
0x009D	0x304E      	MOVLW      78
0x009E	0x00F5      	MOVWF      R4+1
0x009F	0x30C6      	MOVLW      198
0x00A0	0x00F6      	MOVWF      R4+2
0x00A1	0x3041      	MOVLW      65
0x00A2	0x00F7      	MOVWF      R4+3
0x00A3	0x2036      	CALL       _Mul_32x32_U
0x00A4	0x3039      	MOVLW      57
0x00A5	0x00F5      	MOVWF      R5
0x00A6	0x3030      	MOVLW      48
0x00A7	0x00F6      	MOVWF      R5+1
0x00A8	0x01F7      	CLRF       R5+2
0x00A9	0x01F8      	CLRF       R5+3
0x00AA	0x0870      	MOVF       R0, 0
0x00AB	0x07F5      	ADDWF      R5, 1
0x00AC	0x0871      	MOVF       R0+1, 0
0x00AD	0x1803      	BTFSC      STATUS, 0
0x00AE	0x0F71      	INCFSZ     R0+1, 0
0x00AF	0x07F6      	ADDWF      R5+1, 1
0x00B0	0x0872      	MOVF       R0+2, 0
0x00B1	0x1803      	BTFSC      STATUS, 0
0x00B2	0x0F72      	INCFSZ     R0+2, 0
0x00B3	0x07F7      	ADDWF      R5+2, 1
0x00B4	0x0873      	MOVF       R0+3, 0
0x00B5	0x1803      	BTFSC      STATUS, 0
0x00B6	0x0F73      	INCFSZ     R0+3, 0
0x00B7	0x07F8      	ADDWF      R5+3, 1
0x00B8	0x0877      	MOVF       R5+2, 0
0x00B9	0x00F0      	MOVWF      R0
0x00BA	0x0878      	MOVF       R5+3, 0
0x00BB	0x00F1      	MOVWF      R0+1
0x00BC	0x3000      	MOVLW      0
0x00BD	0x1BF8      	BTFSC      R5+3, 7
0x00BE	0x30FF      	MOVLW      255
0x00BF	0x00F3      	MOVWF      R0+3
0x00C0	0x30FF      	MOVLW      255
0x00C1	0x05F0      	ANDWF      R0, 1
0x00C2	0x307F      	MOVLW      127
0x00C3	0x05F1      	ANDWF      R0+1, 1
0x00C4	0x3000      	MOVLW      0
0x00C5	0x05F2      	ANDWF      R0+2, 1
0x00C6	0x05F3      	ANDWF      R0+3, 1
0x00C7	0x0870      	MOVF       R0, 0
0x00C8	0x00A3      	MOVWF      __Lib_CStdlib_randx
0x00C9	0x0871      	MOVF       R0+1, 0
0x00CA	0x00A4      	MOVWF      __Lib_CStdlib_randx+1
0x00CB	0x0872      	MOVF       R0+2, 0
0x00CC	0x00A5      	MOVWF      __Lib_CStdlib_randx+2
0x00CD	0x0873      	MOVF       R0+3, 0
0x00CE	0x00A6      	MOVWF      __Lib_CStdlib_randx+3
;__Lib_CStdlib.c,311 :: 		
;__Lib_CStdlib.c,312 :: 		
0x00CF	0x0008      	RETURN
; end of _rand
_Div_16x16_S:
;__Lib_Math.c,479 :: 		
;__Lib_Math.c,487 :: 		
0x00D0	0x1283      	BCF        STATUS, 5
0x00D1	0x1303      	BCF        STATUS, 6
0x00D2	0x0874      	MOVF       R4, 0
0x00D3	0x3A00      	XORLW      0
0x00D4	0x1D03      	BTFSS      STATUS, 2
0x00D5	0x28DF      	GOTO       L_Div_16x16_S0
;__Lib_Math.c,488 :: 		
0x00D6	0x0875      	MOVF       R5, 0
0x00D7	0x3A00      	XORLW      0
0x00D8	0x1D03      	BTFSS      STATUS, 2
0x00D9	0x28DF      	GOTO       L_Div_16x16_S1
;__Lib_Math.c,489 :: 		
0x00DA	0x30FF      	MOVLW      255
0x00DB	0x00F0      	MOVWF      R0
;__Lib_Math.c,490 :: 		
0x00DC	0x307F      	MOVLW      127
0x00DD	0x00F1      	MOVWF      R1
;__Lib_Math.c,491 :: 		
0x00DE	0x0008      	RETURN
;__Lib_Math.c,492 :: 		
L_Div_16x16_S1:
L_Div_16x16_S0:
;__Lib_Math.c,495 :: 		
0x00DF	0x1283      	BCF        STATUS, 5
;__Lib_Math.c,496 :: 		
0x00E0	0x1303      	BCF        STATUS, 6
;__Lib_Math.c,497 :: 		
0x00E1	0x01FD      	CLRF       R13
;__Lib_Math.c,498 :: 		
0x00E2	0x01F9      	CLRF       R9
;__Lib_Math.c,499 :: 		
0x00E3	0x01F8      	CLRF       R8
;__Lib_Math.c,500 :: 		
0x00E4	0x0871      	MOVF       R1, 0
;__Lib_Math.c,501 :: 		
0x00E5	0x0470      	IORWF      R0, 0
;__Lib_Math.c,502 :: 		
0x00E6	0x1903      	BTFSC      STATUS, 2
;__Lib_Math.c,503 :: 		
0x00E7	0x3400      	RETLW      0
;__Lib_Math.c,505 :: 		
0x00E8	0x0871      	MOVF       R1, 0
;__Lib_Math.c,506 :: 		
0x00E9	0x0675      	XORWF      R5, 0
;__Lib_Math.c,507 :: 		
0x00EA	0x00FA      	MOVWF      R10
;__Lib_Math.c,508 :: 		
0x00EB	0x1BFA      	BTFSC      R10, 7
;__Lib_Math.c,509 :: 		
0x00EC	0x09FD      	COMF       R13, 1
;__Lib_Math.c,511 :: 		
0x00ED	0x01FB      	CLRF       R11
;__Lib_Math.c,513 :: 		
0x00EE	0x1FF5      	BTFSS      R5, 7
;__Lib_Math.c,514 :: 		
0x00EF	0x28F5      	GOTO       $+6
;__Lib_Math.c,516 :: 		
0x00F0	0x09F4      	COMF       R4, 1
;__Lib_Math.c,517 :: 		
0x00F1	0x09F5      	COMF       R5, 1
;__Lib_Math.c,518 :: 		
0x00F2	0x0AF4      	INCF       R4, 1
;__Lib_Math.c,519 :: 		
0x00F3	0x1903      	BTFSC      STATUS, 2
;__Lib_Math.c,520 :: 		
0x00F4	0x0AF5      	INCF       R5, 1
;__Lib_Math.c,522 :: 		
0x00F5	0x1FF1      	BTFSS      R1, 7
;__Lib_Math.c,523 :: 		
0x00F6	0x28FC      	GOTO       $+6
;__Lib_Math.c,525 :: 		
0x00F7	0x09F0      	COMF       R0, 1
;__Lib_Math.c,526 :: 		
0x00F8	0x09F1      	COMF       R1, 1
;__Lib_Math.c,527 :: 		
0x00F9	0x0AF0      	INCF       R0, 1
;__Lib_Math.c,528 :: 		
0x00FA	0x1903      	BTFSC      STATUS, 2
;__Lib_Math.c,529 :: 		
0x00FB	0x0AF1      	INCF       R1, 1
;__Lib_Math.c,531 :: 		
0x00FC	0x0871      	MOVF       R1, 0
;__Lib_Math.c,532 :: 		
0x00FD	0x0475      	IORWF      R5, 0
;__Lib_Math.c,533 :: 		
0x00FE	0x00FA      	MOVWF      R10
;__Lib_Math.c,534 :: 		
0x00FF	0x1BFA      	BTFSC      R10, 7
;__Lib_Math.c,535 :: 		
0x0100	0x2911      	GOTO       $+17
;__Lib_Math.c,537 :: 		
0x0101	0x200A      	CALL       _Div_16x16_S_L
;__Lib_Math.c,539 :: 		
0x0102	0x187B      	BTFSC      R11, 0
;__Lib_Math.c,540 :: 		
0x0103	0x2924      	GOTO       $+33
;__Lib_Math.c,542 :: 		
0x0104	0x1FFD      	BTFSS      R13, 7
;__Lib_Math.c,543 :: 		
0x0105	0x3400      	RETLW      0
;__Lib_Math.c,545 :: 		
0x0106	0x09F0      	COMF       R0, 1
;__Lib_Math.c,546 :: 		
0x0107	0x09F1      	COMF       R1, 1
;__Lib_Math.c,547 :: 		
0x0108	0x0AF0      	INCF       R0, 1
;__Lib_Math.c,548 :: 		
0x0109	0x1903      	BTFSC      STATUS, 2
;__Lib_Math.c,549 :: 		
0x010A	0x0AF1      	INCF       R1, 1
;__Lib_Math.c,551 :: 		
0x010B	0x09F8      	COMF       R8, 1
;__Lib_Math.c,552 :: 		
0x010C	0x09F9      	COMF       R9, 1
;__Lib_Math.c,553 :: 		
0x010D	0x0AF8      	INCF       R8, 1
;__Lib_Math.c,554 :: 		
0x010E	0x1903      	BTFSC      STATUS, 2
;__Lib_Math.c,555 :: 		
0x010F	0x0AF9      	INCF       R9, 1
;__Lib_Math.c,557 :: 		
0x0110	0x3400      	RETLW      0
;__Lib_Math.c,559 :: 		
0x0111	0x1FF5      	BTFSS      R5, 7
;__Lib_Math.c,560 :: 		
0x0112	0x2920      	GOTO       $+14
;__Lib_Math.c,561 :: 		
0x0113	0x1BF1      	BTFSC      R1, 7
;__Lib_Math.c,562 :: 		
0x0114	0x291C      	GOTO       $+8
;__Lib_Math.c,563 :: 		
0x0115	0x0871      	MOVF       R1, 0
;__Lib_Math.c,564 :: 		
0x0116	0x00F9      	MOVWF      R9
;__Lib_Math.c,565 :: 		
0x0117	0x0870      	MOVF       R0, 0
;__Lib_Math.c,566 :: 		
0x0118	0x00F8      	MOVWF      R8
;__Lib_Math.c,567 :: 		
0x0119	0x01F1      	CLRF       R1
;__Lib_Math.c,568 :: 		
0x011A	0x01F0      	CLRF       R0
;__Lib_Math.c,569 :: 		
0x011B	0x2904      	GOTO       $-23
;__Lib_Math.c,570 :: 		
0x011C	0x01F1      	CLRF       R1
;__Lib_Math.c,571 :: 		
0x011D	0x01F0      	CLRF       R0
;__Lib_Math.c,572 :: 		
0x011E	0x0AF0      	INCF       R0, 1
;__Lib_Math.c,573 :: 		
0x011F	0x3400      	RETLW      0
;__Lib_Math.c,575 :: 		
0x0120	0x09F1      	COMF       R1, 1
;__Lib_Math.c,576 :: 		
0x0121	0x09F0      	COMF       R0, 1
;__Lib_Math.c,577 :: 		
0x0122	0x0AFB      	INCF       R11, 1
;__Lib_Math.c,578 :: 		
0x0123	0x2901      	GOTO       $-34
;__Lib_Math.c,580 :: 		
0x0124	0x0AF8      	INCF       R8, 1
;__Lib_Math.c,581 :: 		
0x0125	0x1903      	BTFSC      STATUS, 2
;__Lib_Math.c,582 :: 		
0x0126	0x0AF9      	INCF       R9, 1
;__Lib_Math.c,583 :: 		
0x0127	0x0874      	MOVF       R4, 0
;__Lib_Math.c,584 :: 		
0x0128	0x0278      	SUBWF      R8, 0
;__Lib_Math.c,585 :: 		
0x0129	0x1D03      	BTFSS      STATUS, 2
;__Lib_Math.c,586 :: 		
0x012A	0x2904      	GOTO       $-38
;__Lib_Math.c,587 :: 		
0x012B	0x0875      	MOVF       R5, 0
;__Lib_Math.c,588 :: 		
0x012C	0x0279      	SUBWF      R9, 0
;__Lib_Math.c,589 :: 		
0x012D	0x1D03      	BTFSS      STATUS, 2
;__Lib_Math.c,590 :: 		
0x012E	0x2904      	GOTO       $-42
;__Lib_Math.c,591 :: 		
0x012F	0x01F9      	CLRF       R9
;__Lib_Math.c,592 :: 		
0x0130	0x01F8      	CLRF       R8
;__Lib_Math.c,593 :: 		
0x0131	0x0AF0      	INCF       R0, 1
;__Lib_Math.c,594 :: 		
0x0132	0x1903      	BTFSC      STATUS, 2
;__Lib_Math.c,595 :: 		
0x0133	0x0AF1      	INCF       R1, 1
;__Lib_Math.c,596 :: 		
0x0134	0x1FF1      	BTFSS      R1, 7
;__Lib_Math.c,597 :: 		
0x0135	0x2904      	GOTO       $-49
;__Lib_Math.c,598 :: 		
0x0136	0x0000      	NOP
;__Lib_Math.c,599 :: 		
0x0137	0x34FF      	RETLW      255
;__Lib_Math.c,601 :: 		
0x0138	0x0008      	RETURN
; end of _Div_16x16_S
___CC2DW:
;__Lib_System.c,24 :: 		
;__Lib_System.c,27 :: 		
_CC2D_Loop1:
;__Lib_System.c,29 :: 		
0x0139	0x2003      	CALL       _____DoICP
0x013A	0x118A      	BCF        PCLATH, 3
0x013B	0x120A      	BCF        PCLATH, 4
;__Lib_System.c,31 :: 		
0x013C	0x0080      	MOVWF      INDF
;__Lib_System.c,32 :: 		
0x013D	0x0A84      	INCF       FSR, 1
;__Lib_System.c,33 :: 		
0x013E	0x0AA0      	INCF       ___DoICPAddr, 1
;__Lib_System.c,35 :: 		
0x013F	0x1903      	BTFSC      STATUS, 2
;__Lib_System.c,36 :: 		
0x0140	0x0AA1      	INCF       ___DoICPAddr+1, 1
;__Lib_System.c,37 :: 		
0x0141	0x03F0      	DECF       R0, 1
;__Lib_System.c,39 :: 		
0x0142	0x1D03      	BTFSS      STATUS, 2
;__Lib_System.c,40 :: 		
0x0143	0x2939      	GOTO       _CC2D_Loop1
;__Lib_System.c,42 :: 		
0x0144	0x0008      	RETURN
; end of ___CC2DW
_main:
;Game_code.c,16 :: 		void main() {
;Game_code.c,18 :: 		char count = 0;
0x0145	0x1283      	BCF        STATUS, 5
0x0146	0x1303      	BCF        STATUS, 6
0x0147	0x01CC      	CLRF       main_count_L0
;Game_code.c,24 :: 		ANSEL = 0X00;
0x0148	0x1683      	BSF        STATUS, 5
0x0149	0x1703      	BSF        STATUS, 6
0x014A	0x0188      	CLRF       ANSEL
;Game_code.c,25 :: 		ANSELH = 0X00;
0x014B	0x0189      	CLRF       ANSELH
;Game_code.c,27 :: 		TRISB = 0X00;
0x014C	0x0186      	CLRF       TRISB
;Game_code.c,28 :: 		TRISC = 0X00;
0x014D	0x1303      	BCF        STATUS, 6
0x014E	0x0187      	CLRF       TRISC
;Game_code.c,29 :: 		TRISD = 0X00;
0x014F	0x0188      	CLRF       TRISD
;Game_code.c,30 :: 		TRISE = 0XFF;
0x0150	0x30FF      	MOVLW      255
0x0151	0x0089      	MOVWF      TRISE
;Game_code.c,31 :: 		PORTC = 64;
0x0152	0x3040      	MOVLW      64
0x0153	0x1283      	BCF        STATUS, 5
0x0154	0x0087      	MOVWF      PORTC
;Game_code.c,32 :: 		PORTD = 64;
0x0155	0x3040      	MOVLW      64
0x0156	0x0088      	MOVWF      PORTD
;Game_code.c,33 :: 		PORTB = 0X00;
0x0157	0x0186      	CLRF       PORTB
;Game_code.c,34 :: 		result[0]=0;
0x0158	0x01A7      	CLRF       main_result_L0
;Game_code.c,36 :: 		while(1){
L_main0:
;Game_code.c,37 :: 		start:
___main_start:
;Game_code.c,38 :: 		if(btn_start == 1){
0x0159	0x1C89      	BTFSS      PORTE, 1
0x015A	0x2A4D      	GOTO       L_main2
;Game_code.c,39 :: 		count++;
0x015B	0x0ACC      	INCF       main_count_L0, 1
;Game_code.c,40 :: 		if(count>35)
0x015C	0x084C      	MOVF       main_count_L0, 0
0x015D	0x3C23      	SUBLW      35
0x015E	0x1803      	BTFSC      STATUS, 0
0x015F	0x2961      	GOTO       L_main3
;Game_code.c,41 :: 		portb.f0=1;
0x0160	0x1406      	BSF        PORTB, 0
L_main3:
;Game_code.c,42 :: 		while(1){
L_main4:
;Game_code.c,43 :: 		for(i=0;i<12;i++){
0x0161	0x01CA      	CLRF       main_i_L0
L_main6:
0x0162	0x300C      	MOVLW      12
0x0163	0x024A      	SUBWF      main_i_L0, 0
0x0164	0x1803      	BTFSC      STATUS, 0
0x0165	0x298C      	GOTO       L_main7
;Game_code.c,44 :: 		PORTC = disp[i];
0x0166	0x084A      	MOVF       main_i_L0, 0
0x0167	0x3E4F      	ADDLW      main_disp_L0
0x0168	0x00F0      	MOVWF      R0
0x0169	0x3002      	MOVLW      hi_addr(main_disp_L0)
0x016A	0x1803      	BTFSC      STATUS, 0
0x016B	0x3E01      	ADDLW      1
0x016C	0x00F1      	MOVWF      R0+1
0x016D	0x0870      	MOVF       R0, 0
0x016E	0x00A0      	MOVWF      ___DoICPAddr
0x016F	0x0871      	MOVF       R0+1, 0
0x0170	0x00A1      	MOVWF      ___DoICPAddr+1
0x0171	0x2003      	CALL       _____DoICP
0x0172	0x118A      	BCF        PCLATH, 3
0x0173	0x120A      	BCF        PCLATH, 4
0x0174	0x0087      	MOVWF      PORTC
;Game_code.c,45 :: 		PORTD = disp[i];
0x0175	0x0870      	MOVF       R0, 0
0x0176	0x00A0      	MOVWF      ___DoICPAddr
0x0177	0x0871      	MOVF       R0+1, 0
0x0178	0x00A1      	MOVWF      ___DoICPAddr+1
0x0179	0x2003      	CALL       _____DoICP
0x017A	0x118A      	BCF        PCLATH, 3
0x017B	0x120A      	BCF        PCLATH, 4
0x017C	0x0088      	MOVWF      PORTD
;Game_code.c,46 :: 		delay_ms(50);
0x017D	0x3082      	MOVLW      130
0x017E	0x00FC      	MOVWF      R12
0x017F	0x30DD      	MOVLW      221
0x0180	0x00FD      	MOVWF      R13
L_main9:
0x0181	0x0BFD      	DECFSZ     R13, 1
0x0182	0x2981      	GOTO       L_main9
0x0183	0x0BFC      	DECFSZ     R12, 1
0x0184	0x2981      	GOTO       L_main9
0x0185	0x0000      	NOP
0x0186	0x0000      	NOP
;Game_code.c,47 :: 		if(btn_stop == 1)
0x0187	0x1D09      	BTFSS      PORTE, 2
0x0188	0x298A      	GOTO       L_main10
;Game_code.c,48 :: 		break;
0x0189	0x298C      	GOTO       L_main7
L_main10:
;Game_code.c,43 :: 		for(i=0;i<12;i++){
0x018A	0x0ACA      	INCF       main_i_L0, 1
;Game_code.c,49 :: 		}
0x018B	0x2962      	GOTO       L_main6
L_main7:
;Game_code.c,50 :: 		if(btn_stop == 1)
0x018C	0x1D09      	BTFSS      PORTE, 2
0x018D	0x298F      	GOTO       L_main11
;Game_code.c,51 :: 		break;
0x018E	0x2990      	GOTO       L_main5
L_main11:
;Game_code.c,52 :: 		}
0x018F	0x2961      	GOTO       L_main4
L_main5:
;Game_code.c,53 :: 		again:
___main_again:
;Game_code.c,54 :: 		if(btn_reset == 1){
0x0190	0x1C09      	BTFSS      PORTE, 0
0x0191	0x29C9      	GOTO       L_main12
;Game_code.c,55 :: 		count = 0;
0x0192	0x01CC      	CLRF       main_count_L0
;Game_code.c,56 :: 		portb.f0=0;
0x0193	0x1006      	BCF        PORTB, 0
;Game_code.c,57 :: 		PORTC = disp_num[count%10];
0x0194	0x01F0      	CLRF       R0
0x0195	0x3000      	MOVLW      0
0x0196	0x00F1      	MOVWF      R0+1
0x0197	0x305B      	MOVLW      main_disp_num_L0
0x0198	0x07F0      	ADDWF      R0, 1
0x0199	0x3002      	MOVLW      hi_addr(main_disp_num_L0)
0x019A	0x1803      	BTFSC      STATUS, 0
0x019B	0x3E01      	ADDLW      1
0x019C	0x07F1      	ADDWF      R0+1, 1
0x019D	0x0870      	MOVF       R0, 0
0x019E	0x00A0      	MOVWF      ___DoICPAddr
0x019F	0x0871      	MOVF       R0+1, 0
0x01A0	0x00A1      	MOVWF      ___DoICPAddr+1
0x01A1	0x2003      	CALL       _____DoICP
0x01A2	0x118A      	BCF        PCLATH, 3
0x01A3	0x120A      	BCF        PCLATH, 4
0x01A4	0x0087      	MOVWF      PORTC
;Game_code.c,58 :: 		PORTD = disp_num[count/10];
0x01A5	0x01F0      	CLRF       R0
0x01A6	0x3000      	MOVLW      0
0x01A7	0x00F1      	MOVWF      R0+1
0x01A8	0x305B      	MOVLW      main_disp_num_L0
0x01A9	0x07F0      	ADDWF      R0, 1
0x01AA	0x3002      	MOVLW      hi_addr(main_disp_num_L0)
0x01AB	0x1803      	BTFSC      STATUS, 0
0x01AC	0x3E01      	ADDLW      1
0x01AD	0x07F1      	ADDWF      R0+1, 1
0x01AE	0x0870      	MOVF       R0, 0
0x01AF	0x00A0      	MOVWF      ___DoICPAddr
0x01B0	0x0871      	MOVF       R0+1, 0
0x01B1	0x00A1      	MOVWF      ___DoICPAddr+1
0x01B2	0x2003      	CALL       _____DoICP
0x01B3	0x118A      	BCF        PCLATH, 3
0x01B4	0x120A      	BCF        PCLATH, 4
0x01B5	0x0088      	MOVWF      PORTD
;Game_code.c,59 :: 		delay_ms(1000);
0x01B6	0x300B      	MOVLW      11
0x01B7	0x00FB      	MOVWF      R11
0x01B8	0x3026      	MOVLW      38
0x01B9	0x00FC      	MOVWF      R12
0x01BA	0x305D      	MOVLW      93
0x01BB	0x00FD      	MOVWF      R13
L_main13:
0x01BC	0x0BFD      	DECFSZ     R13, 1
0x01BD	0x29BC      	GOTO       L_main13
0x01BE	0x0BFC      	DECFSZ     R12, 1
0x01BF	0x29BC      	GOTO       L_main13
0x01C0	0x0BFB      	DECFSZ     R11, 1
0x01C1	0x29BC      	GOTO       L_main13
0x01C2	0x0000      	NOP
0x01C3	0x0000      	NOP
;Game_code.c,60 :: 		PORTC = 64;
0x01C4	0x3040      	MOVLW      64
0x01C5	0x0087      	MOVWF      PORTC
;Game_code.c,61 :: 		PORTD = 64;
0x01C6	0x3040      	MOVLW      64
0x01C7	0x0088      	MOVWF      PORTD
;Game_code.c,62 :: 		goto start;
0x01C8	0x2959      	GOTO       ___main_start
;Game_code.c,63 :: 		}
L_main12:
;Game_code.c,64 :: 		PORTC = 64;
0x01C9	0x3040      	MOVLW      64
0x01CA	0x0087      	MOVWF      PORTC
;Game_code.c,65 :: 		PORTD = 64;
0x01CB	0x3040      	MOVLW      64
0x01CC	0x0088      	MOVWF      PORTD
;Game_code.c,66 :: 		number = rand()%35+1;
0x01CD	0x2089      	CALL       _rand
0x01CE	0x3023      	MOVLW      35
0x01CF	0x00F4      	MOVWF      R4
0x01D0	0x3000      	MOVLW      0
0x01D1	0x00F5      	MOVWF      R4+1
0x01D2	0x20D0      	CALL       _Div_16x16_S
0x01D3	0x0878      	MOVF       R8, 0
0x01D4	0x00F0      	MOVWF      R0
0x01D5	0x0879      	MOVF       R8+1, 0
0x01D6	0x00F1      	MOVWF      R0+1
0x01D7	0x0A70      	INCF       R0, 0
0x01D8	0x00CB      	MOVWF      main_number_L0
;Game_code.c,67 :: 		for(i=0;i<count;i++){
0x01D9	0x01CA      	CLRF       main_i_L0
L_main14:
0x01DA	0x084C      	MOVF       main_count_L0, 0
0x01DB	0x024A      	SUBWF      main_i_L0, 0
0x01DC	0x1803      	BTFSC      STATUS, 0
0x01DD	0x29E8      	GOTO       L_main15
;Game_code.c,68 :: 		if(result[i]== number)
0x01DE	0x084A      	MOVF       main_i_L0, 0
0x01DF	0x3E27      	ADDLW      main_result_L0
0x01E0	0x0084      	MOVWF      FSR
0x01E1	0x0800      	MOVF       INDF, 0
0x01E2	0x064B      	XORWF      main_number_L0, 0
0x01E3	0x1D03      	BTFSS      STATUS, 2
0x01E4	0x29E6      	GOTO       L_main17
;Game_code.c,69 :: 		goto again;
0x01E5	0x2990      	GOTO       ___main_again
L_main17:
;Game_code.c,67 :: 		for(i=0;i<count;i++){
0x01E6	0x0ACA      	INCF       main_i_L0, 1
;Game_code.c,70 :: 		}
0x01E7	0x29DA      	GOTO       L_main14
L_main15:
;Game_code.c,71 :: 		result[count-1]= number;
0x01E8	0x3001      	MOVLW      1
0x01E9	0x024C      	SUBWF      main_count_L0, 0
0x01EA	0x00F0      	MOVWF      R0
0x01EB	0x01F1      	CLRF       R0+1
0x01EC	0x1C03      	BTFSS      STATUS, 0
0x01ED	0x03F1      	DECF       R0+1, 1
0x01EE	0x0870      	MOVF       R0, 0
0x01EF	0x3E27      	ADDLW      main_result_L0
0x01F0	0x0084      	MOVWF      FSR
0x01F1	0x084B      	MOVF       main_number_L0, 0
0x01F2	0x0080      	MOVWF      INDF
;Game_code.c,73 :: 		for(i=0;i<3;i++){
0x01F3	0x01CA      	CLRF       main_i_L0
L_main18:
0x01F4	0x3003      	MOVLW      3
0x01F5	0x024A      	SUBWF      main_i_L0, 0
0x01F6	0x1803      	BTFSC      STATUS, 0
0x01F7	0x2A4D      	GOTO       L_main19
;Game_code.c,74 :: 		PORTC = 0X00;
0x01F8	0x0187      	CLRF       PORTC
;Game_code.c,75 :: 		PORTD = 0X00;
0x01F9	0x0188      	CLRF       PORTD
;Game_code.c,76 :: 		delay_ms(200);
0x01FA	0x3003      	MOVLW      3
0x01FB	0x00FB      	MOVWF      R11
0x01FC	0x3008      	MOVLW      8
0x01FD	0x00FC      	MOVWF      R12
0x01FE	0x3077      	MOVLW      119
0x01FF	0x00FD      	MOVWF      R13
L_main21:
0x0200	0x0BFD      	DECFSZ     R13, 1
0x0201	0x2A00      	GOTO       L_main21
0x0202	0x0BFC      	DECFSZ     R12, 1
0x0203	0x2A00      	GOTO       L_main21
0x0204	0x0BFB      	DECFSZ     R11, 1
0x0205	0x2A00      	GOTO       L_main21
;Game_code.c,77 :: 		PORTC = disp_num[result[count-1]%10];
0x0206	0x3001      	MOVLW      1
0x0207	0x024C      	SUBWF      main_count_L0, 0
0x0208	0x00F0      	MOVWF      R0
0x0209	0x01F1      	CLRF       R0+1
0x020A	0x1C03      	BTFSS      STATUS, 0
0x020B	0x03F1      	DECF       R0+1, 1
0x020C	0x0870      	MOVF       R0, 0
0x020D	0x3E27      	ADDLW      main_result_L0
0x020E	0x00CD      	MOVWF      FLOC__main
0x020F	0x084D      	MOVF       FLOC__main, 0
0x0210	0x0084      	MOVWF      FSR
0x0211	0x0800      	MOVF       INDF, 0
0x0212	0x00F0      	MOVWF      R0
0x0213	0x300A      	MOVLW      10
0x0214	0x00F4      	MOVWF      R4
0x0215	0x2078      	CALL       _Div_8x8_U
0x0216	0x0878      	MOVF       R8, 0
0x0217	0x00F0      	MOVWF      R0
0x0218	0x3000      	MOVLW      0
0x0219	0x00F1      	MOVWF      R0+1
0x021A	0x305B      	MOVLW      main_disp_num_L0
0x021B	0x07F0      	ADDWF      R0, 1
0x021C	0x3002      	MOVLW      hi_addr(main_disp_num_L0)
0x021D	0x1803      	BTFSC      STATUS, 0
0x021E	0x3E01      	ADDLW      1
0x021F	0x07F1      	ADDWF      R0+1, 1
0x0220	0x0870      	MOVF       R0, 0
0x0221	0x00A0      	MOVWF      ___DoICPAddr
0x0222	0x0871      	MOVF       R0+1, 0
0x0223	0x00A1      	MOVWF      ___DoICPAddr+1
0x0224	0x2003      	CALL       _____DoICP
0x0225	0x118A      	BCF        PCLATH, 3
0x0226	0x120A      	BCF        PCLATH, 4
0x0227	0x0087      	MOVWF      PORTC
;Game_code.c,78 :: 		PORTD = disp_num[result[count-1]/10];
0x0228	0x084D      	MOVF       FLOC__main, 0
0x0229	0x0084      	MOVWF      FSR
0x022A	0x0800      	MOVF       INDF, 0
0x022B	0x00F0      	MOVWF      R0
0x022C	0x300A      	MOVLW      10
0x022D	0x00F4      	MOVWF      R4
0x022E	0x2078      	CALL       _Div_8x8_U
0x022F	0x3000      	MOVLW      0
0x0230	0x00F1      	MOVWF      R0+1
0x0231	0x305B      	MOVLW      main_disp_num_L0
0x0232	0x07F0      	ADDWF      R0, 1
0x0233	0x3002      	MOVLW      hi_addr(main_disp_num_L0)
0x0234	0x1803      	BTFSC      STATUS, 0
0x0235	0x3E01      	ADDLW      1
0x0236	0x07F1      	ADDWF      R0+1, 1
0x0237	0x0870      	MOVF       R0, 0
0x0238	0x00A0      	MOVWF      ___DoICPAddr
0x0239	0x0871      	MOVF       R0+1, 0
0x023A	0x00A1      	MOVWF      ___DoICPAddr+1
0x023B	0x2003      	CALL       _____DoICP
0x023C	0x118A      	BCF        PCLATH, 3
0x023D	0x120A      	BCF        PCLATH, 4
0x023E	0x0088      	MOVWF      PORTD
;Game_code.c,79 :: 		delay_ms(200);
0x023F	0x3003      	MOVLW      3
0x0240	0x00FB      	MOVWF      R11
0x0241	0x3008      	MOVLW      8
0x0242	0x00FC      	MOVWF      R12
0x0243	0x3077      	MOVLW      119
0x0244	0x00FD      	MOVWF      R13
L_main22:
0x0245	0x0BFD      	DECFSZ     R13, 1
0x0246	0x2A45      	GOTO       L_main22
0x0247	0x0BFC      	DECFSZ     R12, 1
0x0248	0x2A45      	GOTO       L_main22
0x0249	0x0BFB      	DECFSZ     R11, 1
0x024A	0x2A45      	GOTO       L_main22
;Game_code.c,73 :: 		for(i=0;i<3;i++){
0x024B	0x0ACA      	INCF       main_i_L0, 1
;Game_code.c,81 :: 		}
0x024C	0x29F4      	GOTO       L_main18
L_main19:
;Game_code.c,82 :: 		}
L_main2:
;Game_code.c,83 :: 		}
0x024D	0x2959      	GOTO       L_main0
;Game_code.c,84 :: 		}
0x024E	0x2A4E      	GOTO       $+0
; end of _main
;Game_code.c,22 :: main_disp_L0
0x024F	0x3401 ;main_disp_L0+0
0x0250	0x3403 ;main_disp_L0+1
0x0251	0x3407 ;main_disp_L0+2
0x0252	0x340F ;main_disp_L0+3
0x0253	0x341F ;main_disp_L0+4
0x0254	0x343F ;main_disp_L0+5
0x0255	0x343E ;main_disp_L0+6
0x0256	0x343C ;main_disp_L0+7
0x0257	0x3438 ;main_disp_L0+8
0x0258	0x3430 ;main_disp_L0+9
0x0259	0x3420 ;main_disp_L0+10
0x025A	0x3400 ;main_disp_L0+11
; end of main_disp_L0
;Game_code.c,21 :: main_disp_num_L0
0x025B	0x343F ;main_disp_num_L0+0
0x025C	0x3406 ;main_disp_num_L0+1
0x025D	0x345B ;main_disp_num_L0+2
0x025E	0x344F ;main_disp_num_L0+3
0x025F	0x3466 ;main_disp_num_L0+4
0x0260	0x346D ;main_disp_num_L0+5
0x0261	0x347D ;main_disp_num_L0+6
0x0262	0x3407 ;main_disp_num_L0+7
0x0263	0x347F ;main_disp_num_L0+8
0x0264	0x346F ;main_disp_num_L0+9
; end of main_disp_num_L0
Symbol List:
//** Routines locations **
//ADDRESS    SIZE    PROCEDURE
//----------------------------------------------
0x0003       [7]    _____DoICP
0x000A      [44]    _Div_16x16_S_L
0x0036      [55]    _Mul_32x32_U
0x006D      [11]    _srand
0x0078      [17]    _Div_8x8_U
0x0089      [71]    _rand
0x00D0     [105]    _Div_16x16_S
0x0139      [12]    ___CC2DW
0x0145     [266]    _main
//** Variables locations ** 
//ADDRESS    SIZE    VARIABLE
//----------------------------------------------
0x0000       [1]    INDF
0x0001       [1]    TMR0
0x0002       [1]    PCL
0x0003       [0]    C_bit
0x0003       [0]    DC_bit
0x0003       [0]    RP1_bit
0x0003       [0]    RP0_bit
0x0003       [0]    Z_bit
0x0003       [0]    NOT_TO_bit
0x0003       [0]    NOT_PD_bit
0x0003       [1]    STATUS
0x0003       [0]    IRP_bit
0x0004       [1]    FSRPTR
0x0004       [1]    FSR
0x0005       [0]    RA7_bit
0x0005       [0]    RA3_bit
0x0005       [0]    RA2_bit
0x0005       [0]    RA5_bit
0x0005       [1]    PORTA
0x0005       [0]    RA6_bit
0x0005       [0]    RA0_bit
0x0005       [0]    RA4_bit
0x0005       [0]    RA1_bit
0x0006       [0]    RB5_bit
0x0006       [0]    RB7_bit
0x0006       [0]    RB4_bit
0x0006       [0]    RB1_bit
0x0006       [0]    RB2_bit
0x0006       [0]    RB3_bit
0x0006       [0]    RB6_bit
0x0006       [0]    RB0_bit
0x0006       [1]    PORTB
0x0007       [1]    PORTC
0x0007       [0]    RC2_bit
0x0007       [0]    RC3_bit
0x0007       [0]    RC0_bit
0x0007       [0]    RC1_bit
0x0007       [0]    RC6_bit
0x0007       [0]    RC7_bit
0x0007       [0]    RC4_bit
0x0007       [0]    RC5_bit
0x0008       [0]    RD3_bit
0x0008       [0]    RD4_bit
0x0008       [0]    RD2_bit
0x0008       [0]    RD0_bit
0x0008       [0]    RD1_bit
0x0008       [0]    RD5_bit
0x0008       [0]    RD6_bit
0x0008       [0]    RD7_bit
0x0008       [1]    PORTD
0x0009       [0]    RE0_bit
0x0009       [0]    RE3_bit
0x0009       [1]    PORTE
0x0009       [0]    RE1_bit
0x0009       [0]    RE2_bit
0x000A       [1]    PCLATH
0x000B       [0]    TMR0IE_bit
0x000B       [0]    INTE_bit
0x000B       [0]    T0IE_bit
0x000B       [0]    GIE_bit
0x000B       [0]    PEIE_bit
0x000B       [1]    INTCON
0x000B       [0]    INTF_bit
0x000B       [0]    RBIF_bit
0x000B       [0]    TMR0IF_bit
0x000B       [0]    RBIE_bit
0x000B       [0]    T0IF_bit
0x000C       [0]    RCIF_bit
0x000C       [0]    CCP1IF_bit
0x000C       [0]    TMR2IF_bit
0x000C       [0]    TXIF_bit
0x000C       [0]    SSPIF_bit
0x000C       [1]    PIR1
0x000C       [0]    TMR1IF_bit
0x000C       [0]    ADIF_bit
0x000D       [0]    CCP2IF_bit
0x000D       [0]    C1IF_bit
0x000D       [0]    ULPWUIF_bit
0x000D       [0]    EEIF_bit
0x000D       [1]    PIR2
0x000D       [0]    OSFIF_bit
0x000D       [0]    C2IF_bit
0x000D       [0]    BCLIF_bit
0x000E       [1]    TMR1L
0x000F       [1]    TMR1H
0x0010       [0]    TMR1GE_bit
0x0010       [0]    T1GINV_bit
0x0010       [0]    T1CKPS0_bit
0x0010       [0]    TMR1CS_bit
0x0010       [0]    T1SYNC_bit
0x0010       [1]    T1CON
0x0010       [0]    TMR1ON_bit
0x0010       [0]    T1CKPS1_bit
0x0010       [0]    T1OSCEN_bit
0x0010       [0]    T1INSYNC_bit
0x0010       [0]    NOT_T1SYNC_bit
0x0011       [1]    TMR2
0x0012       [0]    TOUTPS2_bit
0x0012       [0]    TOUTPS3_bit
0x0012       [0]    TOUTPS0_bit
0x0012       [0]    TOUTPS1_bit
0x0012       [1]    T2CON
0x0012       [0]    T2CKPS0_bit
0x0012       [0]    T2CKPS1_bit
0x0012       [0]    TMR2ON_bit
0x0013       [1]    SSPBUF
0x0014       [0]    SSPEN_bit
0x0014       [0]    CKP_bit
0x0014       [0]    WCOL_bit
0x0014       [0]    SSPOV_bit
0x0014       [0]    SSPM1_bit
0x0014       [0]    SSPM0_bit
0x0014       [0]    SSPM3_bit
0x0014       [0]    SSPM2_bit
0x0014       [1]    SSPCON
0x0015       [1]    CCPR1L
0x0015       [2]    CCPR1
0x0016       [1]    CCPR1H
0x0017       [0]    P1M0_bit
0x0017       [0]    P1M1_bit
0x0017       [1]    CCP1CON
0x0017       [0]    DC1B1_bit
0x0017       [0]    CCP1M2_bit
0x0017       [0]    CCP1M1_bit
0x0017       [0]    CCP1M0_bit
0x0017       [0]    CCP1M3_bit
0x0017       [0]    CCP1X_bit
0x0017       [0]    DC1B0_bit
0x0017       [0]    CCP1Y_bit
0x0018       [0]    FERR_bit
0x0018       [0]    RC9_bit
0x0018       [0]    ADDEN_bit
0x0018       [1]    RCSTA
0x0018       [0]    RC8_9_bit
0x0018       [0]    RCD8_bit
0x0018       [0]    NOT_RC8_bit
0x0018       [0]    RX9D_bit
0x0018       [0]    SPEN_bit
0x0018       [0]    OERR_bit
0x0018       [0]    RX9_bit
0x0018       [0]    CREN_bit
0x0018       [0]    SREN_bit
0x0019       [1]    TXREG
0x001A       [1]    RCREG
0x001B       [2]    CCPR2
0x001B       [1]    CCPR2L
0x001C       [1]    CCPR2H
0x001D       [0]    CCP2X_bit
0x001D       [0]    CCP2M0_bit
0x001D       [0]    DC2B1_bit
0x001D       [0]    CCP2M1_bit
0x001D       [1]    CCP2CON
0x001D       [0]    CCP2M2_bit
0x001D       [0]    CCP2Y_bit
0x001D       [0]    DC2B0_bit
0x001D       [0]    CCP2M3_bit
0x001E       [1]    ADRESH
0x001F       [0]    ADON_bit
0x001F       [0]    ADCS1_bit
0x001F       [0]    CHS3_bit
0x001F       [0]    CHS2_bit
0x001F       [0]    GO_bit
0x001F       [0]    NOT_DONE_bit
0x001F       [0]    CHS0_bit
0x001F       [1]    ADCON0
0x001F       [0]    ADCS0_bit
0x001F       [0]    GO_DONE_bit
0x001F       [0]    CHS1_bit
0x0020       [2]    ___DoICPAddr
0x0022       [1]    __Lib_CStdlib_randf
0x0023       [4]    __Lib_CStdlib_randx
0x0027      [35]    main_result_L0
0x004A       [1]    main_i_L0
0x004B       [1]    main_number_L0
0x004C       [1]    main_count_L0
0x004D       [1]    FLOC__main
0x004E       [2]    FARG_srand_x
0x0070       [1]    R0
0x0071       [1]    R1
0x0072       [1]    R2
0x0073       [1]    R3
0x0074       [1]    R4
0x0075       [1]    R5
0x0076       [1]    R6
0x0077       [1]    R7
0x0078       [1]    R8
0x0079       [1]    R9
0x007A       [1]    R10
0x007B       [1]    R11
0x007C       [1]    R12
0x007D       [1]    R13
0x007E       [1]    R14
0x007F       [1]    R15
0x0081       [0]    T0SE_bit
0x0081       [0]    PSA_bit
0x0081       [0]    INTEDG_bit
0x0081       [0]    T0CS_bit
0x0081       [0]    PS0_bit
0x0081       [1]    OPTION_REG
0x0081       [0]    PS2_bit
0x0081       [0]    PS1_bit
0x0081       [0]    NOT_RBPU_bit
0x0085       [0]    TRISA6_bit
0x0085       [0]    TRISA1_bit
0x0085       [0]    TRISA2_bit
0x0085       [1]    TRISA
0x0085       [0]    TRISA7_bit
0x0085       [0]    TRISA0_bit
0x0085       [0]    TRISA5_bit
0x0085       [0]    TRISA3_bit
0x0085       [0]    TRISA4_bit
0x0086       [0]    TRISB5_bit
0x0086       [0]    TRISB1_bit
0x0086       [0]    TRISB0_bit
0x0086       [1]    TRISB
0x0086       [0]    TRISB2_bit
0x0086       [0]    TRISB6_bit
0x0086       [0]    TRISB3_bit
0x0086       [0]    TRISB4_bit
0x0086       [0]    TRISB7_bit
0x0087       [1]    TRISC
0x0087       [0]    TRISC5_bit
0x0087       [0]    TRISC4_bit
0x0087       [0]    TRISC3_bit
0x0087       [0]    TRISC6_bit
0x0087       [0]    TRISC2_bit
0x0087       [0]    TRISC0_bit
0x0087       [0]    TRISC1_bit
0x0087       [0]    TRISC7_bit
0x0088       [0]    TRISD4_bit
0x0088       [0]    TRISD3_bit
0x0088       [1]    TRISD
0x0088       [0]    TRISD7_bit
0x0088       [0]    TRISD6_bit
0x0088       [0]    TRISD5_bit
0x0088       [0]    TRISD0_bit
0x0088       [0]    TRISD1_bit
0x0088       [0]    TRISD2_bit
0x0089       [0]    TRISE3_bit
0x0089       [0]    TRISE0_bit
0x0089       [1]    TRISE
0x0089       [0]    TRISE1_bit
0x0089       [0]    TRISE2_bit
0x008C       [0]    CCP1IE_bit
0x008C       [1]    PIE1
0x008C       [0]    TMR1IE_bit
0x008C       [0]    TMR2IE_bit
0x008C       [0]    SSPIE_bit
0x008C       [0]    RCIE_bit
0x008C       [0]    ADIE_bit
0x008C       [0]    TXIE_bit
0x008D       [0]    ULPWUIE_bit
0x008D       [0]    CCP2IE_bit
0x008D       [0]    C2IE_bit
0x008D       [0]    EEIE_bit
0x008D       [0]    BCLIE_bit
0x008D       [0]    C1IE_bit
0x008D       [1]    PIE2
0x008D       [0]    OSFIE_bit
0x008E       [0]    NOT_POR_bit
0x008E       [0]    SBOREN_bit
0x008E       [0]    ULPWUE_bit
0x008E       [1]    PCON
0x008E       [0]    NOT_BO_bit
0x008E       [0]    NOT_BOR_bit
0x008F       [0]    IRCF1_bit
0x008F       [0]    IRCF0_bit
0x008F       [1]    OSCCON
0x008F       [0]    IRCF2_bit
0x008F       [0]    OSTS_bit
0x008F       [0]    LTS_bit
0x008F       [0]    SCS_bit
0x008F       [0]    HTS_bit
0x0090       [0]    TUN0_bit
0x0090       [1]    OSCTUNE
0x0090       [0]    TUN4_bit
0x0090       [0]    TUN3_bit
0x0090       [0]    TUN1_bit
0x0090       [0]    TUN2_bit
0x0091       [0]    RCEN_bit
0x0091       [0]    PEN_bit
0x0091       [0]    ACKDT_bit
0x0091       [0]    ACKEN_bit
0x0091       [0]    RSEN_bit
0x0091       [0]    GCEN_bit
0x0091       [1]    SSPCON2
0x0091       [0]    SEN_bit
0x0091       [0]    ACKSTAT_bit
0x0092       [1]    PR2
0x0093       [1]    MSK
0x0093       [1]    SSPMSK
0x0093       [1]    SSPADD
0x0094       [0]    READ_WRITE_bit
0x0094       [0]    BF_bit
0x0094       [0]    I2C_READ_bit
0x0094       [0]    NOT_WRITE_bit
0x0094       [0]    P_bit
0x0094       [0]    NOT_ADDRESS_bit
0x0094       [0]    NOT_A_bit
0x0094       [0]    D_A_bit
0x0094       [0]    DATA_ADDRESS_bit
0x0094       [0]    NOT_W_bit
0x0094       [0]    I2C_STOP__bit
0x0094       [0]    I2C_START__bit
0x0094       [0]    R_W_bit
0x0094       [0]    CKE_bit
0x0094       [1]    SSPSTAT
0x0094       [0]    SMP_bit
0x0094       [0]    S_bit
0x0094       [0]    UA_bit
0x0094       [0]    I2C_DATA_bit
0x0094       [0]    R_bit
0x0094       [0]    D_bit
0x0095       [0]    WPUB7_bit
0x0095       [0]    WPUB3_bit
0x0095       [0]    WPUB2_bit
0x0095       [0]    WPUB4_bit
0x0095       [0]    WPUB5_bit
0x0095       [0]    WPUB6_bit
0x0095       [1]    WPUB
0x0095       [0]    WPUB0_bit
0x0095       [0]    WPUB1_bit
0x0096       [0]    IOCB0_bit
0x0096       [1]    IOCB
0x0096       [0]    IOCB2_bit
0x0096       [0]    IOCB1_bit
0x0096       [0]    IOCB7_bit
0x0096       [0]    IOCB6_bit
0x0096       [0]    IOCB5_bit
0x0096       [0]    IOCB3_bit
0x0096       [0]    IOCB4_bit
0x0097       [0]    VROE_bit
0x0097       [1]    VRCON
0x0097       [0]    VR3_bit
0x0097       [0]    VREN_bit
0x0097       [0]    VRR_bit
0x0097       [0]    VR1_bit
0x0097       [0]    VR0_bit
0x0097       [0]    VR2_bit
0x0097       [0]    VRSS_bit
0x0098       [0]    TX8_9_bit
0x0098       [0]    NOT_TX8_bit
0x0098       [0]    CSRC_bit
0x0098       [0]    TX9_bit
0x0098       [0]    TX9D_bit
0x0098       [1]    TXSTA
0x0098       [0]    BRGH_bit
0x0098       [0]    TRMT_bit
0x0098       [0]    SYNC_bit
0x0098       [0]    TXEN_bit
0x0098       [0]    SENDB_bit
0x0098       [0]    TXD8_bit
0x0099       [0]    BRG1_bit
0x0099       [0]    BRG5_bit
0x0099       [0]    BRG3_bit
0x0099       [0]    BRG4_bit
0x0099       [0]    BRG7_bit
0x0099       [1]    SPBRG
0x0099       [0]    BRG6_bit
0x0099       [0]    BRG0_bit
0x0099       [0]    BRG2_bit
0x009A       [0]    BRG13_bit
0x009A       [0]    BRG9_bit
0x009A       [0]    BRG8_bit
0x009A       [0]    BRG10_bit
0x009A       [0]    BRG12_bit
0x009A       [1]    SPBRGH
0x009A       [0]    BRG11_bit
0x009A       [0]    BRG15_bit
0x009A       [0]    BRG14_bit
0x009B       [0]    PDC6_bit
0x009B       [0]    PDC0_bit
0x009B       [0]    PDC1_bit
0x009B       [1]    PWM1CON
0x009B       [0]    PDC2_bit
0x009B       [0]    PDC5_bit
0x009B       [0]    PRSEN_bit
0x009B       [0]    PDC4_bit
0x009B       [0]    PDC3_bit
0x009C       [0]    PSSAC0_bit
0x009C       [0]    ECCPAS2_bit
0x009C       [0]    ECCPAS0_bit
0x009C       [0]    ECCPAS1_bit
0x009C       [0]    PSSBD1_bit
0x009C       [1]    ECCPAS
0x009C       [0]    ECCPASE_bit
0x009C       [0]    PSSAC1_bit
0x009C       [0]    PSSBD0_bit
0x009D       [0]    STRD_bit
0x009D       [0]    STRSYNC_bit
0x009D       [0]    STRA_bit
0x009D       [0]    STRC_bit
0x009D       [1]    PSTRCON
0x009D       [0]    STRB_bit
0x009E       [1]    ADRESL
0x009F       [0]    VCFG0_bit
0x009F       [0]    ADFM_bit
0x009F       [0]    VCFG1_bit
0x009F       [1]    ADCON1
0x0105       [0]    SWDTEN_bit
0x0105       [1]    WDTCON
0x0105       [0]    WDTPS1_bit
0x0105       [0]    WDTPS0_bit
0x0105       [0]    WDTPS3_bit
0x0105       [0]    WDTPS2_bit
0x0107       [0]    C1POL_bit
0x0107       [0]    C1CH1_bit
0x0107       [0]    C1R_bit
0x0107       [0]    C1CH0_bit
0x0107       [0]    C1ON_bit
0x0107       [1]    CM1CON0
0x0107       [0]    C1OE_bit
0x0107       [0]    C1OUT_bit
0x0108       [0]    C2OE_bit
0x0108       [0]    C2POL_bit
0x0108       [0]    C2ON_bit
0x0108       [0]    C2OUT_bit
0x0108       [0]    C2CH0_bit
0x0108       [1]    CM2CON0
0x0108       [0]    C2R_bit
0x0108       [0]    C2CH1_bit
0x0109       [0]    C1RSEL_bit
0x0109       [0]    MC2OUT_bit
0x0109       [0]    MC1OUT_bit
0x0109       [0]    C2SYNC_bit
0x0109       [0]    T1GSS_bit
0x0109       [0]    C2RSEL_bit
0x0109       [1]    CM2CON1
0x010C       [1]    EEDAT
0x010C       [1]    EEDATA
0x010D       [1]    EEADR
0x010E       [1]    EEDATH
0x010F       [1]    EEADRH
0x0185       [0]    C2REN_bit
0x0185       [0]    C1SEN_bit
0x0185       [0]    SR0_bit
0x0185       [0]    FVREN_bit
0x0185       [0]    PULSR_bit
0x0185       [0]    PULSS_bit
0x0185       [0]    SR1_bit
0x0185       [1]    SRCON
0x0187       [0]    SCKP_bit
0x0187       [0]    RCIDL_bit
0x0187       [0]    ABDEN_bit
0x0187       [0]    WUE_bit
0x0187       [0]    BRG16_bit
0x0187       [0]    ABDOVF_bit
0x0187       [1]    BAUDCTL
0x0188       [0]    ANS3_bit
0x0188       [0]    ANS4_bit
0x0188       [0]    ANS5_bit
0x0188       [0]    ANS0_bit
0x0188       [0]    ANS1_bit
0x0188       [0]    ANS2_bit
0x0188       [1]    ANSEL
0x0188       [0]    ANS7_bit
0x0188       [0]    ANS6_bit
0x0189       [0]    ANS11_bit
0x0189       [0]    ANS10_bit
0x0189       [0]    ANS8_bit
0x0189       [0]    ANS9_bit
0x0189       [0]    ANS12_bit
0x0189       [1]    ANSELH
0x0189       [0]    ANS13_bit
0x018C       [0]    WREN_bit
0x018C       [0]    WR_bit
0x018C       [0]    RD_bit
0x018C       [0]    WRERR_bit
0x018C       [1]    EECON1
0x018C       [0]    EEPGD_bit
0x018D       [1]    EECON2
//** Constants locations ** 
//ADDRESS    SIZE    CONSTANT
//----------------------------------------------
0x024F      [12]    main_disp_L0
0x025B      [10]    main_disp_num_L0
//** Label List: ** 
//----------------------------------------------
  L_main0
  L_main1
  ___main_start
  L_main2
  L_main3
  L_main4
  L_main5
  L_main6
  L_main7
  L_main8
  L_main9
  L_main10
  L_main11
  ___main_again
  L_main12
  L_main13
  L_main14
  L_main15
  L_main16
  L_main17
  L_main18
  L_main19
  L_main20
  L_main21
  L_main22
  _main
  L_abs0
  L___Lib_CStdlib_strtod1
  L___Lib_CStdlib_strtod2
  L___Lib_CStdlib_strtod3
  L___Lib_CStdlib_strtod4
  L___Lib_CStdlib_strtod5
  L___Lib_CStdlib_strtod6
  L___Lib_CStdlib_strtod7
  L___Lib_CStdlib_strtod8
  L___Lib_CStdlib_strtod9
  L___Lib_CStdlib_strtod10
  L___Lib_CStdlib_strtod11
  L___Lib_CStdlib_strtod12
  L___Lib_CStdlib_strtod13
  L___Lib_CStdlib_strtod14
  L___Lib_CStdlib_strtod15
  L___Lib_CStdlib_strtod16
  L___Lib_CStdlib_strtod17
  L___Lib_CStdlib_strtod18
  L___Lib_CStdlib_strtod19
  L___Lib_CStdlib_strtod20
  L___Lib_CStdlib_strtod21
  L___Lib_CStdlib_strtod22
  L___Lib_CStdlib_strtod23
  L___Lib_CStdlib_strtod24
  L___Lib_CStdlib_strtod25
  L___Lib_CStdlib_strtod26
  L___Lib_CStdlib_strtod27
  L___Lib_CStdlib_strtod28
  L___Lib_CStdlib_strtod29
  L___Lib_CStdlib_strtod30
  L___Lib_CStdlib_strtod31
  L___Lib_CStdlib_strtod32
  L___Lib_CStdlib_strtod33
  L___Lib_CStdlib_strtod34
  L___Lib_CStdlib_strtod35
  L___Lib_CStdlib_strtod36
  L___Lib_CStdlib_strtod37
  L___Lib_CStdlib_strtod38
  L___Lib_CStdlib_strtod39
  L___Lib_CStdlib_strtod40
  L___Lib_CStdlib_strtod41
  L___Lib_CStdlib_strtod42
  L___Lib_CStdlib_strtod43
  L___Lib_CStdlib_strtod44
  L___Lib_CStdlib_strtod45
  L___Lib_CStdlib_strtod46
  L___Lib_CStdlib_strtod47
  L___Lib_CStdlib_strtod48
  L___Lib_CStdlib_strtod49
  L___Lib_CStdlib_strtod50
  L___Lib_CStdlib_strtod51
  L___Lib_CStdlib_strtod52
  ___atoi_skipws_atoi
  L_atoi53
  L_atoi54
  L_atoi55
  L_atoi56
  L_atoi57
  L_atoi58
  ___atoi_conv_atoi
  L_atoi59
  L_atoi60
  ___atol_skipws_atol
  L_atol61
  L_atol62
  L_atol63
  L_atol64
  L_atol65
  L_atol66
  ___atol_conv_atol
  L_atol67
  L_atol68
  L_div69
  L_ldiv70
  L_uldiv71
  L_labs72
  L_max73
  L_min74
  L_rand75
  L_xtoi76
  L_xtoi77
  L_xtoi78
  L_xtoi79
  L_xtoi80
  L_xtoi81
  L_xtoi82
  L_xtoi83
  L_xtoi84
  L_xtoi85
  L_xtoi86
  L___Lib_CStdlib_strtod87
  L___Lib_CStdlib_strtod88
  L___Lib_CStdlib_strtod89
  L__atoi90
  L__atol91
  _abs
  L__abs92
  __Lib_CStdlib_strtod
  L___Lib_CStdlib_strtod93
  L___Lib_CStdlib_strtod94
  _atof
  _atoi
  L__atoi95
  L__atoi96
  L__atoi97
  L__atoi98
  _atol
  L__atol99
  L__atol100
  _div
  _ldiv
  _uldiv
  _labs
  L__labs101
  _max
  L__max102
  _min
  L__min103
  _srand
  _rand
  _xtoi
  L_Div_16x16_S0
  L_Div_16x16_S1
  LOOPS3232A
  SADD22LA
  SOK22LA
  SADD22L8
  SOK22L8
  LOOPS3232B
  SADD22LB
  SOK22LB
  SADD22L16
  SOK22L16
  LOOPS3232C
  SADD22LC
  SOK22LC
  SADD22L24
  SOK22L24
  LOOPS3232D
  SADD22LD
  SOK22LD
  SOK22L
  L_Div_32x32_S6
  L_Div_32x32_S7
  L_Div_32x32_S8
  L_Div_32x32_S9
  FXD3232S
  END_ALL
  CA3232S
  C3232SX
  C3232SX1
  C3232S
  C3232S2
  C3232SX4
  C3232SOK
  C3232SX3
  C3232SX2
  avoid_comfrem
  LOOPU3232A
  UADD22LA
  UOK22LA
  UADD22L8
  UOK22L8
  LOOPU3232B
  UADD22LB
  UOK22LB
  UADD22L16
  UOK22L16
  LOOPU3232C
  UADD22LC
  UOK22LC
  UADD22L24
  UOK22L24
  LOOPU3232D
  UADD22LD
  UOK22LD
  UOK22L
  _NEXT
  _EXIT2
  _LOOP
  _EXIT1
  _IF_FIRST
  _IF_SECOND
  _INVERCE_FIRST
  _MULT
  _INBERSE_SECOND
  _EXIT
  _Mul_8x8_U
  _Mul_16x16_U
  _Div_8x8_U
  _Div_16x16_U
  _Mul_8x8_S
  _Mul_16x16_S
  _Div_16x16_S_L
  _Div_16x16_S
  _Div_8x8_S
  _SDIV3232L
  _COMFREM
  _Div_32x32_S
  _Div_32x32_U
  _Mul_32x32_U
  _Mul_32x32_S
  _CC2D_Loop1
  _____DoICP
  _____DoIFC
  ___CC2DW
  _Swap
