;  ASM code generated by mikroVirtualMachine for PIC - V. 8.2.0.0
;  Date/Time: 2/6/2013 5:21:55 PM
;  Info: http://www.mikroe.com


; ADDRESS	OPCODE	ASM
; ----------------------------------------------
$0000	$2804			GOTO	_main
$0004	$	_main:
$0004	$303F			MOVLW	63
$0005	$1303			BCF	STATUS, RP1
$0006	$1283			BCF	STATUS, RP0
$0007	$008D			MOVWF	main_dis_L0+0
$0008	$3006			MOVLW	6
$0009	$008E			MOVWF	main_dis_L0+1
$000A	$305B			MOVLW	91
$000B	$008F			MOVWF	main_dis_L0+2
$000C	$304F			MOVLW	79
$000D	$0090			MOVWF	main_dis_L0+3
$000E	$3066			MOVLW	102
$000F	$0091			MOVWF	main_dis_L0+4
$0010	$306D			MOVLW	109
$0011	$0092			MOVWF	main_dis_L0+5
$0012	$307D			MOVLW	125
$0013	$0093			MOVWF	main_dis_L0+6
$0014	$3007			MOVLW	7
$0015	$0094			MOVWF	main_dis_L0+7
$0016	$307F			MOVLW	127
$0017	$0095			MOVWF	main_dis_L0+8
$0018	$306F			MOVLW	111
$0019	$0096			MOVWF	main_dis_L0+9
;7segment.c,5 :: 		void main()
;7segment.c,8 :: 		Trisb = 0;
$001A	$1683			BSF	STATUS, RP0
$001B	$0186			CLRF	TRISB, 1
;7segment.c,9 :: 		Portb = 0;
$001C	$1283			BCF	STATUS, RP0
$001D	$0186			CLRF	PORTB, 1
;7segment.c,10 :: 		while(1)
$001E	$	L_main_0:
;7segment.c,12 :: 		for(i=0;i<10;i++)
$001E	$018C			CLRF	main_i_L0, 1
$001F	$	L_main_2:
$001F	$300A			MOVLW	10
$0020	$020C			SUBWF	main_i_L0, 0
$0021	$1803			BTFSC	STATUS, C
$0022	$2849			GOTO	L_main_3
;7segment.c,14 :: 		Portb = dis[i];
$0023	$080C			MOVF	main_i_L0, 0
$0024	$3F0D			ADDLW	main_dis_L0
$0025	$0084			MOVWF	FSR
$0026	$0800			MOVF	INDF, 0
$0027	$0086			MOVWF	PORTB
;7segment.c,15 :: 		delay_ms(500);
$0028	$3003			MOVLW	3
$0029	$00CC			MOVWF	STACK_12
$002A	$30FF			MOVLW	255
$002B	$00CB			MOVWF	STACK_11
$002C	$30FF			MOVLW	255
$002D	$00CA			MOVWF	STACK_10
$002E	$0BCC			DECFSZ	STACK_12, F
$002F	$2831			GOTO	$+2
$0030	$2838			GOTO	$+8
$0031	$0BCB			DECFSZ	STACK_11, F
$0032	$2834			GOTO	$+2
$0033	$2837			GOTO	$+4
$0034	$0BCA			DECFSZ	STACK_10, F
$0035	$2834			GOTO	$-1
$0036	$2831			GOTO	$-5
$0037	$282E			GOTO	$-9
$0038	$308C			MOVLW	140
$0039	$00CB			MOVWF	STACK_11
$003A	$30FF			MOVLW	255
$003B	$00CA			MOVWF	STACK_10
$003C	$0BCB			DECFSZ	STACK_11, F
$003D	$283F			GOTO	$+2
$003E	$2842			GOTO	$+4
$003F	$0BCA			DECFSZ	STACK_10, F
$0040	$283F			GOTO	$-1
$0041	$283C			GOTO	$-5
$0042	$30A1			MOVLW	161
$0043	$00CA			MOVWF	STACK_10
$0044	$0BCA			DECFSZ	STACK_10, F
$0045	$2844			GOTO	$-1
$0046	$0000			NOP
;7segment.c,16 :: 		}
$0047	$	L_main_4:
;7segment.c,12 :: 		for(i=0;i<10;i++)
$0047	$0A8C			INCF	main_i_L0, 1
;7segment.c,16 :: 		}
$0048	$281F			GOTO	L_main_2
$0049	$	L_main_3:
;7segment.c,18 :: 		for(i=0;i<10;i++)
$0049	$018C			CLRF	main_i_L0, 1
$004A	$	L_main_5:
$004A	$300A			MOVLW	10
$004B	$020C			SUBWF	main_i_L0, 0
$004C	$1803			BTFSC	STATUS, C
$004D	$287A			GOTO	L_main_6
;7segment.c,20 :: 		Portb = dis[9-i];
$004E	$080C			MOVF	main_i_L0, 0
$004F	$3C09			SUBLW	9
$0050	$00C0			MOVWF	STACK_0
$0051	$01C1			CLRF	STACK_0+1
$0052	$1C03			BTFSS	STATUS, C
$0053	$03C1			DECF	STACK_0+1, 1
$0054	$0840			MOVF	STACK_0, 0
$0055	$3F0D			ADDLW	main_dis_L0
$0056	$0084			MOVWF	FSR
$0057	$0800			MOVF	INDF, 0
$0058	$0086			MOVWF	PORTB
;7segment.c,21 :: 		delay_ms(500);
$0059	$3003			MOVLW	3
$005A	$00CC			MOVWF	STACK_12
$005B	$30FF			MOVLW	255
$005C	$00CB			MOVWF	STACK_11
$005D	$30FF			MOVLW	255
$005E	$00CA			MOVWF	STACK_10
$005F	$0BCC			DECFSZ	STACK_12, F
$0060	$2862			GOTO	$+2
$0061	$2869			GOTO	$+8
$0062	$0BCB			DECFSZ	STACK_11, F
$0063	$2865			GOTO	$+2
$0064	$2868			GOTO	$+4
$0065	$0BCA			DECFSZ	STACK_10, F
$0066	$2865			GOTO	$-1
$0067	$2862			GOTO	$-5
$0068	$285F			GOTO	$-9
$0069	$308C			MOVLW	140
$006A	$00CB			MOVWF	STACK_11
$006B	$30FF			MOVLW	255
$006C	$00CA			MOVWF	STACK_10
$006D	$0BCB			DECFSZ	STACK_11, F
$006E	$2870			GOTO	$+2
$006F	$2873			GOTO	$+4
$0070	$0BCA			DECFSZ	STACK_10, F
$0071	$2870			GOTO	$-1
$0072	$286D			GOTO	$-5
$0073	$30A1			MOVLW	161
$0074	$00CA			MOVWF	STACK_10
$0075	$0BCA			DECFSZ	STACK_10, F
$0076	$2875			GOTO	$-1
$0077	$0000			NOP
;7segment.c,22 :: 		}
$0078	$	L_main_7:
;7segment.c,18 :: 		for(i=0;i<10;i++)
$0078	$0A8C			INCF	main_i_L0, 1
;7segment.c,22 :: 		}
$0079	$284A			GOTO	L_main_5
$007A	$	L_main_6:
;7segment.c,23 :: 		}
$007A	$281E			GOTO	L_main_0
;7segment.c,25 :: 		}
$007B	$287B			GOTO	$


//** Procedures locations **
//ADDRESS		PROCEDURE
//----------------------------------------------
$0004		main


//** Labels locations **
//ADDRESS		LABEL
//----------------------------------------------
$0004		_main:
$001E		L_main_0:
$001F		L_main_2:
$0047		L_main_4:
$0049		L_main_3:
$004A		L_main_5:
$0078		L_main_7:
$007A		L_main_6:


//** Variables locations **
//ADDRESS		VARIABLE
//----------------------------------------------
$0000		INDF
$0002		PCL
$0003		STATUS
$0004		FSR
$0006		PORTB
$000A		PCLATH
$000C		main_i_L0
$000D		main_dis_L0
$0040		STACK_0
$0041		STACK_1
$0042		STACK_2
$0043		STACK_3
$0044		STACK_4
$0045		STACK_5
$0046		STACK_6
$0047		STACK_7
$0048		STACK_8
$0049		STACK_9
$004A		STACK_10
$004B		STACK_11
$004C		STACK_12
$004D		STACK_13
$004E		STACK_14
$004F		STACK_15
$0086		TRISB


