;  LST file generated by mikroListExporter - v.2.0 
; Date/Time: 2/25/2019 10:24:25 AM
;----------------------------------------------

;Address Opcode 	ASM
0x0000	0x2B69      	GOTO       873
_Delay_5500us:
;__Lib_Delays.c,31 :: 		void Delay_5500us() {
;__Lib_Delays.c,32 :: 		Delay_us(5500);
0x0003	0x300F      	MOVLW      15
0x0004	0x1283      	BCF        STATUS, 5
0x0005	0x1303      	BCF        STATUS, 6
0x0006	0x00FC      	MOVWF      R12
0x0007	0x3047      	MOVLW      71
0x0008	0x00FD      	MOVWF      R13
L_Delay_5500us5:
0x0009	0x0BFD      	DECFSZ     R13, 1
0x000A	0x2809      	GOTO       L_Delay_5500us5
0x000B	0x0BFC      	DECFSZ     R12, 1
0x000C	0x2809      	GOTO       L_Delay_5500us5
0x000D	0x0000      	NOP
0x000E	0x0000      	NOP
;__Lib_Delays.c,33 :: 		}
0x000F	0x0008      	RETURN
; end of _Delay_5500us
_Delay_50us:
;__Lib_Delays.c,19 :: 		void Delay_50us() {
;__Lib_Delays.c,20 :: 		Delay_us(50);
0x0010	0x3021      	MOVLW      33
0x0011	0x1283      	BCF        STATUS, 5
0x0012	0x1303      	BCF        STATUS, 6
0x0013	0x00FD      	MOVWF      R13
L_Delay_50us2:
0x0014	0x0BFD      	DECFSZ     R13, 1
0x0015	0x2814      	GOTO       L_Delay_50us2
;__Lib_Delays.c,21 :: 		}
0x0016	0x0008      	RETURN
; end of _Delay_50us
_Delay_1us:
;__Lib_Delays.c,7 :: 		void Delay_1us() {
;__Lib_Delays.c,8 :: 		Delay_us(1);
0x0017	0x0000      	NOP
0x0018	0x0000      	NOP
;__Lib_Delays.c,9 :: 		}
0x0019	0x0008      	RETURN
; end of _Delay_1us
_Lcd_Cmd:
;__Lib_Lcd.c,18 :: 		
;__Lib_Lcd.c,20 :: 		
0x001A	0x1283      	BCF        STATUS, 5
0x001B	0x1303      	BCF        STATUS, 6
0x001C	0x1BD0      	BTFSC      FARG_Lcd_Cmd_out_char, 7
0x001D	0x2820      	GOTO       L__Lcd_Cmd20
0x001E	0x1188      	BCF        LCD_D7, BitPos(LCD_D7+0)
0x001F	0x2821      	GOTO       L__Lcd_Cmd21
L__Lcd_Cmd20:
0x0020	0x1588      	BSF        LCD_D7, BitPos(LCD_D7+0)
L__Lcd_Cmd21:
;__Lib_Lcd.c,21 :: 		
0x0021	0x1B50      	BTFSC      FARG_Lcd_Cmd_out_char, 6
0x0022	0x2825      	GOTO       L__Lcd_Cmd22
0x0023	0x1108      	BCF        LCD_D6, BitPos(LCD_D6+0)
0x0024	0x2826      	GOTO       L__Lcd_Cmd23
L__Lcd_Cmd22:
0x0025	0x1508      	BSF        LCD_D6, BitPos(LCD_D6+0)
L__Lcd_Cmd23:
;__Lib_Lcd.c,22 :: 		
0x0026	0x1AD0      	BTFSC      FARG_Lcd_Cmd_out_char, 5
0x0027	0x282A      	GOTO       L__Lcd_Cmd24
0x0028	0x1088      	BCF        LCD_D5, BitPos(LCD_D5+0)
0x0029	0x282B      	GOTO       L__Lcd_Cmd25
L__Lcd_Cmd24:
0x002A	0x1488      	BSF        LCD_D5, BitPos(LCD_D5+0)
L__Lcd_Cmd25:
;__Lib_Lcd.c,23 :: 		
0x002B	0x1A50      	BTFSC      FARG_Lcd_Cmd_out_char, 4
0x002C	0x282F      	GOTO       L__Lcd_Cmd26
0x002D	0x1008      	BCF        LCD_D4, BitPos(LCD_D4+0)
0x002E	0x2830      	GOTO       L__Lcd_Cmd27
L__Lcd_Cmd26:
0x002F	0x1408      	BSF        LCD_D4, BitPos(LCD_D4+0)
L__Lcd_Cmd27:
;__Lib_Lcd.c,25 :: 		
0x0030	0x1843      	BTFSC      __Lib_Lcd_cmd_status, BitPos(__Lib_Lcd_cmd_status+0)
0x0031	0x2834      	GOTO       L__Lcd_Cmd28
0x0032	0x1608      	BSF        LCD_RS, BitPos(LCD_RS+0)
0x0033	0x2835      	GOTO       L__Lcd_Cmd29
L__Lcd_Cmd28:
0x0034	0x1208      	BCF        LCD_RS, BitPos(LCD_RS+0)
L__Lcd_Cmd29:
;__Lib_Lcd.c,28 :: 		
0x0035	0x1688      	BSF        LCD_EN, BitPos(LCD_EN+0)
;__Lib_Lcd.c,29 :: 		
0x0036	0x2017      	CALL       _Delay_1us
;__Lib_Lcd.c,30 :: 		
0x0037	0x1288      	BCF        LCD_EN, BitPos(LCD_EN+0)
;__Lib_Lcd.c,33 :: 		
0x0038	0x19D0      	BTFSC      FARG_Lcd_Cmd_out_char, 3
0x0039	0x283C      	GOTO       L__Lcd_Cmd30
0x003A	0x1188      	BCF        LCD_D7, BitPos(LCD_D7+0)
0x003B	0x283D      	GOTO       L__Lcd_Cmd31
L__Lcd_Cmd30:
0x003C	0x1588      	BSF        LCD_D7, BitPos(LCD_D7+0)
L__Lcd_Cmd31:
;__Lib_Lcd.c,34 :: 		
0x003D	0x1950      	BTFSC      FARG_Lcd_Cmd_out_char, 2
0x003E	0x2841      	GOTO       L__Lcd_Cmd32
0x003F	0x1108      	BCF        LCD_D6, BitPos(LCD_D6+0)
0x0040	0x2842      	GOTO       L__Lcd_Cmd33
L__Lcd_Cmd32:
0x0041	0x1508      	BSF        LCD_D6, BitPos(LCD_D6+0)
L__Lcd_Cmd33:
;__Lib_Lcd.c,35 :: 		
0x0042	0x18D0      	BTFSC      FARG_Lcd_Cmd_out_char, 1
0x0043	0x2846      	GOTO       L__Lcd_Cmd34
0x0044	0x1088      	BCF        LCD_D5, BitPos(LCD_D5+0)
0x0045	0x2847      	GOTO       L__Lcd_Cmd35
L__Lcd_Cmd34:
0x0046	0x1488      	BSF        LCD_D5, BitPos(LCD_D5+0)
L__Lcd_Cmd35:
;__Lib_Lcd.c,36 :: 		
0x0047	0x1850      	BTFSC      FARG_Lcd_Cmd_out_char, 0
0x0048	0x284B      	GOTO       L__Lcd_Cmd36
0x0049	0x1008      	BCF        LCD_D4, BitPos(LCD_D4+0)
0x004A	0x284C      	GOTO       L__Lcd_Cmd37
L__Lcd_Cmd36:
0x004B	0x1408      	BSF        LCD_D4, BitPos(LCD_D4+0)
L__Lcd_Cmd37:
;__Lib_Lcd.c,38 :: 		
0x004C	0x1843      	BTFSC      __Lib_Lcd_cmd_status, BitPos(__Lib_Lcd_cmd_status+0)
0x004D	0x2850      	GOTO       L__Lcd_Cmd38
0x004E	0x1608      	BSF        LCD_RS, BitPos(LCD_RS+0)
0x004F	0x2851      	GOTO       L__Lcd_Cmd39
L__Lcd_Cmd38:
0x0050	0x1208      	BCF        LCD_RS, BitPos(LCD_RS+0)
L__Lcd_Cmd39:
;__Lib_Lcd.c,40 :: 		
0x0051	0x1688      	BSF        LCD_EN, BitPos(LCD_EN+0)
;__Lib_Lcd.c,41 :: 		
0x0052	0x2017      	CALL       _Delay_1us
;__Lib_Lcd.c,42 :: 		
0x0053	0x1288      	BCF        LCD_EN, BitPos(LCD_EN+0)
;__Lib_Lcd.c,44 :: 		
0x0054	0x1C43      	BTFSS      __Lib_Lcd_cmd_status, BitPos(__Lib_Lcd_cmd_status+0)
0x0055	0x2858      	GOTO       L_Lcd_Cmd0
;__Lib_Lcd.c,45 :: 		
0x0056	0x2003      	CALL       _Delay_5500us
0x0057	0x2859      	GOTO       L_Lcd_Cmd1
L_Lcd_Cmd0:
;__Lib_Lcd.c,47 :: 		
0x0058	0x2010      	CALL       _Delay_50us
L_Lcd_Cmd1:
;__Lib_Lcd.c,48 :: 		
0x0059	0x0008      	RETURN
; end of _Lcd_Cmd
_RES032:
;__Lib_MathDouble.c,123 :: 		
;__Lib_MathDouble.c,128 :: 		
0x005A	0x01F2      	CLRF       R2
;__Lib_MathDouble.c,129 :: 		
0x005B	0x01F1      	CLRF       R1
;__Lib_MathDouble.c,130 :: 		
0x005C	0x01F0      	CLRF       R0
;__Lib_MathDouble.c,131 :: 		
0x005D	0x01F8      	CLRF       R8
;__Lib_MathDouble.c,132 :: 		
0x005E	0x01F3      	CLRF       R3
;__Lib_MathDouble.c,133 :: 		
0x005F	0x3000      	MOVLW      0
;__Lib_MathDouble.c,135 :: 		
0x0060	0x0008      	RETURN
; end of _RES032
_SETFUN32:
;__Lib_MathDouble.c,138 :: 		
;__Lib_MathDouble.c,145 :: 		
0x0061	0x157B      	BSF        R11, 2
;__Lib_MathDouble.c,146 :: 		
0x0062	0x1FFB      	BTFSS      R11, 7
;__Lib_MathDouble.c,147 :: 		
0x0063	0x286B      	GOTO       SETFUN32EEE
;__Lib_MathDouble.c,148 :: 		
0x0064	0x3001      	MOVLW      1
;__Lib_MathDouble.c,149 :: 		
0x0065	0x00F3      	MOVWF      R3
;__Lib_MathDouble.c,150 :: 		
0x0066	0x01F2      	CLRF       R2
;__Lib_MathDouble.c,151 :: 		
0x0067	0x01F1      	CLRF       R1
;__Lib_MathDouble.c,152 :: 		
0x0068	0x01F0      	CLRF       R0
;__Lib_MathDouble.c,153 :: 		
0x0069	0x0DFA      	RLF        R10, 1
;__Lib_MathDouble.c,154 :: 		
0x006A	0x0CF2      	RRF        R2, 1
;__Lib_MathDouble.c,155 :: 		
SETFUN32EEE:
;__Lib_MathDouble.c,156 :: 		
0x006B	0x30FF      	MOVLW      255
;__Lib_MathDouble.c,158 :: 		
0x006C	0x0008      	RETURN
; end of _SETFUN32
_FIXSIGN32:
;__Lib_MathDouble.c,112 :: 		
;__Lib_MathDouble.c,116 :: 		
0x006D	0x1FFA      	BTFSS      R10, 7
;__Lib_MathDouble.c,117 :: 		
0x006E	0x13F2      	BCF        R2, 7
;__Lib_MathDouble.c,118 :: 		
0x006F	0x3000      	MOVLW      0
;__Lib_MathDouble.c,120 :: 		
0x0070	0x0008      	RETURN
; end of _FIXSIGN32
_Lcd_Chr_CP:
;__Lib_Lcd.c,50 :: 		
;__Lib_Lcd.c,52 :: 		
0x0071	0x1283      	BCF        STATUS, 5
0x0072	0x1303      	BCF        STATUS, 6
0x0073	0x1043      	BCF        __Lib_Lcd_cmd_status, BitPos(__Lib_Lcd_cmd_status+0)
;__Lib_Lcd.c,53 :: 		
0x0074	0x084D      	MOVF       FARG_Lcd_Chr_CP_out_char, 0
0x0075	0x00D0      	MOVWF      FARG_Lcd_Cmd_out_char
0x0076	0x201A      	CALL       _Lcd_Cmd
;__Lib_Lcd.c,54 :: 		
0x0077	0x1443      	BSF        __Lib_Lcd_cmd_status, BitPos(__Lib_Lcd_cmd_status+0)
;__Lib_Lcd.c,55 :: 		
0x0078	0x0008      	RETURN
; end of _Lcd_Chr_CP
_____DoICP:
;__Lib_System.c,6 :: 		
;__Lib_System.c,9 :: 		
0x0079	0x1283      	BCF        STATUS, 5
0x007A	0x1303      	BCF        STATUS, 6
0x007B	0x0845      	MOVF       ___DoICPAddr+1, 0
0x007C	0x008A      	MOVWF      PCLATH
;__Lib_System.c,10 :: 		
0x007D	0x0844      	MOVF       ___DoICPAddr, 0
0x007E	0x0082      	MOVWF      PCL
;__Lib_System.c,12 :: 		
0x007F	0x0008      	RETURN
; end of _____DoICP
_Div_16x16_S_L:
;__Lib_Math.c,420 :: 		
;__Lib_Math.c,426 :: 		
0x0080	0x0D71      	RLF        R1, 0
;__Lib_Math.c,427 :: 		
0x0081	0x0DF8      	RLF        R8, 1
;__Lib_Math.c,428 :: 		
0x0082	0x0DF9      	RLF        R9, 1
;__Lib_Math.c,429 :: 		
0x0083	0x0874      	MOVF       R4, 0
;__Lib_Math.c,430 :: 		
0x0084	0x02F8      	SUBWF      R8, 1
;__Lib_Math.c,431 :: 		
0x0085	0x0875      	MOVF       R5, 0
;__Lib_Math.c,432 :: 		
0x0086	0x1C03      	BTFSS      STATUS, 0
;__Lib_Math.c,433 :: 		
0x0087	0x0F75      	INCFSZ     R5, 0
;__Lib_Math.c,434 :: 		
0x0088	0x02F9      	SUBWF      R9, 1
;__Lib_Math.c,435 :: 		
0x0089	0x0DF0      	RLF        R0, 1
;__Lib_Math.c,436 :: 		
0x008A	0x0DF1      	RLF        R1, 1
;__Lib_Math.c,438 :: 		
0x008B	0x300F      	MOVLW      15
;__Lib_Math.c,439 :: 		
0x008C	0x00FC      	MOVWF      R12
;__Lib_Math.c,441 :: 		
0x008D	0x0D71      	RLF        R1, 0
;__Lib_Math.c,442 :: 		
0x008E	0x0DF8      	RLF        R8, 1
;__Lib_Math.c,443 :: 		
0x008F	0x0DF9      	RLF        R9, 1
;__Lib_Math.c,444 :: 		
0x0090	0x0874      	MOVF       R4, 0
;__Lib_Math.c,446 :: 		
0x0091	0x1C70      	BTFSS      R0, 0
;__Lib_Math.c,447 :: 		
0x0092	0x2899      	GOTO       $+7
;__Lib_Math.c,448 :: 		
0x0093	0x02F8      	SUBWF      R8, 1
;__Lib_Math.c,449 :: 		
0x0094	0x0875      	MOVF       R5, 0
;__Lib_Math.c,450 :: 		
0x0095	0x1C03      	BTFSS      STATUS, 0
;__Lib_Math.c,451 :: 		
0x0096	0x0F75      	INCFSZ     R5, 0
;__Lib_Math.c,452 :: 		
0x0097	0x02F9      	SUBWF      R9, 1
;__Lib_Math.c,453 :: 		
0x0098	0x289E      	GOTO       $+6
;__Lib_Math.c,455 :: 		
0x0099	0x07F8      	ADDWF      R8, 1
;__Lib_Math.c,456 :: 		
0x009A	0x0875      	MOVF       R5, 0
;__Lib_Math.c,457 :: 		
0x009B	0x1803      	BTFSC      STATUS, 0
;__Lib_Math.c,458 :: 		
0x009C	0x0F75      	INCFSZ     R5, 0
;__Lib_Math.c,459 :: 		
0x009D	0x07F9      	ADDWF      R9, 1
;__Lib_Math.c,461 :: 		
0x009E	0x0DF0      	RLF        R0, 1
;__Lib_Math.c,462 :: 		
0x009F	0x0DF1      	RLF        R1, 1
;__Lib_Math.c,464 :: 		
0x00A0	0x0BFC      	DECFSZ     R12, 1
;__Lib_Math.c,465 :: 		
0x00A1	0x288D      	GOTO       $-20
;__Lib_Math.c,467 :: 		
0x00A2	0x1870      	BTFSC      R0, 0
;__Lib_Math.c,468 :: 		
0x00A3	0x28AA      	GOTO       $+7
;__Lib_Math.c,469 :: 		
0x00A4	0x0874      	MOVF       R4, 0
;__Lib_Math.c,470 :: 		
0x00A5	0x07F8      	ADDWF      R8, 1
;__Lib_Math.c,471 :: 		
0x00A6	0x0875      	MOVF       R5, 0
;__Lib_Math.c,472 :: 		
0x00A7	0x1803      	BTFSC      STATUS, 0
;__Lib_Math.c,473 :: 		
0x00A8	0x0F75      	INCFSZ     R5, 0
;__Lib_Math.c,474 :: 		
0x00A9	0x07F9      	ADDWF      R9, 1
;__Lib_Math.c,475 :: 		
0x00AA	0x0000      	NOP
;__Lib_Math.c,477 :: 		
0x00AB	0x0008      	RETURN
; end of _Div_16x16_S_L
_Lcd_Chr:
;__Lib_Lcd.c,65 :: 		
;__Lib_Lcd.c,66 :: 		
0x00AC	0x28BE      	GOTO       L_Lcd_Chr4
;__Lib_Lcd.c,67 :: 		
L_Lcd_Chr6:
0x00AD	0x3080      	MOVLW      128
0x00AE	0x1283      	BCF        STATUS, 5
0x00AF	0x1303      	BCF        STATUS, 6
0x00B0	0x00CD      	MOVWF      FARG_Lcd_Chr_row
0x00B1	0x28D1      	GOTO       L_Lcd_Chr5
;__Lib_Lcd.c,68 :: 		
L_Lcd_Chr7:
0x00B2	0x30C0      	MOVLW      192
0x00B3	0x00CD      	MOVWF      FARG_Lcd_Chr_row
0x00B4	0x28D1      	GOTO       L_Lcd_Chr5
;__Lib_Lcd.c,69 :: 		
L_Lcd_Chr8:
0x00B5	0x3094      	MOVLW      148
0x00B6	0x00CD      	MOVWF      FARG_Lcd_Chr_row
0x00B7	0x28D1      	GOTO       L_Lcd_Chr5
;__Lib_Lcd.c,70 :: 		
L_Lcd_Chr9:
0x00B8	0x30D4      	MOVLW      212
0x00B9	0x00CD      	MOVWF      FARG_Lcd_Chr_row
0x00BA	0x28D1      	GOTO       L_Lcd_Chr5
;__Lib_Lcd.c,71 :: 		
L_Lcd_Chr10:
0x00BB	0x3080      	MOVLW      128
0x00BC	0x00CD      	MOVWF      FARG_Lcd_Chr_row
;__Lib_Lcd.c,72 :: 		
0x00BD	0x28D1      	GOTO       L_Lcd_Chr5
L_Lcd_Chr4:
0x00BE	0x1283      	BCF        STATUS, 5
0x00BF	0x1303      	BCF        STATUS, 6
0x00C0	0x084D      	MOVF       FARG_Lcd_Chr_row, 0
0x00C1	0x3A01      	XORLW      1
0x00C2	0x1903      	BTFSC      STATUS, 2
0x00C3	0x28AD      	GOTO       L_Lcd_Chr6
0x00C4	0x084D      	MOVF       FARG_Lcd_Chr_row, 0
0x00C5	0x3A02      	XORLW      2
0x00C6	0x1903      	BTFSC      STATUS, 2
0x00C7	0x28B2      	GOTO       L_Lcd_Chr7
0x00C8	0x084D      	MOVF       FARG_Lcd_Chr_row, 0
0x00C9	0x3A03      	XORLW      3
0x00CA	0x1903      	BTFSC      STATUS, 2
0x00CB	0x28B5      	GOTO       L_Lcd_Chr8
0x00CC	0x084D      	MOVF       FARG_Lcd_Chr_row, 0
0x00CD	0x3A04      	XORLW      4
0x00CE	0x1903      	BTFSC      STATUS, 2
0x00CF	0x28B8      	GOTO       L_Lcd_Chr9
0x00D0	0x28BB      	GOTO       L_Lcd_Chr10
L_Lcd_Chr5:
;__Lib_Lcd.c,74 :: 		
0x00D1	0x034E      	DECF       FARG_Lcd_Chr_column, 0
0x00D2	0x00F0      	MOVWF      R0
0x00D3	0x084D      	MOVF       FARG_Lcd_Chr_row, 0
0x00D4	0x07F0      	ADDWF      R0, 1
0x00D5	0x0870      	MOVF       R0, 0
0x00D6	0x00CD      	MOVWF      FARG_Lcd_Chr_row
;__Lib_Lcd.c,76 :: 		
0x00D7	0x1443      	BSF        __Lib_Lcd_cmd_status, BitPos(__Lib_Lcd_cmd_status+0)
;__Lib_Lcd.c,77 :: 		
0x00D8	0x0870      	MOVF       R0, 0
0x00D9	0x00D0      	MOVWF      FARG_Lcd_Cmd_out_char
0x00DA	0x201A      	CALL       _Lcd_Cmd
;__Lib_Lcd.c,79 :: 		
0x00DB	0x1043      	BCF        __Lib_Lcd_cmd_status, BitPos(__Lib_Lcd_cmd_status+0)
;__Lib_Lcd.c,80 :: 		
0x00DC	0x084F      	MOVF       FARG_Lcd_Chr_out_char, 0
0x00DD	0x00D0      	MOVWF      FARG_Lcd_Cmd_out_char
0x00DE	0x201A      	CALL       _Lcd_Cmd
;__Lib_Lcd.c,81 :: 		
0x00DF	0x1443      	BSF        __Lib_Lcd_cmd_status, BitPos(__Lib_Lcd_cmd_status+0)
;__Lib_Lcd.c,82 :: 		
0x00E0	0x0008      	RETURN
; end of _Lcd_Chr
_Delay_22us:
;__Lib_Delays.c,15 :: 		void Delay_22us() {
;__Lib_Delays.c,16 :: 		Delay_us(22);
0x00E1	0x300E      	MOVLW      14
0x00E2	0x1283      	BCF        STATUS, 5
0x00E3	0x1303      	BCF        STATUS, 6
0x00E4	0x00FD      	MOVWF      R13
L_Delay_22us1:
0x00E5	0x0BFD      	DECFSZ     R13, 1
0x00E6	0x28E5      	GOTO       L_Delay_22us1
0x00E7	0x0000      	NOP
;__Lib_Delays.c,17 :: 		}
0x00E8	0x0008      	RETURN
; end of _Delay_22us
_NRM3232:
;__Lib_MathDouble.c,167 :: 		
;__Lib_MathDouble.c,173 :: 		
;__Lib_MathDouble.c,175 :: 		
0x00E9	0x01A0      	CLRF       __math_tempbD
;__Lib_MathDouble.c,176 :: 		
0x00EA	0x0872      	MOVF       R2, 0
;__Lib_MathDouble.c,177 :: 		
0x00EB	0x1D03      	BTFSS      STATUS, 2
;__Lib_MathDouble.c,178 :: 		
0x00EC	0x28FE      	GOTO       NORM3232
;__Lib_MathDouble.c,179 :: 		
0x00ED	0x0871      	MOVF       R1, 0
;__Lib_MathDouble.c,180 :: 		
0x00EE	0x00F2      	MOVWF      R2
;__Lib_MathDouble.c,181 :: 		
0x00EF	0x0870      	MOVF       R0, 0
;__Lib_MathDouble.c,182 :: 		
0x00F0	0x00F1      	MOVWF      R1
;__Lib_MathDouble.c,183 :: 		
0x00F1	0x01F0      	CLRF       R0
;__Lib_MathDouble.c,184 :: 		
0x00F2	0x15A0      	BSF        __math_tempbD, 3
;__Lib_MathDouble.c,186 :: 		
0x00F3	0x0872      	MOVF       R2, 0
;__Lib_MathDouble.c,187 :: 		
0x00F4	0x1D03      	BTFSS      STATUS, 2
;__Lib_MathDouble.c,188 :: 		
0x00F5	0x28FE      	GOTO       NORM3232
;__Lib_MathDouble.c,189 :: 		
0x00F6	0x0871      	MOVF       R1, 0
;__Lib_MathDouble.c,190 :: 		
0x00F7	0x00F2      	MOVWF      R2
;__Lib_MathDouble.c,191 :: 		
0x00F8	0x01F1      	CLRF       R1
;__Lib_MathDouble.c,192 :: 		
0x00F9	0x11A0      	BCF        __math_tempbD, 3
;__Lib_MathDouble.c,193 :: 		
0x00FA	0x1620      	BSF        __math_tempbD, 4
;__Lib_MathDouble.c,195 :: 		
0x00FB	0x0872      	MOVF       R2, 0
;__Lib_MathDouble.c,196 :: 		
0x00FC	0x1903      	BTFSC      STATUS, 2
;__Lib_MathDouble.c,197 :: 		
0x00FD	0x290C      	GOTO       JPNRES032
;__Lib_MathDouble.c,198 :: 		
NORM3232:
;__Lib_MathDouble.c,199 :: 		
0x00FE	0x0820      	MOVF       __math_tempbD, 0
;__Lib_MathDouble.c,200 :: 		
0x00FF	0x02F3      	SUBWF      R3, 1
;__Lib_MathDouble.c,201 :: 		
0x0100	0x1D03      	BTFSS      STATUS, 2
;__Lib_MathDouble.c,202 :: 		
0x0101	0x1C03      	BTFSS      STATUS, 0
;__Lib_MathDouble.c,203 :: 		
0x0102	0x2910      	GOTO       JPNSETFUN32
;__Lib_MathDouble.c,204 :: 		
0x0103	0x1003      	BCF        STATUS, 0
;__Lib_MathDouble.c,205 :: 		
NORM3232A:
;__Lib_MathDouble.c,206 :: 		
0x0104	0x1BF2      	BTFSC      R2, 7
;__Lib_MathDouble.c,207 :: 		
0x0105	0x2914      	GOTO       JMPNFIXSIGN32
;__Lib_MathDouble.c,208 :: 		
0x0106	0x0DF0      	RLF        R0, 1
;__Lib_MathDouble.c,209 :: 		
0x0107	0x0DF1      	RLF        R1, 1
;__Lib_MathDouble.c,210 :: 		
0x0108	0x0DF2      	RLF        R2, 1
;__Lib_MathDouble.c,211 :: 		
0x0109	0x0BF3      	DECFSZ     R3, 1
;__Lib_MathDouble.c,212 :: 		
0x010A	0x2904      	GOTO       NORM3232A
;__Lib_MathDouble.c,213 :: 		
0x010B	0x2910      	GOTO       JPNSETFUN32
;__Lib_MathDouble.c,214 :: 		
JPNRES032:
;__Lib_MathDouble.c,215 :: 		
0x010C	0x3001      	MOVLW      1
;__Lib_MathDouble.c,216 :: 		
0x010D	0x00FC      	MOVWF      R12
;__Lib_MathDouble.c,218 :: 		
0x010E	0x205A      	CALL       _RES032
;__Lib_MathDouble.c,220 :: 		
0x010F	0x2917      	GOTO       NORM32EEE
;__Lib_MathDouble.c,221 :: 		
JPNSETFUN32:
;__Lib_MathDouble.c,222 :: 		
0x0110	0x3002      	MOVLW      2
;__Lib_MathDouble.c,223 :: 		
0x0111	0x00FC      	MOVWF      R12
;__Lib_MathDouble.c,225 :: 		
0x0112	0x2061      	CALL       _SETFUN32
;__Lib_MathDouble.c,227 :: 		
0x0113	0x2917      	GOTO       NORM32EEE
;__Lib_MathDouble.c,228 :: 		
JMPNFIXSIGN32:
;__Lib_MathDouble.c,229 :: 		
0x0114	0x3004      	MOVLW      4
;__Lib_MathDouble.c,230 :: 		
0x0115	0x00FC      	MOVWF      R12
;__Lib_MathDouble.c,232 :: 		
0x0116	0x206D      	CALL       _FIXSIGN32
;__Lib_MathDouble.c,234 :: 		
NORM32EEE:
;__Lib_MathDouble.c,236 :: 		
0x0117	0x0008      	RETURN
; end of _NRM3232
_SETFOV32:
;__Lib_MathDouble.c,79 :: 		
;__Lib_MathDouble.c,86 :: 		
0x0118	0x14FB      	BSF        R11, 1
;__Lib_MathDouble.c,87 :: 		
0x0119	0x1FFB      	BTFSS      R11, 7
;__Lib_MathDouble.c,88 :: 		
0x011A	0x2922      	GOTO       SETFOV32EEE
;__Lib_MathDouble.c,89 :: 		
0x011B	0x30FF      	MOVLW      255
;__Lib_MathDouble.c,90 :: 		
0x011C	0x00F3      	MOVWF      R3
;__Lib_MathDouble.c,91 :: 		
0x011D	0x00F2      	MOVWF      R2
;__Lib_MathDouble.c,92 :: 		
0x011E	0x00F1      	MOVWF      R1
;__Lib_MathDouble.c,93 :: 		
0x011F	0x00F0      	MOVWF      R0
;__Lib_MathDouble.c,94 :: 		
0x0120	0x0DFA      	RLF        R10, 1
;__Lib_MathDouble.c,95 :: 		
0x0121	0x0CF2      	RRF        R2, 1
;__Lib_MathDouble.c,96 :: 		
SETFOV32EEE:
;__Lib_MathDouble.c,97 :: 		
0x0122	0x30FF      	MOVLW      255
;__Lib_MathDouble.c,99 :: 		
0x0123	0x0008      	RETURN
; end of _SETFOV32
_SETIOV3224:
;__Lib_MathDouble.c,1000 :: 		
;__Lib_MathDouble.c,1006 :: 		
0x0124	0x147B      	BSF        R11, 0
;__Lib_MathDouble.c,1007 :: 		
0x0125	0x1FFB      	BTFSS      R11, 7
;__Lib_MathDouble.c,1008 :: 		
0x0126	0x292F      	GOTO       SETIOV3224EEE
;__Lib_MathDouble.c,1010 :: 		
0x0127	0x01F2      	CLRF       R2
;__Lib_MathDouble.c,1011 :: 		
0x0128	0x1FFA      	BTFSS      R10, 7
;__Lib_MathDouble.c,1012 :: 		
0x0129	0x30FF      	MOVLW      255
;__Lib_MathDouble.c,1013 :: 		
0x012A	0x00F2      	MOVWF      R2
;__Lib_MathDouble.c,1014 :: 		
0x012B	0x00F1      	MOVWF      R1
;__Lib_MathDouble.c,1015 :: 		
0x012C	0x00F0      	MOVWF      R0
;__Lib_MathDouble.c,1016 :: 		
0x012D	0x0DFA      	RLF        R10, 1
;__Lib_MathDouble.c,1017 :: 		
0x012E	0x0CF2      	RRF        R2, 1
;__Lib_MathDouble.c,1018 :: 		
SETIOV3224EEE:
;__Lib_MathDouble.c,1019 :: 		
0x012F	0x30FF      	MOVLW      255
;__Lib_MathDouble.c,1021 :: 		
0x0130	0x0008      	RETURN
; end of _SETIOV3224
_Mul_32x32_FP:
;__Lib_MathDouble.c,610 :: 		
;__Lib_MathDouble.c,622 :: 		
;__Lib_MathDouble.c,624 :: 		
0x0131	0x1283      	BCF        STATUS, 5
;__Lib_MathDouble.c,625 :: 		
0x0132	0x1303      	BCF        STATUS, 6
;__Lib_MathDouble.c,627 :: 		
0x0133	0x01FB      	CLRF       R11
;__Lib_MathDouble.c,628 :: 		
0x0134	0x0873      	MOVF       R3, 0
;__Lib_MathDouble.c,629 :: 		
0x0135	0x1D03      	BTFSS      STATUS, 2
;__Lib_MathDouble.c,630 :: 		
0x0136	0x0877      	MOVF       R7, 0
;__Lib_MathDouble.c,631 :: 		
0x0137	0x1903      	BTFSC      STATUS, 2
;__Lib_MathDouble.c,632 :: 		
0x0138	0x2988      	GOTO       JPMRES032
;__Lib_MathDouble.c,634 :: 		
0x0139	0x0872      	MOVF       R2, 0
;__Lib_MathDouble.c,635 :: 		
0x013A	0x0676      	XORWF      R6, 0
;__Lib_MathDouble.c,636 :: 		
0x013B	0x00FA      	MOVWF      R10
;__Lib_MathDouble.c,637 :: 		
0x013C	0x0877      	MOVF       R7, 0
;__Lib_MathDouble.c,638 :: 		
0x013D	0x07F3      	ADDWF      R3, 1
;__Lib_MathDouble.c,639 :: 		
0x013E	0x307E      	MOVLW      126
;__Lib_MathDouble.c,640 :: 		
0x013F	0x1C03      	BTFSS      STATUS, 0
;__Lib_MathDouble.c,641 :: 		
0x0140	0x2945      	GOTO       MTUN32
;__Lib_MathDouble.c,642 :: 		
0x0141	0x02F3      	SUBWF      R3, 1
;__Lib_MathDouble.c,643 :: 		
0x0142	0x1803      	BTFSC      STATUS, 0
;__Lib_MathDouble.c,644 :: 		
0x0143	0x298B      	GOTO       JPMSETFOV32
;__Lib_MathDouble.c,645 :: 		
0x0144	0x2948      	GOTO       MOK32
;__Lib_MathDouble.c,646 :: 		
MTUN32:
;__Lib_MathDouble.c,647 :: 		
0x0145	0x02F3      	SUBWF      R3, 1
;__Lib_MathDouble.c,648 :: 		
0x0146	0x1C03      	BTFSS      STATUS, 0
;__Lib_MathDouble.c,649 :: 		
0x0147	0x298E      	GOTO       JPMSETFUN32
;__Lib_MathDouble.c,650 :: 		
MOK32:
;__Lib_MathDouble.c,651 :: 		
0x0148	0x0872      	MOVF       R2, 0
;__Lib_MathDouble.c,652 :: 		
0x0149	0x00F8      	MOVWF      R8
;__Lib_MathDouble.c,653 :: 		
0x014A	0x0871      	MOVF       R1, 0
;__Lib_MathDouble.c,654 :: 		
0x014B	0x00FC      	MOVWF      R12
;__Lib_MathDouble.c,655 :: 		
0x014C	0x0870      	MOVF       R0, 0
;__Lib_MathDouble.c,656 :: 		
0x014D	0x00FD      	MOVWF      R13
;__Lib_MathDouble.c,657 :: 		
0x014E	0x17F8      	BSF        R8, 7
;__Lib_MathDouble.c,658 :: 		
0x014F	0x17F6      	BSF        R6, 7
;__Lib_MathDouble.c,659 :: 		
0x0150	0x1003      	BCF        STATUS, 0
;__Lib_MathDouble.c,660 :: 		
0x0151	0x01F2      	CLRF       R2
;__Lib_MathDouble.c,661 :: 		
0x0152	0x01F1      	CLRF       R1
;__Lib_MathDouble.c,662 :: 		
0x0153	0x01F0      	CLRF       R0
;__Lib_MathDouble.c,663 :: 		
0x0154	0x3018      	MOVLW      24
;__Lib_MathDouble.c,664 :: 		
0x0155	0x00A0      	MOVWF      __math_tempbD
;__Lib_MathDouble.c,665 :: 		
MLOOP32:
;__Lib_MathDouble.c,666 :: 		
0x0156	0x1C7D      	BTFSS      R13, 0
;__Lib_MathDouble.c,667 :: 		
0x0157	0x2962      	GOTO       MNOADD32
;__Lib_MathDouble.c,669 :: 		
0x0158	0x0874      	MOVF       R4, 0
;__Lib_MathDouble.c,670 :: 		
0x0159	0x07F0      	ADDWF      R0, 1
;__Lib_MathDouble.c,671 :: 		
0x015A	0x0875      	MOVF       R5, 0
;__Lib_MathDouble.c,672 :: 		
0x015B	0x1803      	BTFSC      STATUS, 0
;__Lib_MathDouble.c,673 :: 		
0x015C	0x0F75      	INCFSZ     R5, 0
;__Lib_MathDouble.c,674 :: 		
0x015D	0x07F1      	ADDWF      R1, 1
;__Lib_MathDouble.c,675 :: 		
0x015E	0x0876      	MOVF       R6, 0
;__Lib_MathDouble.c,676 :: 		
0x015F	0x1803      	BTFSC      STATUS, 0
;__Lib_MathDouble.c,677 :: 		
0x0160	0x0F76      	INCFSZ     R6, 0
;__Lib_MathDouble.c,678 :: 		
0x0161	0x07F2      	ADDWF      R2, 1
;__Lib_MathDouble.c,679 :: 		
MNOADD32:
;__Lib_MathDouble.c,680 :: 		
0x0162	0x0CF2      	RRF        R2, 1
;__Lib_MathDouble.c,681 :: 		
0x0163	0x0CF1      	RRF        R1, 1
;__Lib_MathDouble.c,682 :: 		
0x0164	0x0CF0      	RRF        R0, 1
;__Lib_MathDouble.c,683 :: 		
0x0165	0x0CF8      	RRF        R8, 1
;__Lib_MathDouble.c,684 :: 		
0x0166	0x0CFC      	RRF        R12, 1
;__Lib_MathDouble.c,685 :: 		
0x0167	0x0CFD      	RRF        R13, 1
;__Lib_MathDouble.c,686 :: 		
0x0168	0x1003      	BCF        STATUS, 0
;__Lib_MathDouble.c,687 :: 		
0x0169	0x0BA0      	DECFSZ     __math_tempbD, 1
;__Lib_MathDouble.c,688 :: 		
0x016A	0x2956      	GOTO       MLOOP32
;__Lib_MathDouble.c,689 :: 		
0x016B	0x1BF2      	BTFSC      R2, 7
;__Lib_MathDouble.c,690 :: 		
0x016C	0x2972      	GOTO       MROUND32
;__Lib_MathDouble.c,691 :: 		
0x016D	0x0DF8      	RLF        R8, 1
;__Lib_MathDouble.c,692 :: 		
0x016E	0x0DF0      	RLF        R0, 1
;__Lib_MathDouble.c,693 :: 		
0x016F	0x0DF1      	RLF        R1, 1
;__Lib_MathDouble.c,694 :: 		
0x0170	0x0DF2      	RLF        R2, 1
;__Lib_MathDouble.c,695 :: 		
0x0171	0x03F3      	DECF       R3, 1
;__Lib_MathDouble.c,696 :: 		
MROUND32:
;__Lib_MathDouble.c,697 :: 		
0x0172	0x1B7B      	BTFSC      R11, 6
;__Lib_MathDouble.c,698 :: 		
0x0173	0x1C70      	BTFSS      R0, 0
;__Lib_MathDouble.c,699 :: 		
0x0174	0x2984      	GOTO       MUL32OK
;__Lib_MathDouble.c,700 :: 		
0x0175	0x1FF8      	BTFSS      R8, 7
;__Lib_MathDouble.c,701 :: 		
0x0176	0x2984      	GOTO       MUL32OK
;__Lib_MathDouble.c,702 :: 		
0x0177	0x0AF0      	INCF       R0, 1
;__Lib_MathDouble.c,703 :: 		
0x0178	0x1903      	BTFSC      STATUS, 2
;__Lib_MathDouble.c,704 :: 		
0x0179	0x0AF1      	INCF       R1, 1
;__Lib_MathDouble.c,705 :: 		
0x017A	0x1903      	BTFSC      STATUS, 2
;__Lib_MathDouble.c,706 :: 		
0x017B	0x0AF2      	INCF       R2, 1
;__Lib_MathDouble.c,707 :: 		
0x017C	0x1D03      	BTFSS      STATUS, 2
;__Lib_MathDouble.c,708 :: 		
0x017D	0x2984      	GOTO       MUL32OK
;__Lib_MathDouble.c,709 :: 		
0x017E	0x0CF2      	RRF        R2, 1
;__Lib_MathDouble.c,710 :: 		
0x017F	0x0CF1      	RRF        R1, 1
;__Lib_MathDouble.c,711 :: 		
0x0180	0x0CF0      	RRF        R0, 1
;__Lib_MathDouble.c,712 :: 		
0x0181	0x0AF3      	INCF       R3, 1
;__Lib_MathDouble.c,713 :: 		
0x0182	0x1903      	BTFSC      STATUS, 2
;__Lib_MathDouble.c,714 :: 		
0x0183	0x298B      	GOTO       JPMSETFOV32
;__Lib_MathDouble.c,715 :: 		
MUL32OK:
;__Lib_MathDouble.c,716 :: 		
0x0184	0x1FFA      	BTFSS      R10, 7
;__Lib_MathDouble.c,717 :: 		
0x0185	0x13F2      	BCF        R2, 7
;__Lib_MathDouble.c,718 :: 		
0x0186	0x3000      	MOVLW      0
;__Lib_MathDouble.c,720 :: 		
0x0187	0x2990      	GOTO       MUL32EEE
;__Lib_MathDouble.c,721 :: 		
JPMRES032:
;__Lib_MathDouble.c,722 :: 		
0x0188	0x3001      	MOVLW      1
;__Lib_MathDouble.c,725 :: 		
0x0189	0x205A      	CALL       _RES032
;__Lib_MathDouble.c,727 :: 		
0x018A	0x2990      	GOTO       MUL32EEE
;__Lib_MathDouble.c,728 :: 		
JPMSETFOV32:
;__Lib_MathDouble.c,729 :: 		
0x018B	0x3002      	MOVLW      2
;__Lib_MathDouble.c,732 :: 		
0x018C	0x2118      	CALL       _SETFOV32
;__Lib_MathDouble.c,734 :: 		
0x018D	0x2990      	GOTO       MUL32EEE
;__Lib_MathDouble.c,735 :: 		
JPMSETFUN32:
;__Lib_MathDouble.c,736 :: 		
0x018E	0x3004      	MOVLW      4
;__Lib_MathDouble.c,739 :: 		
0x018F	0x2061      	CALL       _SETFUN32
;__Lib_MathDouble.c,741 :: 		
MUL32EEE:
;__Lib_MathDouble.c,742 :: 		
0x0190	0x0000      	NOP
;__Lib_MathDouble.c,749 :: 		
0x0191	0x0008      	RETURN
; end of _Mul_32x32_FP
_Div_8x8_U:
;__Lib_Math.c,189 :: 		
;__Lib_Math.c,196 :: 		
0x0192	0x1283      	BCF        STATUS, 5
;__Lib_Math.c,197 :: 		
0x0193	0x1303      	BCF        STATUS, 6
;__Lib_Math.c,198 :: 		
0x0194	0x01F8      	CLRF       R8
;__Lib_Math.c,199 :: 		
0x0195	0x3008      	MOVLW      8
;__Lib_Math.c,200 :: 		
0x0196	0x00FC      	MOVWF      R12
;__Lib_Math.c,201 :: 		
0x0197	0x0D70      	RLF        R0, 0
;__Lib_Math.c,202 :: 		
0x0198	0x0DF8      	RLF        R8, 1
;__Lib_Math.c,203 :: 		
0x0199	0x0874      	MOVF       R4, 0
;__Lib_Math.c,204 :: 		
0x019A	0x02F8      	SUBWF      R8, 1
;__Lib_Math.c,205 :: 		
0x019B	0x1803      	BTFSC      STATUS, 0
;__Lib_Math.c,206 :: 		
0x019C	0x299F      	GOTO       $+3
;__Lib_Math.c,207 :: 		
0x019D	0x07F8      	ADDWF      R8, 1
;__Lib_Math.c,208 :: 		
0x019E	0x1003      	BCF        STATUS, 0
;__Lib_Math.c,209 :: 		
0x019F	0x0DF0      	RLF        R0, 1
;__Lib_Math.c,210 :: 		
0x01A0	0x0BFC      	DECFSZ     R12, 1
;__Lib_Math.c,211 :: 		
0x01A1	0x2997      	GOTO       $-10
;__Lib_Math.c,213 :: 		
0x01A2	0x0008      	RETURN
; end of _Div_8x8_U
_CustomChar:
;Temperature Display with control Lamp.c,19 :: 		void CustomChar(char pos_row, char pos_char) {
;Temperature Display with control Lamp.c,21 :: 		Lcd_Cmd(64);
0x01A3	0x3040      	MOVLW      64
0x01A4	0x1283      	BCF        STATUS, 5
0x01A5	0x1303      	BCF        STATUS, 6
0x01A6	0x00D0      	MOVWF      FARG_Lcd_Cmd_out_char
0x01A7	0x201A      	CALL       _Lcd_Cmd
;Temperature Display with control Lamp.c,22 :: 		for (i = 0; i<=7; i++) Lcd_Chr_CP(character[i]);
0x01A8	0x01CB      	CLRF       CustomChar_i_L0
L_CustomChar0:
0x01A9	0x084B      	MOVF       CustomChar_i_L0, 0
0x01AA	0x3C07      	SUBLW      7
0x01AB	0x1C03      	BTFSS      STATUS, 0
0x01AC	0x29BF      	GOTO       L_CustomChar1
0x01AD	0x084B      	MOVF       CustomChar_i_L0, 0
0x01AE	0x3E18      	ADDLW      _character
0x01AF	0x00F0      	MOVWF      R0
0x01B0	0x3004      	MOVLW      hi_addr(_character)
0x01B1	0x1803      	BTFSC      STATUS, 0
0x01B2	0x3E01      	ADDLW      1
0x01B3	0x00F1      	MOVWF      R0+1
0x01B4	0x0870      	MOVF       R0, 0
0x01B5	0x00C4      	MOVWF      ___DoICPAddr
0x01B6	0x0871      	MOVF       R0+1, 0
0x01B7	0x00C5      	MOVWF      ___DoICPAddr+1
0x01B8	0x2079      	CALL       _____DoICP
0x01B9	0x118A      	BCF        PCLATH, 3
0x01BA	0x120A      	BCF        PCLATH, 4
0x01BB	0x00CD      	MOVWF      FARG_Lcd_Chr_CP_out_char
0x01BC	0x2071      	CALL       _Lcd_Chr_CP
0x01BD	0x0ACB      	INCF       CustomChar_i_L0, 1
0x01BE	0x29A9      	GOTO       L_CustomChar0
L_CustomChar1:
;Temperature Display with control Lamp.c,23 :: 		Lcd_Cmd(_LCD_RETURN_HOME);
0x01BF	0x3002      	MOVLW      2
0x01C0	0x00D0      	MOVWF      FARG_Lcd_Cmd_out_char
0x01C1	0x201A      	CALL       _Lcd_Cmd
;Temperature Display with control Lamp.c,24 :: 		Lcd_Chr(pos_row, pos_char, 0);
0x01C2	0x0849      	MOVF       FARG_CustomChar_pos_row, 0
0x01C3	0x00CD      	MOVWF      FARG_Lcd_Chr_row
0x01C4	0x084A      	MOVF       FARG_CustomChar_pos_char, 0
0x01C5	0x00CE      	MOVWF      FARG_Lcd_Chr_column
0x01C6	0x01CF      	CLRF       FARG_Lcd_Chr_out_char
0x01C7	0x20AC      	CALL       _Lcd_Chr
;Temperature Display with control Lamp.c,25 :: 		}
0x01C8	0x0008      	RETURN
; end of _CustomChar
_Int2Double:
;__Lib_MathDouble.c,1812 :: 		
;__Lib_MathDouble.c,1818 :: 		
0x01C9	0x1283      	BCF        STATUS, 5
;__Lib_MathDouble.c,1819 :: 		
0x01CA	0x1303      	BCF        STATUS, 6
;__Lib_MathDouble.c,1820 :: 		
0x01CB	0x0870      	MOVF       R0, 0
;__Lib_MathDouble.c,1821 :: 		
0x01CC	0x00F8      	MOVWF      R8
;__Lib_MathDouble.c,1822 :: 		
0x01CD	0x0871      	MOVF       R1, 0
;__Lib_MathDouble.c,1823 :: 		
0x01CE	0x00F0      	MOVWF      R0
;__Lib_MathDouble.c,1824 :: 		
0x01CF	0x01F1      	CLRF       R1
;__Lib_MathDouble.c,1825 :: 		
0x01D0	0x01F2      	CLRF       R2
;__Lib_MathDouble.c,1826 :: 		
0x01D1	0x01F3      	CLRF       R3
;__Lib_MathDouble.c,1829 :: 		
0x01D2	0x01FB      	CLRF       R11
;__Lib_MathDouble.c,1830 :: 		
0x01D3	0x01FC      	CLRF       R12
;__Lib_MathDouble.c,1832 :: 		
0x01D4	0x3096      	MOVLW      150
;__Lib_MathDouble.c,1833 :: 		
0x01D5	0x00F3      	MOVWF      R3
;__Lib_MathDouble.c,1834 :: 		
0x01D6	0x01FA      	CLRF       R10
;__Lib_MathDouble.c,1835 :: 		
0x01D7	0x1FF0      	BTFSS      R0, 7
;__Lib_MathDouble.c,1836 :: 		
0x01D8	0x29DF      	GOTO       FLO1632EEE
;__Lib_MathDouble.c,1838 :: 		
0x01D9	0x09F8      	COMF       R8, 1
;__Lib_MathDouble.c,1839 :: 		
0x01DA	0x09F0      	COMF       R0, 1
;__Lib_MathDouble.c,1841 :: 		
0x01DB	0x0AF8      	INCF       R8, 1
;__Lib_MathDouble.c,1842 :: 		
0x01DC	0x1903      	BTFSC      STATUS, 2
;__Lib_MathDouble.c,1843 :: 		
0x01DD	0x0AF0      	INCF       R0, 1
;__Lib_MathDouble.c,1845 :: 		
0x01DE	0x17FA      	BSF        R10, 7
;__Lib_MathDouble.c,1846 :: 		
FLO1632EEE:
;__Lib_MathDouble.c,1847 :: 		
0x01DF	0x0870      	MOVF       R0, 0
;__Lib_MathDouble.c,1848 :: 		
0x01E0	0x00F1      	MOVWF      R1
;__Lib_MathDouble.c,1849 :: 		
0x01E1	0x0878      	MOVF       R8, 0
;__Lib_MathDouble.c,1850 :: 		
0x01E2	0x00F0      	MOVWF      R0
;__Lib_MathDouble.c,1851 :: 		
0x01E3	0x01F8      	CLRF       R8
;__Lib_MathDouble.c,1852 :: 		
0x01E4	0x01F2      	CLRF       R2
;__Lib_MathDouble.c,1854 :: 		
0x01E5	0x20E9      	CALL       _NRM3232
;__Lib_MathDouble.c,1855 :: 		
0x01E6	0x0008      	RETURN
; end of _Int2Double
_ADC_Read:
;__Lib_ADC_88X.c,55 :: 		
;__Lib_ADC_88X.c,57 :: 		
0x01E7	0x30C3      	MOVLW      195
0x01E8	0x1283      	BCF        STATUS, 5
0x01E9	0x1303      	BCF        STATUS, 6
0x01EA	0x059F      	ANDWF      ADCON0, 1
;__Lib_ADC_88X.c,61 :: 		
0x01EB	0x30C0      	MOVLW      192
0x01EC	0x009F      	MOVWF      ADCON0
;__Lib_ADC_88X.c,62 :: 		
0x01ED	0x0849      	MOVF       FARG_ADC_Read_channel, 0
0x01EE	0x00F0      	MOVWF      R0
0x01EF	0x0DF0      	RLF        R0, 1
0x01F0	0x1070      	BCF        R0, 0
0x01F1	0x0DF0      	RLF        R0, 1
0x01F2	0x1070      	BCF        R0, 0
0x01F3	0x0870      	MOVF       R0, 0
0x01F4	0x049F      	IORWF      ADCON0, 1
;__Lib_ADC_88X.c,63 :: 		
0x01F5	0x1683      	BSF        STATUS, 5
0x01F6	0x179F      	BSF        ADCON1, 7
;__Lib_ADC_88X.c,66 :: 		
0x01F7	0x1283      	BCF        STATUS, 5
0x01F8	0x141F      	BSF        ADCON0, 0
;__Lib_ADC_88X.c,69 :: 		
0x01F9	0x20E1      	CALL       _Delay_22us
;__Lib_ADC_88X.c,72 :: 		
0x01FA	0x149F      	BSF        ADCON0, 1
;__Lib_ADC_88X.c,75 :: 		
L_ADC_Read2:
0x01FB	0x1C9F      	BTFSS      ADCON0, 1
0x01FC	0x29FF      	GOTO       L_ADC_Read3
;__Lib_ADC_88X.c,76 :: 		
0x01FD	0x0000      	NOP
0x01FE	0x29FB      	GOTO       L_ADC_Read2
L_ADC_Read3:
;__Lib_ADC_88X.c,79 :: 		
0x01FF	0x101F      	BCF        ADCON0, 0
;__Lib_ADC_88X.c,82 :: 		
0x0200	0x081E      	MOVF       ADRESH, 0
0x0201	0x00F1      	MOVWF      R0+1
0x0202	0x01F0      	CLRF       R0
0x0203	0x1683      	BSF        STATUS, 5
0x0204	0x081E      	MOVF       ADRESL, 0
0x0205	0x04F0      	IORWF      R0, 1
0x0206	0x3000      	MOVLW      0
0x0207	0x04F1      	IORWF      R0+1, 1
;__Lib_ADC_88X.c,83 :: 		
0x0208	0x0008      	RETURN
; end of _ADC_Read
_Lcd_Out:
;__Lib_Lcd.c,184 :: 		
;__Lib_Lcd.c,187 :: 		
0x0209	0x2A1B      	GOTO       L_Lcd_Out11
;__Lib_Lcd.c,188 :: 		
L_Lcd_Out13:
0x020A	0x3080      	MOVLW      128
0x020B	0x1283      	BCF        STATUS, 5
0x020C	0x1303      	BCF        STATUS, 6
0x020D	0x00C9      	MOVWF      FARG_Lcd_Out_row
0x020E	0x2A2E      	GOTO       L_Lcd_Out12
;__Lib_Lcd.c,189 :: 		
L_Lcd_Out14:
0x020F	0x30C0      	MOVLW      192
0x0210	0x00C9      	MOVWF      FARG_Lcd_Out_row
0x0211	0x2A2E      	GOTO       L_Lcd_Out12
;__Lib_Lcd.c,190 :: 		
L_Lcd_Out15:
0x0212	0x3094      	MOVLW      148
0x0213	0x00C9      	MOVWF      FARG_Lcd_Out_row
0x0214	0x2A2E      	GOTO       L_Lcd_Out12
;__Lib_Lcd.c,191 :: 		
L_Lcd_Out16:
0x0215	0x30D4      	MOVLW      212
0x0216	0x00C9      	MOVWF      FARG_Lcd_Out_row
0x0217	0x2A2E      	GOTO       L_Lcd_Out12
;__Lib_Lcd.c,192 :: 		
L_Lcd_Out17:
0x0218	0x3080      	MOVLW      128
0x0219	0x00C9      	MOVWF      FARG_Lcd_Out_row
;__Lib_Lcd.c,193 :: 		
0x021A	0x2A2E      	GOTO       L_Lcd_Out12
L_Lcd_Out11:
0x021B	0x1283      	BCF        STATUS, 5
0x021C	0x1303      	BCF        STATUS, 6
0x021D	0x0849      	MOVF       FARG_Lcd_Out_row, 0
0x021E	0x3A01      	XORLW      1
0x021F	0x1903      	BTFSC      STATUS, 2
0x0220	0x2A0A      	GOTO       L_Lcd_Out13
0x0221	0x0849      	MOVF       FARG_Lcd_Out_row, 0
0x0222	0x3A02      	XORLW      2
0x0223	0x1903      	BTFSC      STATUS, 2
0x0224	0x2A0F      	GOTO       L_Lcd_Out14
0x0225	0x0849      	MOVF       FARG_Lcd_Out_row, 0
0x0226	0x3A03      	XORLW      3
0x0227	0x1903      	BTFSC      STATUS, 2
0x0228	0x2A12      	GOTO       L_Lcd_Out15
0x0229	0x0849      	MOVF       FARG_Lcd_Out_row, 0
0x022A	0x3A04      	XORLW      4
0x022B	0x1903      	BTFSC      STATUS, 2
0x022C	0x2A15      	GOTO       L_Lcd_Out16
0x022D	0x2A18      	GOTO       L_Lcd_Out17
L_Lcd_Out12:
;__Lib_Lcd.c,194 :: 		
0x022E	0x034A      	DECF       FARG_Lcd_Out_column, 0
0x022F	0x00F0      	MOVWF      R0
0x0230	0x0849      	MOVF       FARG_Lcd_Out_row, 0
0x0231	0x07F0      	ADDWF      R0, 1
0x0232	0x0870      	MOVF       R0, 0
0x0233	0x00C9      	MOVWF      FARG_Lcd_Out_row
;__Lib_Lcd.c,196 :: 		
0x0234	0x0870      	MOVF       R0, 0
0x0235	0x00D0      	MOVWF      FARG_Lcd_Cmd_out_char
0x0236	0x201A      	CALL       _Lcd_Cmd
;__Lib_Lcd.c,197 :: 		
0x0237	0x1043      	BCF        __Lib_Lcd_cmd_status, BitPos(__Lib_Lcd_cmd_status+0)
;__Lib_Lcd.c,198 :: 		
0x0238	0x01CC      	CLRF       Lcd_Out_i_L0
;__Lib_Lcd.c,199 :: 		
L_Lcd_Out18:
0x0239	0x084C      	MOVF       Lcd_Out_i_L0, 0
0x023A	0x074B      	ADDWF      FARG_Lcd_Out_text, 0
0x023B	0x0084      	MOVWF      FSR
0x023C	0x0800      	MOVF       INDF, 0
0x023D	0x1903      	BTFSC      STATUS, 2
0x023E	0x2A47      	GOTO       L_Lcd_Out19
;__Lib_Lcd.c,200 :: 		
0x023F	0x084C      	MOVF       Lcd_Out_i_L0, 0
0x0240	0x074B      	ADDWF      FARG_Lcd_Out_text, 0
0x0241	0x0084      	MOVWF      FSR
0x0242	0x0800      	MOVF       INDF, 0
0x0243	0x00CD      	MOVWF      FARG_Lcd_Chr_CP_out_char
0x0244	0x2071      	CALL       _Lcd_Chr_CP
0x0245	0x0ACC      	INCF       Lcd_Out_i_L0, 1
0x0246	0x2A39      	GOTO       L_Lcd_Out18
L_Lcd_Out19:
;__Lib_Lcd.c,201 :: 		
0x0247	0x1443      	BSF        __Lib_Lcd_cmd_status, BitPos(__Lib_Lcd_cmd_status+0)
;__Lib_Lcd.c,202 :: 		
0x0248	0x0008      	RETURN
; end of _Lcd_Out
___CC2DW:
;__Lib_System.c,24 :: 		
;__Lib_System.c,27 :: 		
_CC2D_Loop1:
;__Lib_System.c,29 :: 		
0x0249	0x2079      	CALL       _____DoICP
0x024A	0x118A      	BCF        PCLATH, 3
0x024B	0x120A      	BCF        PCLATH, 4
;__Lib_System.c,31 :: 		
0x024C	0x0080      	MOVWF      INDF
;__Lib_System.c,32 :: 		
0x024D	0x0A84      	INCF       FSR, 1
;__Lib_System.c,33 :: 		
0x024E	0x0AC4      	INCF       ___DoICPAddr, 1
;__Lib_System.c,35 :: 		
0x024F	0x1903      	BTFSC      STATUS, 2
;__Lib_System.c,36 :: 		
0x0250	0x0AC5      	INCF       ___DoICPAddr+1, 1
;__Lib_System.c,37 :: 		
0x0251	0x03F0      	DECF       R0, 1
;__Lib_System.c,39 :: 		
0x0252	0x1D03      	BTFSS      STATUS, 2
;__Lib_System.c,40 :: 		
0x0253	0x2A49      	GOTO       _CC2D_Loop1
;__Lib_System.c,42 :: 		
0x0254	0x0008      	RETURN
; end of ___CC2DW
_Lcd_Init:
;__Lib_Lcd.c,84 :: 		
;__Lib_Lcd.c,86 :: 		
0x0255	0x1683      	BSF        STATUS, 5
0x0256	0x1303      	BCF        STATUS, 6
0x0257	0x1288      	BCF        LCD_EN_Direction, BitPos(LCD_EN_Direction+0)
;__Lib_Lcd.c,87 :: 		
0x0258	0x1208      	BCF        LCD_RS_Direction, BitPos(LCD_RS_Direction+0)
;__Lib_Lcd.c,88 :: 		
0x0259	0x1008      	BCF        LCD_D4_Direction, BitPos(LCD_D4_Direction+0)
;__Lib_Lcd.c,89 :: 		
0x025A	0x1088      	BCF        LCD_D5_Direction, BitPos(LCD_D5_Direction+0)
;__Lib_Lcd.c,90 :: 		
0x025B	0x1108      	BCF        LCD_D6_Direction, BitPos(LCD_D6_Direction+0)
;__Lib_Lcd.c,91 :: 		
0x025C	0x1188      	BCF        LCD_D7_Direction, BitPos(LCD_D7_Direction+0)
;__Lib_Lcd.c,93 :: 		
0x025D	0x1283      	BCF        STATUS, 5
0x025E	0x1288      	BCF        LCD_EN, BitPos(LCD_EN+0)
;__Lib_Lcd.c,94 :: 		
0x025F	0x1208      	BCF        LCD_RS, BitPos(LCD_RS+0)
;__Lib_Lcd.c,95 :: 		
0x0260	0x1188      	BCF        LCD_D7, BitPos(LCD_D7+0)
;__Lib_Lcd.c,96 :: 		
0x0261	0x1108      	BCF        LCD_D6, BitPos(LCD_D6+0)
;__Lib_Lcd.c,97 :: 		
0x0262	0x1088      	BCF        LCD_D5, BitPos(LCD_D5+0)
;__Lib_Lcd.c,98 :: 		
0x0263	0x1008      	BCF        LCD_D4, BitPos(LCD_D4+0)
;__Lib_Lcd.c,100 :: 		
0x0264	0x2003      	CALL       _Delay_5500us
;__Lib_Lcd.c,101 :: 		
0x0265	0x2003      	CALL       _Delay_5500us
;__Lib_Lcd.c,102 :: 		
0x0266	0x2003      	CALL       _Delay_5500us
;__Lib_Lcd.c,105 :: 		
0x0267	0x1488      	BSF        LCD_D5, BitPos(LCD_D5+0)
;__Lib_Lcd.c,106 :: 		
0x0268	0x1408      	BSF        LCD_D4, BitPos(LCD_D4+0)
;__Lib_Lcd.c,107 :: 		
0x0269	0x1688      	BSF        LCD_EN, BitPos(LCD_EN+0)
;__Lib_Lcd.c,108 :: 		
0x026A	0x2017      	CALL       _Delay_1us
;__Lib_Lcd.c,109 :: 		
0x026B	0x1288      	BCF        LCD_EN, BitPos(LCD_EN+0)
;__Lib_Lcd.c,110 :: 		
0x026C	0x2003      	CALL       _Delay_5500us
;__Lib_Lcd.c,112 :: 		
0x026D	0x1688      	BSF        LCD_EN, BitPos(LCD_EN+0)
;__Lib_Lcd.c,113 :: 		
0x026E	0x2017      	CALL       _Delay_1us
;__Lib_Lcd.c,114 :: 		
0x026F	0x1288      	BCF        LCD_EN, BitPos(LCD_EN+0)
;__Lib_Lcd.c,115 :: 		
0x0270	0x2003      	CALL       _Delay_5500us
;__Lib_Lcd.c,117 :: 		
0x0271	0x1688      	BSF        LCD_EN, BitPos(LCD_EN+0)
;__Lib_Lcd.c,118 :: 		
0x0272	0x2017      	CALL       _Delay_1us
;__Lib_Lcd.c,119 :: 		
0x0273	0x1288      	BCF        LCD_EN, BitPos(LCD_EN+0)
;__Lib_Lcd.c,120 :: 		
0x0274	0x2003      	CALL       _Delay_5500us
;__Lib_Lcd.c,123 :: 		
0x0275	0x1008      	BCF        LCD_D4, BitPos(LCD_D4+0)
;__Lib_Lcd.c,124 :: 		
0x0276	0x1688      	BSF        LCD_EN, BitPos(LCD_EN+0)
;__Lib_Lcd.c,125 :: 		
0x0277	0x2017      	CALL       _Delay_1us
;__Lib_Lcd.c,126 :: 		
0x0278	0x1288      	BCF        LCD_EN, BitPos(LCD_EN+0)
;__Lib_Lcd.c,127 :: 		
0x0279	0x2003      	CALL       _Delay_5500us
;__Lib_Lcd.c,130 :: 		
0x027A	0x1688      	BSF        LCD_EN, BitPos(LCD_EN+0)
;__Lib_Lcd.c,131 :: 		
0x027B	0x2017      	CALL       _Delay_1us
;__Lib_Lcd.c,132 :: 		
0x027C	0x1288      	BCF        LCD_EN, BitPos(LCD_EN+0)
;__Lib_Lcd.c,134 :: 		
0x027D	0x1088      	BCF        LCD_D5, BitPos(LCD_D5+0)
;__Lib_Lcd.c,135 :: 		
0x027E	0x1588      	BSF        LCD_D7, BitPos(LCD_D7+0)
;__Lib_Lcd.c,136 :: 		
0x027F	0x1688      	BSF        LCD_EN, BitPos(LCD_EN+0)
;__Lib_Lcd.c,137 :: 		
0x0280	0x2017      	CALL       _Delay_1us
;__Lib_Lcd.c,138 :: 		
0x0281	0x1288      	BCF        LCD_EN, BitPos(LCD_EN+0)
;__Lib_Lcd.c,139 :: 		
0x0282	0x2003      	CALL       _Delay_5500us
;__Lib_Lcd.c,142 :: 		
0x0283	0x1188      	BCF        LCD_D7, BitPos(LCD_D7+0)
;__Lib_Lcd.c,143 :: 		
0x0284	0x1408      	BSF        LCD_D4, BitPos(LCD_D4+0)
;__Lib_Lcd.c,144 :: 		
0x0285	0x1688      	BSF        LCD_EN, BitPos(LCD_EN+0)
;__Lib_Lcd.c,145 :: 		
0x0286	0x2017      	CALL       _Delay_1us
;__Lib_Lcd.c,146 :: 		
0x0287	0x1288      	BCF        LCD_EN, BitPos(LCD_EN+0)
;__Lib_Lcd.c,148 :: 		
0x0288	0x1008      	BCF        LCD_D4, BitPos(LCD_D4+0)
;__Lib_Lcd.c,149 :: 		
0x0289	0x1688      	BSF        LCD_EN, BitPos(LCD_EN+0)
;__Lib_Lcd.c,150 :: 		
0x028A	0x2017      	CALL       _Delay_1us
;__Lib_Lcd.c,151 :: 		
0x028B	0x1288      	BCF        LCD_EN, BitPos(LCD_EN+0)
;__Lib_Lcd.c,152 :: 		
0x028C	0x2003      	CALL       _Delay_5500us
;__Lib_Lcd.c,155 :: 		
0x028D	0x1688      	BSF        LCD_EN, BitPos(LCD_EN+0)
;__Lib_Lcd.c,156 :: 		
0x028E	0x2017      	CALL       _Delay_1us
;__Lib_Lcd.c,157 :: 		
0x028F	0x1288      	BCF        LCD_EN, BitPos(LCD_EN+0)
;__Lib_Lcd.c,159 :: 		
0x0290	0x1408      	BSF        LCD_D4, BitPos(LCD_D4+0)
;__Lib_Lcd.c,160 :: 		
0x0291	0x1688      	BSF        LCD_EN, BitPos(LCD_EN+0)
;__Lib_Lcd.c,161 :: 		
0x0292	0x2017      	CALL       _Delay_1us
;__Lib_Lcd.c,162 :: 		
0x0293	0x1288      	BCF        LCD_EN, BitPos(LCD_EN+0)
;__Lib_Lcd.c,163 :: 		
0x0294	0x2003      	CALL       _Delay_5500us
;__Lib_Lcd.c,166 :: 		
0x0295	0x1008      	BCF        LCD_D4, BitPos(LCD_D4+0)
;__Lib_Lcd.c,167 :: 		
0x0296	0x1688      	BSF        LCD_EN, BitPos(LCD_EN+0)
;__Lib_Lcd.c,168 :: 		
0x0297	0x2017      	CALL       _Delay_1us
;__Lib_Lcd.c,169 :: 		
0x0298	0x1288      	BCF        LCD_EN, BitPos(LCD_EN+0)
;__Lib_Lcd.c,171 :: 		
0x0299	0x1588      	BSF        LCD_D7, BitPos(LCD_D7+0)
;__Lib_Lcd.c,172 :: 		
0x029A	0x1508      	BSF        LCD_D6, BitPos(LCD_D6+0)
;__Lib_Lcd.c,173 :: 		
0x029B	0x1488      	BSF        LCD_D5, BitPos(LCD_D5+0)
;__Lib_Lcd.c,174 :: 		
0x029C	0x1408      	BSF        LCD_D4, BitPos(LCD_D4+0)
;__Lib_Lcd.c,175 :: 		
0x029D	0x1688      	BSF        LCD_EN, BitPos(LCD_EN+0)
;__Lib_Lcd.c,176 :: 		
0x029E	0x2017      	CALL       _Delay_1us
;__Lib_Lcd.c,177 :: 		
0x029F	0x1288      	BCF        LCD_EN, BitPos(LCD_EN+0)
;__Lib_Lcd.c,179 :: 		
0x02A0	0x2003      	CALL       _Delay_5500us
;__Lib_Lcd.c,181 :: 		
0x02A1	0x1443      	BSF        __Lib_Lcd_cmd_status, BitPos(__Lib_Lcd_cmd_status+0)
;__Lib_Lcd.c,182 :: 		
0x02A2	0x0008      	RETURN
; end of _Lcd_Init
_Div_16x16_S:
;__Lib_Math.c,479 :: 		
;__Lib_Math.c,487 :: 		
0x02A3	0x1283      	BCF        STATUS, 5
0x02A4	0x1303      	BCF        STATUS, 6
0x02A5	0x0874      	MOVF       R4, 0
0x02A6	0x3A00      	XORLW      0
0x02A7	0x1D03      	BTFSS      STATUS, 2
0x02A8	0x2AB2      	GOTO       L_Div_16x16_S0
;__Lib_Math.c,488 :: 		
0x02A9	0x0875      	MOVF       R5, 0
0x02AA	0x3A00      	XORLW      0
0x02AB	0x1D03      	BTFSS      STATUS, 2
0x02AC	0x2AB2      	GOTO       L_Div_16x16_S1
;__Lib_Math.c,489 :: 		
0x02AD	0x30FF      	MOVLW      255
0x02AE	0x00F0      	MOVWF      R0
;__Lib_Math.c,490 :: 		
0x02AF	0x307F      	MOVLW      127
0x02B0	0x00F1      	MOVWF      R1
;__Lib_Math.c,491 :: 		
0x02B1	0x0008      	RETURN
;__Lib_Math.c,492 :: 		
L_Div_16x16_S1:
L_Div_16x16_S0:
;__Lib_Math.c,495 :: 		
0x02B2	0x1283      	BCF        STATUS, 5
;__Lib_Math.c,496 :: 		
0x02B3	0x1303      	BCF        STATUS, 6
;__Lib_Math.c,497 :: 		
0x02B4	0x01FD      	CLRF       R13
;__Lib_Math.c,498 :: 		
0x02B5	0x01F9      	CLRF       R9
;__Lib_Math.c,499 :: 		
0x02B6	0x01F8      	CLRF       R8
;__Lib_Math.c,500 :: 		
0x02B7	0x0871      	MOVF       R1, 0
;__Lib_Math.c,501 :: 		
0x02B8	0x0470      	IORWF      R0, 0
;__Lib_Math.c,502 :: 		
0x02B9	0x1903      	BTFSC      STATUS, 2
;__Lib_Math.c,503 :: 		
0x02BA	0x3400      	RETLW      0
;__Lib_Math.c,505 :: 		
0x02BB	0x0871      	MOVF       R1, 0
;__Lib_Math.c,506 :: 		
0x02BC	0x0675      	XORWF      R5, 0
;__Lib_Math.c,507 :: 		
0x02BD	0x00FA      	MOVWF      R10
;__Lib_Math.c,508 :: 		
0x02BE	0x1BFA      	BTFSC      R10, 7
;__Lib_Math.c,509 :: 		
0x02BF	0x09FD      	COMF       R13, 1
;__Lib_Math.c,511 :: 		
0x02C0	0x01FB      	CLRF       R11
;__Lib_Math.c,513 :: 		
0x02C1	0x1FF5      	BTFSS      R5, 7
;__Lib_Math.c,514 :: 		
0x02C2	0x2AC8      	GOTO       $+6
;__Lib_Math.c,516 :: 		
0x02C3	0x09F4      	COMF       R4, 1
;__Lib_Math.c,517 :: 		
0x02C4	0x09F5      	COMF       R5, 1
;__Lib_Math.c,518 :: 		
0x02C5	0x0AF4      	INCF       R4, 1
;__Lib_Math.c,519 :: 		
0x02C6	0x1903      	BTFSC      STATUS, 2
;__Lib_Math.c,520 :: 		
0x02C7	0x0AF5      	INCF       R5, 1
;__Lib_Math.c,522 :: 		
0x02C8	0x1FF1      	BTFSS      R1, 7
;__Lib_Math.c,523 :: 		
0x02C9	0x2ACF      	GOTO       $+6
;__Lib_Math.c,525 :: 		
0x02CA	0x09F0      	COMF       R0, 1
;__Lib_Math.c,526 :: 		
0x02CB	0x09F1      	COMF       R1, 1
;__Lib_Math.c,527 :: 		
0x02CC	0x0AF0      	INCF       R0, 1
;__Lib_Math.c,528 :: 		
0x02CD	0x1903      	BTFSC      STATUS, 2
;__Lib_Math.c,529 :: 		
0x02CE	0x0AF1      	INCF       R1, 1
;__Lib_Math.c,531 :: 		
0x02CF	0x0871      	MOVF       R1, 0
;__Lib_Math.c,532 :: 		
0x02D0	0x0475      	IORWF      R5, 0
;__Lib_Math.c,533 :: 		
0x02D1	0x00FA      	MOVWF      R10
;__Lib_Math.c,534 :: 		
0x02D2	0x1BFA      	BTFSC      R10, 7
;__Lib_Math.c,535 :: 		
0x02D3	0x2AE4      	GOTO       $+17
;__Lib_Math.c,537 :: 		
0x02D4	0x2080      	CALL       _Div_16x16_S_L
;__Lib_Math.c,539 :: 		
0x02D5	0x187B      	BTFSC      R11, 0
;__Lib_Math.c,540 :: 		
0x02D6	0x2AF7      	GOTO       $+33
;__Lib_Math.c,542 :: 		
0x02D7	0x1FFD      	BTFSS      R13, 7
;__Lib_Math.c,543 :: 		
0x02D8	0x3400      	RETLW      0
;__Lib_Math.c,545 :: 		
0x02D9	0x09F0      	COMF       R0, 1
;__Lib_Math.c,546 :: 		
0x02DA	0x09F1      	COMF       R1, 1
;__Lib_Math.c,547 :: 		
0x02DB	0x0AF0      	INCF       R0, 1
;__Lib_Math.c,548 :: 		
0x02DC	0x1903      	BTFSC      STATUS, 2
;__Lib_Math.c,549 :: 		
0x02DD	0x0AF1      	INCF       R1, 1
;__Lib_Math.c,551 :: 		
0x02DE	0x09F8      	COMF       R8, 1
;__Lib_Math.c,552 :: 		
0x02DF	0x09F9      	COMF       R9, 1
;__Lib_Math.c,553 :: 		
0x02E0	0x0AF8      	INCF       R8, 1
;__Lib_Math.c,554 :: 		
0x02E1	0x1903      	BTFSC      STATUS, 2
;__Lib_Math.c,555 :: 		
0x02E2	0x0AF9      	INCF       R9, 1
;__Lib_Math.c,557 :: 		
0x02E3	0x3400      	RETLW      0
;__Lib_Math.c,559 :: 		
0x02E4	0x1FF5      	BTFSS      R5, 7
;__Lib_Math.c,560 :: 		
0x02E5	0x2AF3      	GOTO       $+14
;__Lib_Math.c,561 :: 		
0x02E6	0x1BF1      	BTFSC      R1, 7
;__Lib_Math.c,562 :: 		
0x02E7	0x2AEF      	GOTO       $+8
;__Lib_Math.c,563 :: 		
0x02E8	0x0871      	MOVF       R1, 0
;__Lib_Math.c,564 :: 		
0x02E9	0x00F9      	MOVWF      R9
;__Lib_Math.c,565 :: 		
0x02EA	0x0870      	MOVF       R0, 0
;__Lib_Math.c,566 :: 		
0x02EB	0x00F8      	MOVWF      R8
;__Lib_Math.c,567 :: 		
0x02EC	0x01F1      	CLRF       R1
;__Lib_Math.c,568 :: 		
0x02ED	0x01F0      	CLRF       R0
;__Lib_Math.c,569 :: 		
0x02EE	0x2AD7      	GOTO       $-23
;__Lib_Math.c,570 :: 		
0x02EF	0x01F1      	CLRF       R1
;__Lib_Math.c,571 :: 		
0x02F0	0x01F0      	CLRF       R0
;__Lib_Math.c,572 :: 		
0x02F1	0x0AF0      	INCF       R0, 1
;__Lib_Math.c,573 :: 		
0x02F2	0x3400      	RETLW      0
;__Lib_Math.c,575 :: 		
0x02F3	0x09F1      	COMF       R1, 1
;__Lib_Math.c,576 :: 		
0x02F4	0x09F0      	COMF       R0, 1
;__Lib_Math.c,577 :: 		
0x02F5	0x0AFB      	INCF       R11, 1
;__Lib_Math.c,578 :: 		
0x02F6	0x2AD4      	GOTO       $-34
;__Lib_Math.c,580 :: 		
0x02F7	0x0AF8      	INCF       R8, 1
;__Lib_Math.c,581 :: 		
0x02F8	0x1903      	BTFSC      STATUS, 2
;__Lib_Math.c,582 :: 		
0x02F9	0x0AF9      	INCF       R9, 1
;__Lib_Math.c,583 :: 		
0x02FA	0x0874      	MOVF       R4, 0
;__Lib_Math.c,584 :: 		
0x02FB	0x0278      	SUBWF      R8, 0
;__Lib_Math.c,585 :: 		
0x02FC	0x1D03      	BTFSS      STATUS, 2
;__Lib_Math.c,586 :: 		
0x02FD	0x2AD7      	GOTO       $-38
;__Lib_Math.c,587 :: 		
0x02FE	0x0875      	MOVF       R5, 0
;__Lib_Math.c,588 :: 		
0x02FF	0x0279      	SUBWF      R9, 0
;__Lib_Math.c,589 :: 		
0x0300	0x1D03      	BTFSS      STATUS, 2
;__Lib_Math.c,590 :: 		
0x0301	0x2AD7      	GOTO       $-42
;__Lib_Math.c,591 :: 		
0x0302	0x01F9      	CLRF       R9
;__Lib_Math.c,592 :: 		
0x0303	0x01F8      	CLRF       R8
;__Lib_Math.c,593 :: 		
0x0304	0x0AF0      	INCF       R0, 1
;__Lib_Math.c,594 :: 		
0x0305	0x1903      	BTFSC      STATUS, 2
;__Lib_Math.c,595 :: 		
0x0306	0x0AF1      	INCF       R1, 1
;__Lib_Math.c,596 :: 		
0x0307	0x1FF1      	BTFSS      R1, 7
;__Lib_Math.c,597 :: 		
0x0308	0x2AD7      	GOTO       $-49
;__Lib_Math.c,598 :: 		
0x0309	0x0000      	NOP
;__Lib_Math.c,599 :: 		
0x030A	0x34FF      	RETLW      255
;__Lib_Math.c,601 :: 		
0x030B	0x0008      	RETURN
; end of _Div_16x16_S
_Double2Int:
;__Lib_MathDouble.c,1391 :: 		
;__Lib_MathDouble.c,1399 :: 		
0x030C	0x1283      	BCF        STATUS, 5
;__Lib_MathDouble.c,1400 :: 		
0x030D	0x1303      	BCF        STATUS, 6
;__Lib_MathDouble.c,1402 :: 		
0x030E	0x01FB      	CLRF       R11
;__Lib_MathDouble.c,1403 :: 		
0x030F	0x0873      	MOVF       R3, 0
;__Lib_MathDouble.c,1404 :: 		
0x0310	0x1903      	BTFSC      STATUS, 2
;__Lib_MathDouble.c,1405 :: 		
0x0311	0x2B49      	GOTO       IRES016
;__Lib_MathDouble.c,1407 :: 		
0x0312	0x0872      	MOVF       R2, 0
;__Lib_MathDouble.c,1408 :: 		
0x0313	0x00FA      	MOVWF      R10
;__Lib_MathDouble.c,1409 :: 		
0x0314	0x17F2      	BSF        R2, 7
;__Lib_MathDouble.c,1411 :: 		
0x0315	0x308E      	MOVLW      142
;__Lib_MathDouble.c,1412 :: 		
0x0316	0x02F3      	SUBWF      R3, 1
;__Lib_MathDouble.c,1413 :: 		
0x0317	0x1FF3      	BTFSS      R3, 7
;__Lib_MathDouble.c,1414 :: 		
0x0318	0x2B4C      	GOTO       SETIOV16
;__Lib_MathDouble.c,1415 :: 		
0x0319	0x09F3      	COMF       R3, 1
;__Lib_MathDouble.c,1416 :: 		
0x031A	0x0AF3      	INCF       R3, 1
;__Lib_MathDouble.c,1418 :: 		
0x031B	0x3008      	MOVLW      8
;__Lib_MathDouble.c,1419 :: 		
0x031C	0x0273      	SUBWF      R3, 0
;__Lib_MathDouble.c,1420 :: 		
0x031D	0x1C03      	BTFSS      STATUS, 0
;__Lib_MathDouble.c,1421 :: 		
0x031E	0x2B2F      	GOTO       TSHIFT3216
;__Lib_MathDouble.c,1422 :: 		
0x031F	0x00F3      	MOVWF      R3
;__Lib_MathDouble.c,1423 :: 		
0x0320	0x0DF1      	RLF        R1, 1
;__Lib_MathDouble.c,1424 :: 		
0x0321	0x0872      	MOVF       R2, 0
;__Lib_MathDouble.c,1425 :: 		
0x0322	0x00F1      	MOVWF      R1
;__Lib_MathDouble.c,1426 :: 		
0x0323	0x01F2      	CLRF       R2
;__Lib_MathDouble.c,1428 :: 		
0x0324	0x3008      	MOVLW      8
;__Lib_MathDouble.c,1429 :: 		
0x0325	0x0273      	SUBWF      R3, 0
;__Lib_MathDouble.c,1430 :: 		
0x0326	0x1C03      	BTFSS      STATUS, 0
;__Lib_MathDouble.c,1431 :: 		
0x0327	0x2B2F      	GOTO       TSHIFT3216
;__Lib_MathDouble.c,1432 :: 		
0x0328	0x00F3      	MOVWF      R3
;__Lib_MathDouble.c,1433 :: 		
0x0329	0x0DF1      	RLF        R1, 1
;__Lib_MathDouble.c,1434 :: 		
0x032A	0x01F1      	CLRF       R1
;__Lib_MathDouble.c,1436 :: 		
0x032B	0x0873      	MOVF       R3, 0
;__Lib_MathDouble.c,1437 :: 		
0x032C	0x1D03      	BTFSS      STATUS, 2
;__Lib_MathDouble.c,1438 :: 		
0x032D	0x1003      	BCF        STATUS, 0
;__Lib_MathDouble.c,1439 :: 		
0x032E	0x2B37      	GOTO       SHIFT3216OK
;__Lib_MathDouble.c,1440 :: 		
TSHIFT3216:
;__Lib_MathDouble.c,1441 :: 		
0x032F	0x0873      	MOVF       R3, 0
;__Lib_MathDouble.c,1442 :: 		
0x0330	0x1903      	BTFSC      STATUS, 2
;__Lib_MathDouble.c,1443 :: 		
0x0331	0x2B37      	GOTO       SHIFT3216OK
;__Lib_MathDouble.c,1444 :: 		
SHIFT3216:
;__Lib_MathDouble.c,1445 :: 		
0x0332	0x1003      	BCF        STATUS, 0
;__Lib_MathDouble.c,1446 :: 		
0x0333	0x0CF2      	RRF        R2, 1
;__Lib_MathDouble.c,1447 :: 		
0x0334	0x0CF1      	RRF        R1, 1
;__Lib_MathDouble.c,1448 :: 		
0x0335	0x0BF3      	DECFSZ     R3, 1
;__Lib_MathDouble.c,1449 :: 		
0x0336	0x2B32      	GOTO       SHIFT3216
;__Lib_MathDouble.c,1450 :: 		
SHIFT3216OK:
;__Lib_MathDouble.c,1451 :: 		
0x0337	0x1B7B      	BTFSC      R11, 6
;__Lib_MathDouble.c,1452 :: 		
0x0338	0x1C71      	BTFSS      R1, 0
;__Lib_MathDouble.c,1453 :: 		
0x0339	0x2B41      	GOTO       INT3216OK
;__Lib_MathDouble.c,1454 :: 		
0x033A	0x1C03      	BTFSS      STATUS, 0
;__Lib_MathDouble.c,1455 :: 		
0x033B	0x2B41      	GOTO       INT3216OK
;__Lib_MathDouble.c,1456 :: 		
0x033C	0x0AF1      	INCF       R1, 1
;__Lib_MathDouble.c,1457 :: 		
0x033D	0x1903      	BTFSC      STATUS, 2
;__Lib_MathDouble.c,1458 :: 		
0x033E	0x0AF2      	INCF       R2, 1
;__Lib_MathDouble.c,1459 :: 		
0x033F	0x1BF2      	BTFSC      R2, 7
;__Lib_MathDouble.c,1460 :: 		
0x0340	0x2B58      	GOTO       JPJSETIOV3224
;__Lib_MathDouble.c,1461 :: 		
INT3216OK:
;__Lib_MathDouble.c,1462 :: 		
0x0341	0x1FFA      	BTFSS      R10, 7
;__Lib_MathDouble.c,1463 :: 		
0x0342	0x2B5B      	GOTO       INT3216EOK
;__Lib_MathDouble.c,1465 :: 		
0x0343	0x09F2      	COMF       R2, 1
;__Lib_MathDouble.c,1466 :: 		
0x0344	0x09F1      	COMF       R1, 1
;__Lib_MathDouble.c,1467 :: 		
0x0345	0x0AF1      	INCF       R1, 1
;__Lib_MathDouble.c,1468 :: 		
0x0346	0x1903      	BTFSC      STATUS, 2
;__Lib_MathDouble.c,1469 :: 		
0x0347	0x0AF2      	INCF       R2, 1
;__Lib_MathDouble.c,1470 :: 		
0x0348	0x2B5B      	GOTO       INT3216EOK
;__Lib_MathDouble.c,1472 :: 		
IRES016:
;__Lib_MathDouble.c,1473 :: 		
0x0349	0x01F2      	CLRF       R2
;__Lib_MathDouble.c,1474 :: 		
0x034A	0x01F1      	CLRF       R1
;__Lib_MathDouble.c,1475 :: 		
0x034B	0x2B5B      	GOTO       INT3216EOK
;__Lib_MathDouble.c,1476 :: 		
SETIOV16:
;__Lib_MathDouble.c,1477 :: 		
0x034C	0x147B      	BSF        R11, 0
;__Lib_MathDouble.c,1478 :: 		
0x034D	0x1FFB      	BTFSS      R11, 7
;__Lib_MathDouble.c,1479 :: 		
0x034E	0x2B5E      	GOTO       INT3216EER
;__Lib_MathDouble.c,1481 :: 		
0x034F	0x01F2      	CLRF       R2
;__Lib_MathDouble.c,1482 :: 		
0x0350	0x1FFA      	BTFSS      R10, 7
;__Lib_MathDouble.c,1483 :: 		
0x0351	0x2B5E      	GOTO       INT3216EER
;__Lib_MathDouble.c,1484 :: 		
0x0352	0x30FF      	MOVLW      255
;__Lib_MathDouble.c,1485 :: 		
0x0353	0x00F2      	MOVWF      R2
;__Lib_MathDouble.c,1486 :: 		
0x0354	0x00F1      	MOVWF      R1
;__Lib_MathDouble.c,1487 :: 		
0x0355	0x0DFA      	RLF        R10, 1
;__Lib_MathDouble.c,1488 :: 		
0x0356	0x0CF2      	RRF        R2, 1
;__Lib_MathDouble.c,1489 :: 		
0x0357	0x2B5E      	GOTO       INT3216EER
;__Lib_MathDouble.c,1491 :: 		
JPJSETIOV3224:
;__Lib_MathDouble.c,1492 :: 		
0x0358	0x3001      	MOVLW      1
;__Lib_MathDouble.c,1493 :: 		
0x0359	0x00FC      	MOVWF      R12
;__Lib_MathDouble.c,1494 :: 		
0x035A	0x2B60      	GOTO       INT3216EEE
;__Lib_MathDouble.c,1495 :: 		
INT3216EOK:
;__Lib_MathDouble.c,1496 :: 		
0x035B	0x3000      	MOVLW      0
;__Lib_MathDouble.c,1497 :: 		
0x035C	0x00FC      	MOVWF      R12
;__Lib_MathDouble.c,1498 :: 		
0x035D	0x2B60      	GOTO       INT3216EEE
;__Lib_MathDouble.c,1499 :: 		
INT3216EER:
;__Lib_MathDouble.c,1500 :: 		
0x035E	0x30FF      	MOVLW      255
;__Lib_MathDouble.c,1501 :: 		
0x035F	0x00FC      	MOVWF      R12
;__Lib_MathDouble.c,1502 :: 		
INT3216EEE:
;__Lib_MathDouble.c,1505 :: 		
0x0360	0x08FC      	MOVF       R12, 1
;__Lib_MathDouble.c,1507 :: 		
0x0361	0x1903      	BTFSC      STATUS, 2
;__Lib_MathDouble.c,1508 :: 		
0x0362	0x2B64      	GOTO       L_Double2Int_0
;__Lib_MathDouble.c,1510 :: 		
0x0363	0x2124      	CALL       _SETIOV3224
;__Lib_MathDouble.c,1512 :: 		
L_Double2Int_0:
;__Lib_MathDouble.c,1513 :: 		
0x0364	0x0871      	MOVF       R1, 0
;__Lib_MathDouble.c,1514 :: 		
0x0365	0x00F0      	MOVWF      R0
;__Lib_MathDouble.c,1515 :: 		
0x0366	0x0872      	MOVF       R2, 0
;__Lib_MathDouble.c,1516 :: 		
0x0367	0x00F1      	MOVWF      R1
;__Lib_MathDouble.c,1520 :: 		
0x0368	0x0008      	RETURN
; end of _Double2Int
_main:
0x0369	0x3020      	MOVLW      32
0x036A	0x1283      	BCF        STATUS, 5
0x036B	0x1303      	BCF        STATUS, 6
0x036C	0x00A1      	MOVWF      ?lstr1_Temperature_32Display_32with_32control_32Lamp
0x036D	0x3020      	MOVLW      32
0x036E	0x00A2      	MOVWF      34
0x036F	0x3054      	MOVLW      84
0x0370	0x00A3      	MOVWF      35
0x0371	0x3045      	MOVLW      69
0x0372	0x00A4      	MOVWF      36
0x0373	0x304D      	MOVLW      77
0x0374	0x00A5      	MOVWF      37
0x0375	0x3050      	MOVLW      80
0x0376	0x00A6      	MOVWF      38
0x0377	0x3045      	MOVLW      69
0x0378	0x00A7      	MOVWF      39
0x0379	0x3052      	MOVLW      82
0x037A	0x00A8      	MOVWF      40
0x037B	0x3041      	MOVLW      65
0x037C	0x00A9      	MOVWF      41
0x037D	0x3054      	MOVLW      84
0x037E	0x00AA      	MOVWF      42
0x037F	0x3055      	MOVLW      85
0x0380	0x00AB      	MOVWF      43
0x0381	0x3052      	MOVLW      82
0x0382	0x00AC      	MOVWF      44
0x0383	0x3045      	MOVLW      69
0x0384	0x00AD      	MOVWF      45
0x0385	0x3020      	MOVLW      32
0x0386	0x00AE      	MOVWF      46
0x0387	0x3020      	MOVLW      32
0x0388	0x00AF      	MOVWF      47
0x0389	0x3020      	MOVLW      32
0x038A	0x00B0      	MOVWF      48
0x038B	0x01B1      	CLRF       49
0x038C	0x3020      	MOVLW      32
0x038D	0x00B2      	MOVWF      ?lstr2_Temperature_32Display_32with_32control_32Lamp
0x038E	0x3020      	MOVLW      32
0x038F	0x00B3      	MOVWF      51
0x0390	0x3054      	MOVLW      84
0x0391	0x00B4      	MOVWF      52
0x0392	0x3020      	MOVLW      32
0x0393	0x00B5      	MOVWF      53
0x0394	0x303D      	MOVLW      61
0x0395	0x00B6      	MOVWF      54
0x0396	0x3020      	MOVLW      32
0x0397	0x00B7      	MOVWF      55
0x0398	0x3030      	MOVLW      48
0x0399	0x00B8      	MOVWF      56
0x039A	0x3030      	MOVLW      48
0x039B	0x00B9      	MOVWF      57
0x039C	0x3020      	MOVLW      32
0x039D	0x00BA      	MOVWF      58
0x039E	0x3043      	MOVLW      67
0x039F	0x00BB      	MOVWF      59
0x03A0	0x3020      	MOVLW      32
0x03A1	0x00BC      	MOVWF      60
0x03A2	0x3020      	MOVLW      32
0x03A3	0x00BD      	MOVWF      61
0x03A4	0x3020      	MOVLW      32
0x03A5	0x00BE      	MOVWF      62
0x03A6	0x3020      	MOVLW      32
0x03A7	0x00BF      	MOVWF      63
0x03A8	0x3020      	MOVLW      32
0x03A9	0x00C0      	MOVWF      64
0x03AA	0x3020      	MOVLW      32
0x03AB	0x00C1      	MOVWF      65
0x03AC	0x01C2      	CLRF       66
;Temperature Display with control Lamp.c,28 :: 		void main(){
;Temperature Display with control Lamp.c,33 :: 		ANSEL  = 0B00100000;               // set RE5 as analog input
0x03AD	0x3020      	MOVLW      32
0x03AE	0x1683      	BSF        STATUS, 5
0x03AF	0x1703      	BSF        STATUS, 6
0x03B0	0x0088      	MOVWF      ANSEL
;Temperature Display with control Lamp.c,34 :: 		ANSELH = 0;
0x03B1	0x0189      	CLRF       ANSELH
;Temperature Display with control Lamp.c,35 :: 		C1ON_bit = 0;                      // Disable comparators
0x03B2	0x1283      	BCF        STATUS, 5
0x03B3	0x1387      	BCF        C1ON_bit, 7
;Temperature Display with control Lamp.c,36 :: 		C2ON_bit = 0;
0x03B4	0x1388      	BCF        C2ON_bit, 7
;Temperature Display with control Lamp.c,38 :: 		TRISB = 0X00;
0x03B5	0x1683      	BSF        STATUS, 5
0x03B6	0x1303      	BCF        STATUS, 6
0x03B7	0x0186      	CLRF       TRISB
;Temperature Display with control Lamp.c,39 :: 		PORTB = 0X00;
0x03B8	0x1283      	BCF        STATUS, 5
0x03B9	0x0186      	CLRF       PORTB
;Temperature Display with control Lamp.c,40 :: 		TRISE = 0XFF;                      // Set PORTE as Input
0x03BA	0x30FF      	MOVLW      255
0x03BB	0x1683      	BSF        STATUS, 5
0x03BC	0x0089      	MOVWF      TRISE
;Temperature Display with control Lamp.c,41 :: 		Lcd_Init();                        // Initialize LCD
0x03BD	0x2255      	CALL       _Lcd_Init
;Temperature Display with control Lamp.c,43 :: 		Lcd_Cmd(_LCD_CLEAR);               // Clear display
0x03BE	0x3001      	MOVLW      1
0x03BF	0x00D0      	MOVWF      FARG_Lcd_Cmd_out_char
0x03C0	0x201A      	CALL       _Lcd_Cmd
;Temperature Display with control Lamp.c,44 :: 		Lcd_Cmd(_LCD_CURSOR_OFF);          // Cursor off
0x03C1	0x300C      	MOVLW      12
0x03C2	0x00D0      	MOVWF      FARG_Lcd_Cmd_out_char
0x03C3	0x201A      	CALL       _Lcd_Cmd
;Temperature Display with control Lamp.c,45 :: 		Lcd_Out(1,1,"  TEMPERATURE   ");   // Write text in first row
0x03C4	0x3001      	MOVLW      1
0x03C5	0x00C9      	MOVWF      FARG_Lcd_Out_row
0x03C6	0x3001      	MOVLW      1
0x03C7	0x00CA      	MOVWF      FARG_Lcd_Out_column
0x03C8	0x3021      	MOVLW      ?lstr1_Temperature_32Display_32with_32control_32Lamp
0x03C9	0x00CB      	MOVWF      FARG_Lcd_Out_text
0x03CA	0x2209      	CALL       _Lcd_Out
;Temperature Display with control Lamp.c,46 :: 		Lcd_Out(2,1,"  T = 00 C      ");   // Write text in Second row
0x03CB	0x3002      	MOVLW      2
0x03CC	0x00C9      	MOVWF      FARG_Lcd_Out_row
0x03CD	0x3001      	MOVLW      1
0x03CE	0x00CA      	MOVWF      FARG_Lcd_Out_column
0x03CF	0x3032      	MOVLW      ?lstr2_Temperature_32Display_32with_32control_32Lamp
0x03D0	0x00CB      	MOVWF      FARG_Lcd_Out_text
0x03D1	0x2209      	CALL       _Lcd_Out
;Temperature Display with control Lamp.c,47 :: 		CustomChar(2,9);                   // Display symbol Celsius
0x03D2	0x3002      	MOVLW      2
0x03D3	0x00C9      	MOVWF      FARG_CustomChar_pos_row
0x03D4	0x3009      	MOVLW      9
0x03D5	0x00CA      	MOVWF      FARG_CustomChar_pos_char
0x03D6	0x21A3      	CALL       _CustomChar
;Temperature Display with control Lamp.c,49 :: 		while(1){
L_main3:
;Temperature Display with control Lamp.c,50 :: 		ad_read = ADC_Read(5);        // Read analog AN5
0x03D7	0x3005      	MOVLW      5
0x03D8	0x00C9      	MOVWF      FARG_ADC_Read_channel
0x03D9	0x21E7      	CALL       _ADC_Read
;Temperature Display with control Lamp.c,51 :: 		voltage = ad_read * 4.895;    // 5000mV/1023
0x03DA	0x21C9      	CALL       _Int2Double
0x03DB	0x30D7      	MOVLW      215
0x03DC	0x00F4      	MOVWF      R4
0x03DD	0x30A3      	MOVLW      163
0x03DE	0x00F5      	MOVWF      R4+1
0x03DF	0x301C      	MOVLW      28
0x03E0	0x00F6      	MOVWF      R4+2
0x03E1	0x3081      	MOVLW      129
0x03E2	0x00F7      	MOVWF      R4+3
0x03E3	0x2131      	CALL       _Mul_32x32_FP
0x03E4	0x230C      	CALL       _Double2Int
;Temperature Display with control Lamp.c,52 :: 		temp = voltage/10;            // 10mV/0C
0x03E5	0x300A      	MOVLW      10
0x03E6	0x00F4      	MOVWF      R4
0x03E7	0x3000      	MOVLW      0
0x03E8	0x00F5      	MOVWF      R4+1
0x03E9	0x22A3      	CALL       _Div_16x16_S
0x03EA	0x0870      	MOVF       R0, 0
0x03EB	0x00C6      	MOVWF      main_temp_L0
;Temperature Display with control Lamp.c,54 :: 		if(temp >= 35)
0x03EC	0x3023      	MOVLW      35
0x03ED	0x0270      	SUBWF      R0, 0
0x03EE	0x1C03      	BTFSS      STATUS, 0
0x03EF	0x2BF1      	GOTO       L_main5
;Temperature Display with control Lamp.c,55 :: 		PORTB.F0 = 1;  // lamp on
0x03F0	0x1406      	BSF        PORTB, 0
L_main5:
;Temperature Display with control Lamp.c,56 :: 		if(temp <= 30)
0x03F1	0x0846      	MOVF       main_temp_L0, 0
0x03F2	0x3C1E      	SUBLW      30
0x03F3	0x1C03      	BTFSS      STATUS, 0
0x03F4	0x2BF6      	GOTO       L_main6
;Temperature Display with control Lamp.c,57 :: 		PORTB.f0 = 0;  // lamp off
0x03F5	0x1006      	BCF        PORTB, 0
L_main6:
;Temperature Display with control Lamp.c,59 :: 		d2 = temp/10;
0x03F6	0x300A      	MOVLW      10
0x03F7	0x00F4      	MOVWF      R4
0x03F8	0x0846      	MOVF       main_temp_L0, 0
0x03F9	0x00F0      	MOVWF      R0
0x03FA	0x2192      	CALL       _Div_8x8_U
0x03FB	0x0870      	MOVF       R0, 0
0x03FC	0x00C7      	MOVWF      main_d2_L0
;Temperature Display with control Lamp.c,60 :: 		d1 = temp%10;
0x03FD	0x300A      	MOVLW      10
0x03FE	0x00F4      	MOVWF      R4
0x03FF	0x0846      	MOVF       main_temp_L0, 0
0x0400	0x00F0      	MOVWF      R0
0x0401	0x2192      	CALL       _Div_8x8_U
0x0402	0x0878      	MOVF       R8, 0
0x0403	0x00F0      	MOVWF      R0
0x0404	0x0870      	MOVF       R0, 0
0x0405	0x00C8      	MOVWF      main_d1_L0
;Temperature Display with control Lamp.c,62 :: 		Lcd_Chr(2, 7, d2+48);
0x0406	0x3002      	MOVLW      2
0x0407	0x00CD      	MOVWF      FARG_Lcd_Chr_row
0x0408	0x3007      	MOVLW      7
0x0409	0x00CE      	MOVWF      FARG_Lcd_Chr_column
0x040A	0x3030      	MOVLW      48
0x040B	0x0747      	ADDWF      main_d2_L0, 0
0x040C	0x00CF      	MOVWF      FARG_Lcd_Chr_out_char
0x040D	0x20AC      	CALL       _Lcd_Chr
;Temperature Display with control Lamp.c,63 :: 		Lcd_Chr(2, 8, d1+48);
0x040E	0x3002      	MOVLW      2
0x040F	0x00CD      	MOVWF      FARG_Lcd_Chr_row
0x0410	0x3008      	MOVLW      8
0x0411	0x00CE      	MOVWF      FARG_Lcd_Chr_column
0x0412	0x3030      	MOVLW      48
0x0413	0x0748      	ADDWF      main_d1_L0, 0
0x0414	0x00CF      	MOVWF      FARG_Lcd_Chr_out_char
0x0415	0x20AC      	CALL       _Lcd_Chr
;Temperature Display with control Lamp.c,64 :: 		}
0x0416	0x2BD7      	GOTO       L_main3
;Temperature Display with control Lamp.c,65 :: 		}
0x0417	0x2C17      	GOTO       $+0
; end of _main
;Temperature Display with control Lamp.c,17 :: _character
0x0418	0x340E ;_character+0
0x0419	0x3411 ;_character+1
0x041A	0x3411 ;_character+2
0x041B	0x3411 ;_character+3
0x041C	0x340E ;_character+4
0x041D	0x3400 ;_character+5
0x041E	0x3400 ;_character+6
0x041F	0x3400 ;_character+7
; end of _character
Symbol List:
//** Routines locations **
//ADDRESS    SIZE    PROCEDURE
//----------------------------------------------
0x0003      [13]    _Delay_5500us
0x0010       [7]    _Delay_50us
0x0017       [3]    _Delay_1us
0x001A      [64]    _Lcd_Cmd
0x005A       [7]    _RES032
0x0061      [12]    _SETFUN32
0x006D       [4]    _FIXSIGN32
0x0071       [8]    _Lcd_Chr_CP
0x0079       [7]    _____DoICP
0x0080      [44]    _Div_16x16_S_L
0x00AC      [53]    _Lcd_Chr
0x00E1       [8]    _Delay_22us
0x00E9      [47]    _NRM3232
0x0118      [12]    _SETFOV32
0x0124      [13]    _SETIOV3224
0x0131      [97]    _Mul_32x32_FP
0x0192      [17]    _Div_8x8_U
0x01A3      [38]    _CustomChar
0x01C9      [30]    _Int2Double
0x01E7      [34]    _ADC_Read
0x0209      [64]    _Lcd_Out
0x0249      [12]    ___CC2DW
0x0255      [78]    _Lcd_Init
0x02A3     [105]    _Div_16x16_S
0x030C      [93]    _Double2Int
0x0369     [175]    _main
//** Variables locations ** 
//ADDRESS    SIZE    VARIABLE
//----------------------------------------------
0x0000       [1]    INDF
0x0001       [1]    TMR0
0x0002       [1]    PCL
0x0003       [0]    NOT_TO_bit
0x0003       [0]    NOT_PD_bit
0x0003       [0]    Z_bit
0x0003       [0]    DC_bit
0x0003       [0]    RP0_bit
0x0003       [0]    RP1_bit
0x0003       [1]    STATUS
0x0003       [0]    C_bit
0x0003       [0]    IRP_bit
0x0004       [1]    FSRPTR
0x0004       [1]    FSR
0x0005       [0]    RA4_bit
0x0005       [0]    RA1_bit
0x0005       [0]    RA3_bit
0x0005       [0]    RA2_bit
0x0005       [0]    RA0_bit
0x0005       [0]    RA5_bit
0x0005       [0]    RA7_bit
0x0005       [1]    PORTA
0x0005       [0]    RA6_bit
0x0006       [0]    RB7_bit
0x0006       [0]    RB4_bit
0x0006       [0]    RB6_bit
0x0006       [0]    RB5_bit
0x0006       [0]    RB1_bit
0x0006       [0]    RB0_bit
0x0006       [0]    RB2_bit
0x0006       [1]    PORTB
0x0006       [0]    RB3_bit
0x0007       [0]    RC1_bit
0x0007       [0]    RC0_bit
0x0007       [0]    RC4_bit
0x0007       [0]    RC5_bit
0x0007       [0]    RC7_bit
0x0007       [1]    PORTC
0x0007       [0]    RC6_bit
0x0007       [0]    RC3_bit
0x0007       [0]    RC2_bit
0x0008       [0]    RD6_bit
0x0008       [0]    LCD_D4
0x0008       [0]    LCD_EN
0x0008       [1]    PORTD
0x0008       [0]    RD7_bit
0x0008       [0]    RD2_bit
0x0008       [0]    LCD_RS
0x0008       [0]    RD4_bit
0x0008       [0]    RD1_bit
0x0008       [0]    RD5_bit
0x0008       [0]    LCD_D6
0x0008       [0]    LCD_D5
0x0008       [0]    LCD_D7
0x0008       [0]    RD0_bit
0x0008       [0]    RD3_bit
0x0009       [0]    RE3_bit
0x0009       [1]    PORTE
0x0009       [0]    RE1_bit
0x0009       [0]    RE2_bit
0x0009       [0]    RE0_bit
0x000A       [1]    PCLATH
0x000B       [0]    TMR0IE_bit
0x000B       [0]    INTE_bit
0x000B       [1]    INTCON
0x000B       [0]    GIE_bit
0x000B       [0]    RBIE_bit
0x000B       [0]    PEIE_bit
0x000B       [0]    INTF_bit
0x000B       [0]    RBIF_bit
0x000B       [0]    T0IF_bit
0x000B       [0]    T0IE_bit
0x000B       [0]    TMR0IF_bit
0x000C       [1]    PIR1
0x000C       [0]    CCP1IF_bit
0x000C       [0]    TMR2IF_bit
0x000C       [0]    TMR1IF_bit
0x000C       [0]    SSPIF_bit
0x000C       [0]    ADIF_bit
0x000C       [0]    RCIF_bit
0x000C       [0]    TXIF_bit
0x000D       [0]    EEIF_bit
0x000D       [0]    C1IF_bit
0x000D       [0]    BCLIF_bit
0x000D       [0]    CCP2IF_bit
0x000D       [0]    ULPWUIF_bit
0x000D       [0]    C2IF_bit
0x000D       [1]    PIR2
0x000D       [0]    OSFIF_bit
0x000E       [1]    TMR1L
0x000F       [1]    TMR1H
0x0010       [0]    T1INSYNC_bit
0x0010       [0]    T1SYNC_bit
0x0010       [1]    T1CON
0x0010       [0]    TMR1CS_bit
0x0010       [0]    TMR1GE_bit
0x0010       [0]    T1OSCEN_bit
0x0010       [0]    T1CKPS0_bit
0x0010       [0]    TMR1ON_bit
0x0010       [0]    T1CKPS1_bit
0x0010       [0]    T1GINV_bit
0x0010       [0]    NOT_T1SYNC_bit
0x0011       [1]    TMR2
0x0012       [0]    TOUTPS1_bit
0x0012       [0]    TOUTPS2_bit
0x0012       [0]    T2CKPS0_bit
0x0012       [0]    TMR2ON_bit
0x0012       [0]    T2CKPS1_bit
0x0012       [0]    TOUTPS0_bit
0x0012       [1]    T2CON
0x0012       [0]    TOUTPS3_bit
0x0013       [1]    SSPBUF
0x0014       [0]    SSPM3_bit
0x0014       [0]    CKP_bit
0x0014       [0]    SSPM1_bit
0x0014       [0]    SSPM2_bit
0x0014       [0]    SSPOV_bit
0x0014       [0]    WCOL_bit
0x0014       [1]    SSPCON
0x0014       [0]    SSPEN_bit
0x0014       [0]    SSPM0_bit
0x0015       [2]    CCPR1
0x0015       [1]    CCPR1L
0x0016       [1]    CCPR1H
0x0017       [0]    P1M1_bit
0x0017       [0]    DC1B0_bit
0x0017       [0]    CCP1X_bit
0x0017       [0]    DC1B1_bit
0x0017       [0]    P1M0_bit
0x0017       [0]    CCP1Y_bit
0x0017       [0]    CCP1M2_bit
0x0017       [1]    CCP1CON
0x0017       [0]    CCP1M1_bit
0x0017       [0]    CCP1M3_bit
0x0017       [0]    CCP1M0_bit
0x0018       [0]    SREN_bit
0x0018       [0]    CREN_bit
0x0018       [0]    NOT_RC8_bit
0x0018       [0]    RC8_9_bit
0x0018       [0]    ADDEN_bit
0x0018       [0]    RX9D_bit
0x0018       [0]    RCD8_bit
0x0018       [0]    FERR_bit
0x0018       [0]    OERR_bit
0x0018       [0]    RC9_bit
0x0018       [0]    SPEN_bit
0x0018       [1]    RCSTA
0x0018       [0]    RX9_bit
0x0019       [1]    TXREG
0x001A       [1]    RCREG
0x001B       [1]    CCPR2L
0x001B       [2]    CCPR2
0x001C       [1]    CCPR2H
0x001D       [0]    CCP2M3_bit
0x001D       [0]    DC2B0_bit
0x001D       [0]    CCP2M2_bit
0x001D       [0]    CCP2M0_bit
0x001D       [0]    CCP2M1_bit
0x001D       [0]    CCP2X_bit
0x001D       [1]    CCP2CON
0x001D       [0]    CCP2Y_bit
0x001D       [0]    DC2B1_bit
0x001E       [1]    ADRESH
0x001F       [0]    GO_bit
0x001F       [0]    CHS0_bit
0x001F       [0]    NOT_DONE_bit
0x001F       [0]    ADON_bit
0x001F       [0]    GO_DONE_bit
0x001F       [0]    CHS1_bit
0x001F       [0]    ADCS1_bit
0x001F       [1]    ADCON0
0x001F       [0]    ADCS0_bit
0x001F       [0]    CHS2_bit
0x001F       [0]    CHS3_bit
0x0020       [1]    __math_tempbD
0x0021      [17]    ?lstr1_Temperature_32Display_32with_32control_32Lamp
0x0032      [17]    ?lstr2_Temperature_32Display_32with_32control_32Lamp
0x0043       [0]    __Lib_Lcd_cmd_status
0x0044       [2]    ___DoICPAddr
0x0046       [1]    main_temp_L0
0x0047       [1]    main_d2_L0
0x0048       [1]    main_d1_L0
0x0049       [1]    FARG_Lcd_Out_row
0x0049       [1]    FARG_ADC_Read_channel
0x0049       [1]    FARG_CustomChar_pos_row
0x004A       [1]    FARG_CustomChar_pos_char
0x004A       [1]    FARG_Lcd_Out_column
0x004B       [1]    FARG_Lcd_Out_text
0x004B       [1]    CustomChar_i_L0
0x004C       [1]    Lcd_Out_i_L0
0x004D       [1]    FARG_Lcd_Chr_CP_out_char
0x004D       [1]    FARG_Lcd_Chr_row
0x004E       [1]    FARG_Lcd_Chr_column
0x004F       [1]    FARG_Lcd_Chr_out_char
0x0050       [1]    FARG_Lcd_Cmd_out_char
0x0070       [1]    R0
0x0071       [1]    R1
0x0072       [1]    R2
0x0073       [1]    R3
0x0074       [1]    R4
0x0075       [1]    R5
0x0076       [1]    R6
0x0077       [1]    R7
0x0078       [1]    R8
0x0079       [1]    R9
0x007A       [1]    R10
0x007B       [1]    R11
0x007C       [1]    R12
0x007D       [1]    R13
0x007E       [1]    R14
0x007F       [1]    R15
0x0081       [0]    PS1_bit
0x0081       [0]    PSA_bit
0x0081       [0]    PS0_bit
0x0081       [0]    T0CS_bit
0x0081       [0]    T0SE_bit
0x0081       [1]    OPTION_REG
0x0081       [0]    PS2_bit
0x0081       [0]    NOT_RBPU_bit
0x0081       [0]    INTEDG_bit
0x0085       [0]    TRISA2_bit
0x0085       [0]    TRISA7_bit
0x0085       [0]    TRISA4_bit
0x0085       [0]    TRISA0_bit
0x0085       [0]    TRISA1_bit
0x0085       [0]    TRISA5_bit
0x0085       [1]    TRISA
0x0085       [0]    TRISA3_bit
0x0085       [0]    TRISA6_bit
0x0086       [0]    TRISB0_bit
0x0086       [0]    TRISB2_bit
0x0086       [0]    TRISB6_bit
0x0086       [0]    TRISB1_bit
0x0086       [0]    TRISB4_bit
0x0086       [1]    TRISB
0x0086       [0]    TRISB5_bit
0x0086       [0]    TRISB7_bit
0x0086       [0]    TRISB3_bit
0x0087       [1]    TRISC
0x0087       [0]    TRISC2_bit
0x0087       [0]    TRISC1_bit
0x0087       [0]    TRISC0_bit
0x0087       [0]    TRISC4_bit
0x0087       [0]    TRISC6_bit
0x0087       [0]    TRISC7_bit
0x0087       [0]    TRISC3_bit
0x0087       [0]    TRISC5_bit
0x0088       [0]    LCD_EN_Direction
0x0088       [1]    TRISD
0x0088       [0]    LCD_D4_Direction
0x0088       [0]    LCD_RS_Direction
0x0088       [0]    LCD_D6_Direction
0x0088       [0]    LCD_D5_Direction
0x0088       [0]    LCD_D7_Direction
0x0088       [0]    TRISD3_bit
0x0088       [0]    TRISD2_bit
0x0088       [0]    TRISD1_bit
0x0088       [0]    TRISD4_bit
0x0088       [0]    TRISD7_bit
0x0088       [0]    TRISD6_bit
0x0088       [0]    TRISD5_bit
0x0088       [0]    TRISD0_bit
0x0089       [0]    TRISE3_bit
0x0089       [0]    TRISE2_bit
0x0089       [0]    TRISE1_bit
0x0089       [0]    TRISE0_bit
0x0089       [1]    TRISE
0x008C       [0]    SSPIE_bit
0x008C       [0]    RCIE_bit
0x008C       [0]    TXIE_bit
0x008C       [0]    TMR1IE_bit
0x008C       [1]    PIE1
0x008C       [0]    CCP1IE_bit
0x008C       [0]    TMR2IE_bit
0x008C       [0]    ADIE_bit
0x008D       [0]    C1IE_bit
0x008D       [0]    OSFIE_bit
0x008D       [1]    PIE2
0x008D       [0]    C2IE_bit
0x008D       [0]    EEIE_bit
0x008D       [0]    CCP2IE_bit
0x008D       [0]    ULPWUIE_bit
0x008D       [0]    BCLIE_bit
0x008E       [0]    ULPWUE_bit
0x008E       [0]    NOT_POR_bit
0x008E       [0]    SBOREN_bit
0x008E       [0]    NOT_BO_bit
0x008E       [1]    PCON
0x008E       [0]    NOT_BOR_bit
0x008F       [1]    OSCCON
0x008F       [0]    HTS_bit
0x008F       [0]    LTS_bit
0x008F       [0]    SCS_bit
0x008F       [0]    OSTS_bit
0x008F       [0]    IRCF2_bit
0x008F       [0]    IRCF1_bit
0x008F       [0]    IRCF0_bit
0x0090       [0]    TUN3_bit
0x0090       [0]    TUN4_bit
0x0090       [1]    OSCTUNE
0x0090       [0]    TUN2_bit
0x0090       [0]    TUN0_bit
0x0090       [0]    TUN1_bit
0x0091       [0]    ACKEN_bit
0x0091       [0]    SEN_bit
0x0091       [0]    ACKDT_bit
0x0091       [0]    ACKSTAT_bit
0x0091       [0]    RSEN_bit
0x0091       [1]    SSPCON2
0x0091       [0]    RCEN_bit
0x0091       [0]    PEN_bit
0x0091       [0]    GCEN_bit
0x0092       [1]    PR2
0x0093       [1]    SSPADD
0x0093       [1]    SSPMSK
0x0093       [1]    MSK
0x0094       [0]    NOT_W_bit
0x0094       [0]    NOT_WRITE_bit
0x0094       [0]    I2C_READ_bit
0x0094       [0]    I2C_START__bit
0x0094       [0]    R_bit
0x0094       [0]    BF_bit
0x0094       [1]    SSPSTAT
0x0094       [0]    UA_bit
0x0094       [0]    R_W_bit
0x0094       [0]    READ_WRITE_bit
0x0094       [0]    S_bit
0x0094       [0]    I2C_DATA_bit
0x0094       [0]    NOT_A_bit
0x0094       [0]    D_bit
0x0094       [0]    SMP_bit
0x0094       [0]    CKE_bit
0x0094       [0]    P_bit
0x0094       [0]    I2C_STOP__bit
0x0094       [0]    DATA_ADDRESS_bit
0x0094       [0]    NOT_ADDRESS_bit
0x0094       [0]    D_A_bit
0x0095       [0]    WPUB1_bit
0x0095       [0]    WPUB2_bit
0x0095       [1]    WPUB
0x0095       [0]    WPUB0_bit
0x0095       [0]    WPUB6_bit
0x0095       [0]    WPUB7_bit
0x0095       [0]    WPUB5_bit
0x0095       [0]    WPUB3_bit
0x0095       [0]    WPUB4_bit
0x0096       [1]    IOCB
0x0096       [0]    IOCB2_bit
0x0096       [0]    IOCB3_bit
0x0096       [0]    IOCB0_bit
0x0096       [0]    IOCB1_bit
0x0096       [0]    IOCB6_bit
0x0096       [0]    IOCB7_bit
0x0096       [0]    IOCB4_bit
0x0096       [0]    IOCB5_bit
0x0097       [0]    VR1_bit
0x0097       [0]    VR2_bit
0x0097       [1]    VRCON
0x0097       [0]    VR0_bit
0x0097       [0]    VR3_bit
0x0097       [0]    VROE_bit
0x0097       [0]    VREN_bit
0x0097       [0]    VRSS_bit
0x0097       [0]    VRR_bit
0x0098       [0]    TRMT_bit
0x0098       [0]    BRGH_bit
0x0098       [0]    TX9D_bit
0x0098       [1]    TXSTA
0x0098       [0]    TXD8_bit
0x0098       [0]    SENDB_bit
0x0098       [0]    NOT_TX8_bit
0x0098       [0]    CSRC_bit
0x0098       [0]    TX9_bit
0x0098       [0]    SYNC_bit
0x0098       [0]    TXEN_bit
0x0098       [0]    TX8_9_bit
0x0099       [0]    BRG1_bit
0x0099       [0]    BRG0_bit
0x0099       [1]    SPBRG
0x0099       [0]    BRG2_bit
0x0099       [0]    BRG5_bit
0x0099       [0]    BRG6_bit
0x0099       [0]    BRG7_bit
0x0099       [0]    BRG3_bit
0x0099       [0]    BRG4_bit
0x009A       [0]    BRG9_bit
0x009A       [0]    BRG8_bit
0x009A       [1]    SPBRGH
0x009A       [0]    BRG12_bit
0x009A       [0]    BRG14_bit
0x009A       [0]    BRG13_bit
0x009A       [0]    BRG15_bit
0x009A       [0]    BRG10_bit
0x009A       [0]    BRG11_bit
0x009B       [0]    PDC0_bit
0x009B       [1]    PWM1CON
0x009B       [0]    PDC1_bit
0x009B       [0]    PDC5_bit
0x009B       [0]    PDC6_bit
0x009B       [0]    PRSEN_bit
0x009B       [0]    PDC2_bit
0x009B       [0]    PDC3_bit
0x009B       [0]    PDC4_bit
0x009C       [0]    PSSBD0_bit
0x009C       [1]    ECCPAS
0x009C       [0]    PSSBD1_bit
0x009C       [0]    ECCPAS1_bit
0x009C       [0]    ECCPAS2_bit
0x009C       [0]    ECCPASE_bit
0x009C       [0]    PSSAC0_bit
0x009C       [0]    PSSAC1_bit
0x009C       [0]    ECCPAS0_bit
0x009D       [1]    PSTRCON
0x009D       [0]    STRB_bit
0x009D       [0]    STRC_bit
0x009D       [0]    STRD_bit
0x009D       [0]    STRSYNC_bit
0x009D       [0]    STRA_bit
0x009E       [1]    ADRESL
0x009F       [0]    VCFG0_bit
0x009F       [1]    ADCON1
0x009F       [0]    ADFM_bit
0x009F       [0]    VCFG1_bit
0x0105       [1]    WDTCON
0x0105       [0]    WDTPS2_bit
0x0105       [0]    WDTPS3_bit
0x0105       [0]    WDTPS1_bit
0x0105       [0]    SWDTEN_bit
0x0105       [0]    WDTPS0_bit
0x0107       [1]    CM1CON0
0x0107       [0]    C1CH0_bit
0x0107       [0]    C1OE_bit
0x0107       [0]    C1POL_bit
0x0107       [0]    C1R_bit
0x0107       [0]    C1ON_bit
0x0107       [0]    C1OUT_bit
0x0107       [0]    C1CH1_bit
0x0108       [0]    C2OUT_bit
0x0108       [0]    C2OE_bit
0x0108       [1]    CM2CON0
0x0108       [0]    C2ON_bit
0x0108       [0]    C2CH1_bit
0x0108       [0]    C2CH0_bit
0x0108       [0]    C2POL_bit
0x0108       [0]    C2R_bit
0x0109       [1]    CM2CON1
0x0109       [0]    C2SYNC_bit
0x0109       [0]    C2RSEL_bit
0x0109       [0]    T1GSS_bit
0x0109       [0]    C1RSEL_bit
0x0109       [0]    MC1OUT_bit
0x0109       [0]    MC2OUT_bit
0x010C       [1]    EEDAT
0x010C       [1]    EEDATA
0x010D       [1]    EEADR
0x010E       [1]    EEDATH
0x010F       [1]    EEADRH
0x0185       [1]    SRCON
0x0185       [0]    C2REN_bit
0x0185       [0]    C1SEN_bit
0x0185       [0]    SR0_bit
0x0185       [0]    SR1_bit
0x0185       [0]    FVREN_bit
0x0185       [0]    PULSR_bit
0x0185       [0]    PULSS_bit
0x0187       [1]    BAUDCTL
0x0187       [0]    BRG16_bit
0x0187       [0]    WUE_bit
0x0187       [0]    ABDEN_bit
0x0187       [0]    ABDOVF_bit
0x0187       [0]    RCIDL_bit
0x0187       [0]    SCKP_bit
0x0188       [0]    ANS6_bit
0x0188       [0]    ANS7_bit
0x0188       [0]    ANS5_bit
0x0188       [0]    ANS2_bit
0x0188       [0]    ANS1_bit
0x0188       [0]    ANS0_bit
0x0188       [0]    ANS4_bit
0x0188       [0]    ANS3_bit
0x0188       [1]    ANSEL
0x0189       [0]    ANS8_bit
0x0189       [0]    ANS9_bit
0x0189       [0]    ANS11_bit
0x0189       [0]    ANS12_bit
0x0189       [0]    ANS10_bit
0x0189       [1]    ANSELH
0x0189       [0]    ANS13_bit
0x018C       [0]    WR_bit
0x018C       [0]    RD_bit
0x018C       [0]    WREN_bit
0x018C       [1]    EECON1
0x018C       [0]    EEPGD_bit
0x018C       [0]    WRERR_bit
0x018D       [1]    EECON2
//** Constants locations ** 
//ADDRESS    SIZE    CONSTANT
//----------------------------------------------
0x0418       [8]    _character
//** Label List: ** 
//----------------------------------------------
  L_CustomChar0
  L_CustomChar1
  L_CustomChar2
  L_main3
  L_main4
  L_main5
  L_main6
  _CustomChar
  _main
  L_ADC_Get_Sample0
  L_ADC_Get_Sample1
  L_ADC_Read2
  L_ADC_Read3
  _ADC_Init
  _ADC_Get_Sample
  _ADC_Read
  L_Delay_10us0
  L_Delay_22us1
  L_Delay_50us2
  L_Delay_80us3
  L_Delay_500us4
  L_Delay_5500us5
  L_Delay_1ms6
  L_Delay_5ms7
  L_Delay_8ms8
  L_Delay_100ms9
  L_Delay_1sec10
  L_boot16_Delay_5ms11
  L_Delay_Cyc12
  L_Delay_Cyc13
  L_VDelay_ms14
  L_VDelay_ms15
  L_VDelay_ms16
  L_VDelay_Advanced_ms17
  L_VDelay_Advanced_ms18
  L_VDelay_Advanced_ms19
  _Get_Fosc_kHz
  _Delay_1us
  _Delay_10us
  _Delay_22us
  _Delay_50us
  _Delay_80us
  _Delay_500us
  _Delay_5500us
  _Delay_1ms
  _Delay_5ms
  _Delay_8ms
  _Delay_100ms
  _Delay_1sec
  _boot16_Delay_5ms
  _Delay_Cyc
  _VDelay_ms
  L__VDelay_ms20
  L__VDelay_ms21
  L__VDelay_ms22
  _VDelay_Advanced_ms
  L__VDelay_Advanced_ms23
  L__VDelay_Advanced_ms24
  L__VDelay_Advanced_ms25
  L_Lcd_Cmd0
  L_Lcd_Cmd1
  L_Lcd_Out_CP2
  L_Lcd_Out_CP3
  L_Lcd_Chr4
  L_Lcd_Chr5
  L_Lcd_Chr6
  L_Lcd_Chr7
  L_Lcd_Chr8
  L_Lcd_Chr9
  L_Lcd_Chr10
  L_Lcd_Out11
  L_Lcd_Out12
  L_Lcd_Out13
  L_Lcd_Out14
  L_Lcd_Out15
  L_Lcd_Out16
  L_Lcd_Out17
  L_Lcd_Out18
  L_Lcd_Out19
  _Lcd_Cmd
  L__Lcd_Cmd20
  L__Lcd_Cmd21
  L__Lcd_Cmd22
  L__Lcd_Cmd23
  L__Lcd_Cmd24
  L__Lcd_Cmd25
  L__Lcd_Cmd26
  L__Lcd_Cmd27
  L__Lcd_Cmd28
  L__Lcd_Cmd29
  L__Lcd_Cmd30
  L__Lcd_Cmd31
  L__Lcd_Cmd32
  L__Lcd_Cmd33
  L__Lcd_Cmd34
  L__Lcd_Cmd35
  L__Lcd_Cmd36
  L__Lcd_Cmd37
  L__Lcd_Cmd38
  L__Lcd_Cmd39
  _Lcd_Chr_CP
  _Lcd_Out_CP
  _Lcd_Chr
  _Lcd_Init
  _Lcd_Out
  L_Div_16x16_S0
  L_Div_16x16_S1
  LOOPS3232A
  SADD22LA
  SOK22LA
  SADD22L8
  SOK22L8
  LOOPS3232B
  SADD22LB
  SOK22LB
  SADD22L16
  SOK22L16
  LOOPS3232C
  SADD22LC
  SOK22LC
  SADD22L24
  SOK22L24
  LOOPS3232D
  SADD22LD
  SOK22LD
  SOK22L
  L_Div_32x32_S6
  L_Div_32x32_S7
  L_Div_32x32_S8
  L_Div_32x32_S9
  FXD3232S
  END_ALL
  CA3232S
  C3232SX
  C3232SX1
  C3232S
  C3232S2
  C3232SX4
  C3232SOK
  C3232SX3
  C3232SX2
  avoid_comfrem
  LOOPU3232A
  UADD22LA
  UOK22LA
  UADD22L8
  UOK22L8
  LOOPU3232B
  UADD22LB
  UOK22LB
  UADD22L16
  UOK22L16
  LOOPU3232C
  UADD22LC
  UOK22LC
  UADD22L24
  UOK22L24
  LOOPU3232D
  UADD22LD
  UOK22LD
  UOK22L
  _NEXT
  _EXIT2
  _LOOP
  _EXIT1
  _IF_FIRST
  _IF_SECOND
  _INVERCE_FIRST
  _MULT
  _INBERSE_SECOND
  _EXIT
  _Mul_8x8_U
  _Mul_16x16_U
  _Div_8x8_U
  _Div_16x16_U
  _Mul_8x8_S
  _Mul_16x16_S
  _Div_16x16_S_L
  _Div_16x16_S
  _Div_8x8_S
  _SDIV3232L
  _COMFREM
  _Div_32x32_S
  _Div_32x32_U
  _Mul_32x32_U
  _Mul_32x32_S
  SETFOV32EEE
  SETFUN32EEE
  NORM3232
  JPNRES032
  JPNSETFUN32
  NORM3232A
  JMPNFIXSIGN32
  NORM32EEE
  NRMRND4032
  NRM4032
  JMPSETFOV32
  NORM4032
  JMPRES032
  JMPSETFUN32
  NORM4032A
  JMPFIXSIGN32
  NRM4032EEE
  USEA32
  JMPEEE
  ALIGNED32
  ALIGNB32
  ALOOPB32
  AOK32
  ACOMP32
  JMPNRMRND4032
  ADD_JMPSETFOV32
  JMPNRM4032
  JMPNRM32
  ADD32EEE
  FPM32
  JPMRES032
  M32BNE0
  MTUN32
  JPMSETFOV32
  MOK32
  JPMSETFUN32
  MLOOP32
  MNOADD32
  MADD32
  MROUND32
  MUL32OK
  MUL32EEE
  L_Div_32x32_FP7
  L_Div_32x32_FP8
  L_Div_32x32_FP9
  L_Div_32x32_FP10
  FPD32
  JPDSETFDZ32
  JPDRES032
  D32BNE0
  TALIGN32
  TS1ALIGN32
  TS2ALIGN32
  DALIGN32OK
  ALTB32
  AGEB32
  JPDSETFOV32
  DARGOK32
  JPDSETFUN32
  DLOOP32
  DS132
  DS232
  DREST32
  DOK32
  DAREST32
  DROUND32
  DIV32OK
  DIV32EEE
  SETIOV3224EEE
  INT3232U
  INT3232UEOK
  SETEXP32U
  SETIOV32U
  TSHIFT3232U
  SHIFT3232UOK
  SHIFT3232U
  INT3232UOK
  JPLSETIOV3224
  IRES032U
  INT3232UEER
  INT3232UEEE
  L_Double2Longword_0
  INT3232
  INT3232EOK
  SETIOV32
  TSHIFT3232
  SHIFT3232OK
  SHIFT3232
  INT3232OK
  JPISETIOV3224
  IRES032
  INT3232EER
  INT3232EEE
  L_Double2Longint_0
  INT3216
  IRES016
  SETIOV16
  TSHIFT3216
  SHIFT3216OK
  SHIFT3216
  INT3216OK
  JPJSETIOV3224
  INT3216EOK
  INT3216EER
  INT3216EEE
  L_Double2Int_0
  INT3216U
  IRES016U
  SETEXP16U
  SETIOV16U
  TSHIFT3216U
  SHIFT3216UOK
  SHIFT3216U
  INT3216UOK
  JPKSETIOV3224
  INT3216UEOK
  INT3216UEER
  INT3216UEEE
  L_Double2Word_0
  INT32U08
  IRES008
  SETEXP08
  SETIOV08
  TSHIFT3208
  SHIFT3208OK
  SHIFT3208
  INT3208OK
  D2B_JPKSETIOV3224
  INT3208EOK
  INT3208EER
  INT3208EEE
  L_Double2Byte_0
  FLO08U32
  FLO1632
  FLO1632EEE
  FLO16U32
  FLO3232
  FLO3232EEE
  FLO32U32
  EQU_FALSE
  COMPARE_EQU
  COMPARE_NOTZERO
  COMPARE_XNOTZERO
  COMPARE_YNOTZERO
  COMPARE_LT
  COMPARE_GT
  COMPARE_TESTALL
  COMPARE_C1
  GT_FALSE
  GT_TRUE
  COMPARE_C2
  COMPARE_C3
  _SETFOV32
  _SETFDZ32
  _FIXSIGN32
  _RES032
  _SETFUN32
  _NRM3232
  _NRM4032
  _Add_32x32_FP
  _Sub_32x32_FP
  _Mul_32x32_FP
  _Div_32x32_FP
  _SETIOV3224
  _Double2Longword
  _Double2Longint
  _Double2Int
  _Double2Word
  _Double2Byte
  _Byte2Double
  _Int2Double
  _Word2Double
  _Longint2Double
  _Longword2Double
  _Equals_Double
  _Compare_Double
  _CC2D_Loop1
  _____DoICP
  _____DoIFC
  ___CC2DW
  _Swap
